[100%] Built target serial
-- Install configuration: ""
-- Installing: /home/shakuevda/Desktop/SAUVC/sauvc_hyadroacoustic/src/install/serial/lib/libserial.a
-- Installing: /home/shakuevda/Desktop/SAUVC/sauvc_hyadroacoustic/src/install/serial/share/serial/environment/library_path.sh
-- Installing: /home/shakuevda/Desktop/SAUVC/sauvc_hyadroacoustic/src/install/serial/share/serial/environment/library_path.dsv
-- Installing: /home/shakuevda/Desktop/SAUVC/sauvc_hyadroacoustic/src/install/serial/include/serial
-- Installing: /home/shakuevda/Desktop/SAUVC/sauvc_hyadroacoustic/src/install/serial/include/serial/serial.h
-- Installing: /home/shakuevda/Desktop/SAUVC/sauvc_hyadroacoustic/src/install/serial/include/serial/impl
-- Installing: /home/shakuevda/Desktop/SAUVC/sauvc_hyadroacoustic/src/install/serial/include/serial/impl/unix.h
-- Installing: /home/shakuevda/Desktop/SAUVC/sauvc_hyadroacoustic/src/install/serial/include/serial/impl/win.h
-- Installing: /home/shakuevda/Desktop/SAUVC/sauvc_hyadroacoustic/src/install/serial/include/serial/v8stdint.h
-- Installing: /home/shakuevda/Desktop/SAUVC/sauvc_hyadroacoustic/src/install/serial/share/ament_index/resource_index/package_run_dependencies/serial
-- Installing: /home/shakuevda/Desktop/SAUVC/sauvc_hyadroacoustic/src/install/serial/share/ament_index/resource_index/parent_prefix_path/serial
-- Installing: /home/shakuevda/Desktop/SAUVC/sauvc_hyadroacoustic/src/install/serial/share/serial/environment/ament_prefix_path.sh
-- Installing: /home/shakuevda/Desktop/SAUVC/sauvc_hyadroacoustic/src/install/serial/share/serial/environment/ament_prefix_path.dsv
-- Installing: /home/shakuevda/Desktop/SAUVC/sauvc_hyadroacoustic/src/install/serial/share/serial/environment/path.sh
-- Installing: /home/shakuevda/Desktop/SAUVC/sauvc_hyadroacoustic/src/install/serial/share/serial/environment/path.dsv
-- Installing: /home/shakuevda/Desktop/SAUVC/sauvc_hyadroacoustic/src/install/serial/share/serial/local_setup.bash
-- Installing: /home/shakuevda/Desktop/SAUVC/sauvc_hyadroacoustic/src/install/serial/share/serial/local_setup.sh
-- Installing: /home/shakuevda/Desktop/SAUVC/sauvc_hyadroacoustic/src/install/serial/share/serial/local_setup.zsh
-- Installing: /home/shakuevda/Desktop/SAUVC/sauvc_hyadroacoustic/src/install/serial/share/serial/local_setup.dsv
-- Installing: /home/shakuevda/Desktop/SAUVC/sauvc_hyadroacoustic/src/install/serial/share/serial/package.dsv
-- Installing: /home/shakuevda/Desktop/SAUVC/sauvc_hyadroacoustic/src/install/serial/share/ament_index/resource_index/packages/serial
-- Installing: /home/shakuevda/Desktop/SAUVC/sauvc_hyadroacoustic/src/install/serial/share/serial/cmake/ament_cmake_export_include_directories-extras.cmake
-- Installing: /home/shakuevda/Desktop/SAUVC/sauvc_hyadroacoustic/src/install/serial/share/serial/cmake/ament_cmake_export_libraries-extras.cmake
-- Installing: /home/shakuevda/Desktop/SAUVC/sauvc_hyadroacoustic/src/install/serial/share/serial/cmake/ament_cmake_export_dependencies-extras.cmake
-- Installing: /home/shakuevda/Desktop/SAUVC/sauvc_hyadroacoustic/src/install/serial/share/serial/cmake/serialConfig.cmake
-- Installing: /home/shakuevda/Desktop/SAUVC/sauvc_hyadroacoustic/src/install/serial/share/serial/cmake/serialConfig-version.cmake
-- Installing: /home/shakuevda/Desktop/SAUVC/sauvc_hyadroacoustic/src/install/serial/share/serial/package.xml
