[0.817s] Invoking command in '/home/shakuevda/Desktop/SAUVC/sauvc_hyadroacoustic/src/build/stingray_core_interfaces': CMAKE_PREFIX_PATH=/opt/ros/iron /usr/bin/cmake /home/shakuevda/Desktop/SAUVC/sauvc_hyadroacoustic/src/stingray/src/stingray_core/src/stingray_core_interfaces -DCMAKE_INSTALL_PREFIX=/home/shakuevda/Desktop/SAUVC/sauvc_hyadroacoustic/src/install/stingray_core_interfaces
[2.531s] -- Found ament_cmake: 2.0.4 (/opt/ros/iron/share/ament_cmake/cmake)
[2.532s] -- Found Python3: /usr/bin/python3.10 (found version "3.10.12") found components: Interpreter 
[2.532s] -- Found rclcpp: 21.0.5 (/opt/ros/iron/share/rclcpp/cmake)
[2.533s] -- Found rosidl_generator_c: 4.0.1 (/opt/ros/iron/share/rosidl_generator_c/cmake)
[2.535s] -- Found rosidl_generator_cpp: 4.0.1 (/opt/ros/iron/share/rosidl_generator_cpp/cmake)
[2.535s] -- Using all available rosidl_typesupport_c: rosidl_typesupport_fastrtps_c;rosidl_typesupport_introspection_c
[2.536s] -- Using all available rosidl_typesupport_cpp: rosidl_typesupport_fastrtps_cpp;rosidl_typesupport_introspection_cpp
[2.537s] -- Found rmw_implementation_cmake: 7.1.0 (/opt/ros/iron/share/rmw_implementation_cmake/cmake)
[2.538s] -- Found rmw_fastrtps_cpp: 7.1.3 (/opt/ros/iron/share/rmw_fastrtps_cpp/cmake)
[2.539s] -- Found OpenSSL: /usr/lib/x86_64-linux-gnu/libcrypto.so (found version "3.0.2")  
[2.539s] -- Found FastRTPS: /opt/ros/iron/include  
[2.539s] -- Using RMW implementation 'rmw_fastrtps_cpp' as default
[2.539s] -- Found geometry_msgs: 5.0.0 (/opt/ros/iron/share/geometry_msgs/cmake)
[2.665s] -- Found rosidl_default_generators: 1.5.0 (/opt/ros/iron/share/rosidl_default_generators/cmake)
[2.691s] -- Found rosidl_adapter: 4.0.1 (/opt/ros/iron/share/rosidl_adapter/cmake)
[3.522s] -- Found ament_cmake_ros: 0.11.2 (/opt/ros/iron/share/ament_cmake_ros/cmake)
[4.391s] -- Using all available rosidl_typesupport_c: rosidl_typesupport_fastrtps_c;rosidl_typesupport_introspection_c
[4.664s] -- Using all available rosidl_typesupport_cpp: rosidl_typesupport_fastrtps_cpp;rosidl_typesupport_introspection_cpp
[4.698s] -- Found PythonInterp: /usr/bin/python3 (found suitable version "3.10.12", minimum required is "3.6") 
[4.699s] -- Found python_cmake_module: 0.10.2 (/opt/ros/iron/share/python_cmake_module/cmake)
[4.737s] -- Found PythonLibs: /usr/lib/x86_64-linux-gnu/libpython3.10.so (found suitable version "3.10.12", minimum required is "3.5") 
[4.737s] -- Using PYTHON_EXECUTABLE: /usr/bin/python3
[4.737s] -- Using PYTHON_INCLUDE_DIRS: /usr/include/python3.10
[4.737s] -- Using PYTHON_LIBRARIES: /usr/lib/x86_64-linux-gnu/libpython3.10.so
[4.773s] -- Found PythonExtra: .so  
[4.868s] -- Found ament_lint_auto: 0.14.3 (/opt/ros/iron/share/ament_lint_auto/cmake)
[4.891s] -- Added test 'lint_cmake' to check CMake code style
[4.893s] -- Added test 'xmllint' to check XML markup files
[4.896s] -- Configuring done
[4.970s] -- Generating done
[4.974s] -- Build files have been written to: /home/shakuevda/Desktop/SAUVC/sauvc_hyadroacoustic/src/build/stingray_core_interfaces
