[  1%] Built target stingray_interfaces__rosidl_generator_type_description
[  1%] Built target ament_cmake_python_copy_stingray_interfaces
[  2%] [34m[1mGenerating C code for ROS interfaces[0m
[  3%] [34m[1mGenerating C++ code for ROS interfaces[0m
running egg_info
writing stingray_interfaces.egg-info/PKG-INFO
writing dependency_links to stingray_interfaces.egg-info/dependency_links.txt
writing top-level names to stingray_interfaces.egg-info/top_level.txt
reading manifest file 'stingray_interfaces.egg-info/SOURCES.txt'
writing manifest file 'stingray_interfaces.egg-info/SOURCES.txt'
[  3%] Built target ament_cmake_python_build_stingray_interfaces_egg
[  3%] Built target stingray_interfaces__cpp
[  4%] [32mBuilding C object CMakeFiles/stingray_interfaces__rosidl_generator_c.dir/rosidl_generator_c/stingray_interfaces/srv/detail/set_transition__description.c.o[0m
[  5%] [32mBuilding C object CMakeFiles/stingray_interfaces__rosidl_generator_c.dir/rosidl_generator_c/stingray_interfaces/srv/detail/set_transition__functions.c.o[0m
[  7%] [32mBuilding C object CMakeFiles/stingray_interfaces__rosidl_generator_c.dir/rosidl_generator_c/stingray_interfaces/action/detail/twist_action__description.c.o[0m
[  8%] [32mBuilding C object CMakeFiles/stingray_interfaces__rosidl_generator_c.dir/rosidl_generator_c/stingray_interfaces/srv/detail/set_transition__type_support.c.o[0m
[ 10%] [32mBuilding C object CMakeFiles/stingray_interfaces__rosidl_generator_c.dir/rosidl_generator_c/stingray_interfaces/action/detail/twist_action__type_support.c.o[0m
[ 10%] [32mBuilding C object CMakeFiles/stingray_interfaces__rosidl_generator_c.dir/rosidl_generator_c/stingray_interfaces/action/detail/twist_action__functions.c.o[0m
[ 11%] [32mBuilding C object CMakeFiles/stingray_interfaces__rosidl_generator_c.dir/rosidl_generator_c/stingray_interfaces/action/detail/device_action__description.c.o[0m
[ 13%] [32mBuilding C object CMakeFiles/stingray_interfaces__rosidl_generator_c.dir/rosidl_generator_c/stingray_interfaces/action/detail/device_action__functions.c.o[0m
[ 14%] [32mBuilding C object CMakeFiles/stingray_interfaces__rosidl_generator_c.dir/rosidl_generator_c/stingray_interfaces/action/detail/device_action__type_support.c.o[0m
[ 15%] [32mBuilding C object CMakeFiles/stingray_interfaces__rosidl_generator_c.dir/rosidl_generator_c/stingray_interfaces/msg/detail/bbox__functions.c.o[0m
[ 16%] [32mBuilding C object CMakeFiles/stingray_interfaces__rosidl_generator_c.dir/rosidl_generator_c/stingray_interfaces/msg/detail/bbox__description.c.o[0m
[ 17%] [32mBuilding C object CMakeFiles/stingray_interfaces__rosidl_generator_c.dir/rosidl_generator_c/stingray_interfaces/msg/detail/bbox__type_support.c.o[0m
[ 19%] [32mBuilding C object CMakeFiles/stingray_interfaces__rosidl_generator_c.dir/rosidl_generator_c/stingray_interfaces/msg/detail/bbox_array__description.c.o[0m
[ 20%] [32mBuilding C object CMakeFiles/stingray_interfaces__rosidl_generator_c.dir/rosidl_generator_c/stingray_interfaces/msg/detail/bbox_array__functions.c.o[0m
[ 21%] [32mBuilding C object CMakeFiles/stingray_interfaces__rosidl_generator_c.dir/rosidl_generator_c/stingray_interfaces/msg/detail/bbox_array__type_support.c.o[0m
[ 22%] [32mBuilding C object CMakeFiles/stingray_interfaces__rosidl_generator_c.dir/rosidl_generator_c/stingray_interfaces/srv/detail/set_enable_object_detection__functions.c.o[0m
[ 25%] [32mBuilding C object CMakeFiles/stingray_interfaces__rosidl_generator_c.dir/rosidl_generator_c/stingray_interfaces/srv/detail/set_enable_object_detection__type_support.c.o[0m
[ 25%] [32mBuilding C object CMakeFiles/stingray_interfaces__rosidl_generator_c.dir/rosidl_generator_c/stingray_interfaces/srv/detail/set_enable_object_detection__description.c.o[0m
[ 26%] [32m[1mLinking C shared library libstingray_interfaces__rosidl_generator_c.so[0m
[ 26%] Built target stingray_interfaces__rosidl_generator_c
[ 27%] [34m[1mGenerating C++ type support dispatch for ROS interfaces[0m
[ 28%] [34m[1mGenerating C introspection for ROS interfaces[0m
[ 30%] [34m[1mGenerating C++ introspection for ROS interfaces[0m
[ 30%] [34m[1mGenerating C type support for eProsima Fast-RTPS[0m
[ 32%] [34m[1mGenerating C type support dispatch for ROS interfaces[0m
[ 33%] [34m[1mGenerating C++ type support for eProsima Fast-RTPS[0m
[ 35%] [32mBuilding CXX object CMakeFiles/stingray_interfaces__rosidl_typesupport_cpp.dir/rosidl_typesupport_cpp/stingray_interfaces/action/device_action__type_support.cpp.o[0m
[ 35%] [32mBuilding CXX object CMakeFiles/stingray_interfaces__rosidl_typesupport_cpp.dir/rosidl_typesupport_cpp/stingray_interfaces/srv/set_transition__type_support.cpp.o[0m
[ 38%] [32mBuilding CXX object CMakeFiles/stingray_interfaces__rosidl_typesupport_cpp.dir/rosidl_typesupport_cpp/stingray_interfaces/msg/bbox__type_support.cpp.o[0m
[ 38%] [32mBuilding CXX object CMakeFiles/stingray_interfaces__rosidl_typesupport_cpp.dir/rosidl_typesupport_cpp/stingray_interfaces/srv/set_enable_object_detection__type_support.cpp.o[0m
[ 39%] [32mBuilding CXX object CMakeFiles/stingray_interfaces__rosidl_typesupport_cpp.dir/rosidl_typesupport_cpp/stingray_interfaces/msg/bbox_array__type_support.cpp.o[0m
[ 40%] [32mBuilding CXX object CMakeFiles/stingray_interfaces__rosidl_typesupport_cpp.dir/rosidl_typesupport_cpp/stingray_interfaces/action/twist_action__type_support.cpp.o[0m
[ 41%] [32mBuilding CXX object CMakeFiles/stingray_interfaces__rosidl_typesupport_c.dir/rosidl_typesupport_c/stingray_interfaces/srv/set_transition__type_support.cpp.o[0m
[ 42%] [32mBuilding CXX object CMakeFiles/stingray_interfaces__rosidl_typesupport_c.dir/rosidl_typesupport_c/stingray_interfaces/action/device_action__type_support.cpp.o[0m
[ 44%] [32mBuilding CXX object CMakeFiles/stingray_interfaces__rosidl_typesupport_c.dir/rosidl_typesupport_c/stingray_interfaces/action/twist_action__type_support.cpp.o[0m
[ 45%] [32mBuilding CXX object CMakeFiles/stingray_interfaces__rosidl_typesupport_c.dir/rosidl_typesupport_c/stingray_interfaces/msg/bbox_array__type_support.cpp.o[0m
[ 46%] [32mBuilding CXX object CMakeFiles/stingray_interfaces__rosidl_typesupport_c.dir/rosidl_typesupport_c/stingray_interfaces/msg/bbox__type_support.cpp.o[0m
[ 47%] [32mBuilding CXX object CMakeFiles/stingray_interfaces__rosidl_typesupport_c.dir/rosidl_typesupport_c/stingray_interfaces/srv/set_enable_object_detection__type_support.cpp.o[0m
[ 48%] [32m[1mLinking CXX shared library libstingray_interfaces__rosidl_typesupport_c.so[0m
[ 50%] [32mBuilding C object CMakeFiles/stingray_interfaces__rosidl_typesupport_introspection_c.dir/rosidl_typesupport_introspection_c/stingray_interfaces/srv/detail/set_transition__type_support.c.o[0m
[ 51%] [32mBuilding C object CMakeFiles/stingray_interfaces__rosidl_typesupport_introspection_c.dir/rosidl_typesupport_introspection_c/stingray_interfaces/msg/detail/bbox_array__type_support.c.o[0m
[ 52%] [32mBuilding C object CMakeFiles/stingray_interfaces__rosidl_typesupport_introspection_c.dir/rosidl_typesupport_introspection_c/stingray_interfaces/srv/detail/set_enable_object_detection__type_support.c.o[0m
[ 53%] [32mBuilding C object CMakeFiles/stingray_interfaces__rosidl_typesupport_introspection_c.dir/rosidl_typesupport_introspection_c/stingray_interfaces/msg/detail/bbox__type_support.c.o[0m
[ 54%] [32mBuilding C object CMakeFiles/stingray_interfaces__rosidl_typesupport_introspection_c.dir/rosidl_typesupport_introspection_c/stingray_interfaces/action/detail/twist_action__type_support.c.o[0m
[ 55%] [32mBuilding C object CMakeFiles/stingray_interfaces__rosidl_typesupport_introspection_c.dir/rosidl_typesupport_introspection_c/stingray_interfaces/action/detail/device_action__type_support.c.o[0m
[ 55%] Built target stingray_interfaces__rosidl_typesupport_c
[ 57%] [32m[1mLinking C shared library libstingray_interfaces__rosidl_typesupport_introspection_c.so[0m
[ 59%] [32mBuilding CXX object CMakeFiles/stingray_interfaces__rosidl_typesupport_introspection_cpp.dir/rosidl_typesupport_introspection_cpp/stingray_interfaces/action/detail/device_action__type_support.cpp.o[0m
[ 60%] [32mBuilding CXX object CMakeFiles/stingray_interfaces__rosidl_typesupport_introspection_cpp.dir/rosidl_typesupport_introspection_cpp/stingray_interfaces/msg/detail/bbox_array__type_support.cpp.o[0m
[ 61%] [32mBuilding CXX object CMakeFiles/stingray_interfaces__rosidl_typesupport_introspection_cpp.dir/rosidl_typesupport_introspection_cpp/stingray_interfaces/action/detail/twist_action__type_support.cpp.o[0m
[ 61%] [32mBuilding CXX object CMakeFiles/stingray_interfaces__rosidl_typesupport_introspection_cpp.dir/rosidl_typesupport_introspection_cpp/stingray_interfaces/msg/detail/bbox__type_support.cpp.o[0m
[ 63%] [32mBuilding CXX object CMakeFiles/stingray_interfaces__rosidl_typesupport_introspection_cpp.dir/rosidl_typesupport_introspection_cpp/stingray_interfaces/srv/detail/set_transition__type_support.cpp.o[0m
[ 64%] [32mBuilding CXX object CMakeFiles/stingray_interfaces__rosidl_typesupport_introspection_cpp.dir/rosidl_typesupport_introspection_cpp/stingray_interfaces/srv/detail/set_enable_object_detection__type_support.cpp.o[0m
[ 64%] Built target stingray_interfaces__rosidl_typesupport_introspection_c
[ 65%] [32mBuilding CXX object CMakeFiles/stingray_interfaces__rosidl_typesupport_fastrtps_cpp.dir/rosidl_typesupport_fastrtps_cpp/stingray_interfaces/action/detail/dds_fastrtps/device_action__type_support.cpp.o[0m
[ 66%] [32mBuilding CXX object CMakeFiles/stingray_interfaces__rosidl_typesupport_fastrtps_cpp.dir/rosidl_typesupport_fastrtps_cpp/stingray_interfaces/action/detail/dds_fastrtps/twist_action__type_support.cpp.o[0m
[ 67%] [32mBuilding CXX object CMakeFiles/stingray_interfaces__rosidl_typesupport_fastrtps_cpp.dir/rosidl_typesupport_fastrtps_cpp/stingray_interfaces/srv/detail/dds_fastrtps/set_transition__type_support.cpp.o[0m
[ 69%] [32mBuilding CXX object CMakeFiles/stingray_interfaces__rosidl_typesupport_fastrtps_cpp.dir/rosidl_typesupport_fastrtps_cpp/stingray_interfaces/msg/detail/dds_fastrtps/bbox__type_support.cpp.o[0m
[ 70%] [32mBuilding CXX object CMakeFiles/stingray_interfaces__rosidl_typesupport_fastrtps_cpp.dir/rosidl_typesupport_fastrtps_cpp/stingray_interfaces/msg/detail/dds_fastrtps/bbox_array__type_support.cpp.o[0m
[ 71%] [32mBuilding CXX object CMakeFiles/stingray_interfaces__rosidl_typesupport_fastrtps_cpp.dir/rosidl_typesupport_fastrtps_cpp/stingray_interfaces/srv/detail/dds_fastrtps/set_enable_object_detection__type_support.cpp.o[0m
[ 72%] [32mBuilding CXX object CMakeFiles/stingray_interfaces__rosidl_typesupport_fastrtps_c.dir/rosidl_typesupport_fastrtps_c/stingray_interfaces/action/detail/twist_action__type_support_c.cpp.o[0m
[ 73%] [32mBuilding CXX object CMakeFiles/stingray_interfaces__rosidl_typesupport_fastrtps_c.dir/rosidl_typesupport_fastrtps_c/stingray_interfaces/srv/detail/set_transition__type_support_c.cpp.o[0m
[ 75%] [32mBuilding CXX object CMakeFiles/stingray_interfaces__rosidl_typesupport_fastrtps_c.dir/rosidl_typesupport_fastrtps_c/stingray_interfaces/action/detail/device_action__type_support_c.cpp.o[0m
[ 76%] [32mBuilding CXX object CMakeFiles/stingray_interfaces__rosidl_typesupport_fastrtps_c.dir/rosidl_typesupport_fastrtps_c/stingray_interfaces/msg/detail/bbox__type_support_c.cpp.o[0m
[ 77%] [32mBuilding CXX object CMakeFiles/stingray_interfaces__rosidl_typesupport_fastrtps_c.dir/rosidl_typesupport_fastrtps_c/stingray_interfaces/msg/detail/bbox_array__type_support_c.cpp.o[0m
[ 78%] [32mBuilding CXX object CMakeFiles/stingray_interfaces__rosidl_typesupport_fastrtps_c.dir/rosidl_typesupport_fastrtps_c/stingray_interfaces/srv/detail/set_enable_object_detection__type_support_c.cpp.o[0m
[ 79%] [32m[1mLinking CXX shared library libstingray_interfaces__rosidl_typesupport_cpp.so[0m
[ 79%] Built target stingray_interfaces__rosidl_typesupport_cpp
[ 80%] [32m[1mLinking CXX shared library libstingray_interfaces__rosidl_typesupport_fastrtps_c.so[0m
[ 80%] Built target stingray_interfaces__rosidl_typesupport_fastrtps_c
[ 82%] [32m[1mLinking CXX shared library libstingray_interfaces__rosidl_typesupport_introspection_cpp.so[0m
[ 83%] [32m[1mLinking CXX shared library libstingray_interfaces__rosidl_typesupport_fastrtps_cpp.so[0m
[ 83%] Built target stingray_interfaces__rosidl_typesupport_introspection_cpp
[ 83%] Built target stingray_interfaces__rosidl_typesupport_fastrtps_cpp
[ 83%] Built target stingray_interfaces
[ 84%] [34m[1mGenerating Python code for ROS interfaces[0m
[ 84%] Built target stingray_interfaces__py
[ 85%] [32mBuilding C object CMakeFiles/stingray_interfaces__rosidl_generator_py.dir/rosidl_generator_py/stingray_interfaces/srv/_set_transition_s.c.o[0m
[ 86%] [32mBuilding C object CMakeFiles/stingray_interfaces__rosidl_generator_py.dir/rosidl_generator_py/stingray_interfaces/action/_twist_action_s.c.o[0m
[ 88%] [32mBuilding C object CMakeFiles/stingray_interfaces__rosidl_generator_py.dir/rosidl_generator_py/stingray_interfaces/msg/_bbox_s.c.o[0m
[ 89%] [32mBuilding C object CMakeFiles/stingray_interfaces__rosidl_generator_py.dir/rosidl_generator_py/stingray_interfaces/action/_device_action_s.c.o[0m
[ 91%] [32mBuilding C object CMakeFiles/stingray_interfaces__rosidl_generator_py.dir/rosidl_generator_py/stingray_interfaces/msg/_bbox_array_s.c.o[0m
[ 91%] [32mBuilding C object CMakeFiles/stingray_interfaces__rosidl_generator_py.dir/rosidl_generator_py/stingray_interfaces/srv/_set_enable_object_detection_s.c.o[0m
[ 92%] [32m[1mLinking C shared library rosidl_generator_py/stingray_interfaces/libstingray_interfaces__rosidl_generator_py.so[0m
[ 92%] Built target stingray_interfaces__rosidl_generator_py
[ 94%] [32mBuilding C object CMakeFiles/stingray_interfaces__rosidl_typesupport_fastrtps_c__pyext.dir/rosidl_generator_py/stingray_interfaces/_stingray_interfaces_s.ep.rosidl_typesupport_fastrtps_c.c.o[0m
[ 95%] [32mBuilding C object CMakeFiles/stingray_interfaces__rosidl_typesupport_c__pyext.dir/rosidl_generator_py/stingray_interfaces/_stingray_interfaces_s.ep.rosidl_typesupport_c.c.o[0m
[ 96%] [32mBuilding C object CMakeFiles/stingray_interfaces__rosidl_typesupport_introspection_c__pyext.dir/rosidl_generator_py/stingray_interfaces/_stingray_interfaces_s.ep.rosidl_typesupport_introspection_c.c.o[0m
[ 97%] [32m[1mLinking C shared library rosidl_generator_py/stingray_interfaces/stingray_interfaces_s__rosidl_typesupport_introspection_c.cpython-310-x86_64-linux-gnu.so[0m
[ 98%] [32m[1mLinking C shared library rosidl_generator_py/stingray_interfaces/stingray_interfaces_s__rosidl_typesupport_c.cpython-310-x86_64-linux-gnu.so[0m
[100%] [32m[1mLinking C shared library rosidl_generator_py/stingray_interfaces/stingray_interfaces_s__rosidl_typesupport_fastrtps_c.cpython-310-x86_64-linux-gnu.so[0m
[100%] Built target stingray_interfaces__rosidl_typesupport_introspection_c__pyext
[100%] Built target stingray_interfaces__rosidl_typesupport_c__pyext
[100%] Built target stingray_interfaces__rosidl_typesupport_fastrtps_c__pyext
