[  1%] Built target stingray_core_interfaces__rosidl_generator_type_description
[  1%] Built target ament_cmake_python_copy_stingray_core_interfaces
[  2%] Built target stingray_core_interfaces__cpp
[ 26%] Built target stingray_core_interfaces__rosidl_generator_c
[ 40%] Built target stingray_core_interfaces__rosidl_typesupport_introspection_c
[ 45%] Built target stingray_core_interfaces__rosidl_typesupport_c
[ 64%] Built target stingray_core_interfaces__rosidl_typesupport_introspection_cpp
[ 64%] Built target stingray_core_interfaces__rosidl_typesupport_cpp
[ 73%] Built target stingray_core_interfaces__rosidl_typesupport_fastrtps_cpp
[ 83%] Built target stingray_core_interfaces__rosidl_typesupport_fastrtps_c
[ 83%] Built target stingray_core_interfaces
[ 84%] Built target stingray_core_interfaces__py
[ 92%] Built target stingray_core_interfaces__rosidl_generator_py
[ 95%] Built target stingray_core_interfaces__rosidl_typesupport_fastrtps_c__pyext
[100%] Built target stingray_core_interfaces__rosidl_typesupport_introspection_c__pyext
[100%] Built target stingray_core_interfaces__rosidl_typesupport_c__pyext
running egg_info
writing stingray_core_interfaces.egg-info/PKG-INFO
writing dependency_links to stingray_core_interfaces.egg-info/dependency_links.txt
writing top-level names to stingray_core_interfaces.egg-info/top_level.txt
reading manifest file 'stingray_core_interfaces.egg-info/SOURCES.txt'
writing manifest file 'stingray_core_interfaces.egg-info/SOURCES.txt'
[100%] Built target ament_cmake_python_build_stingray_core_interfaces_egg
-- Install configuration: ""
-- Up-to-date: /home/shakuevda/Desktop/SAUVC/sauvc_hyadroacoustic/src/install/stingray_core_interfaces/share/ament_index/resource_index/rosidl_interfaces/stingray_core_interfaces
-- Up-to-date: /home/shakuevda/Desktop/SAUVC/sauvc_hyadroacoustic/src/install/stingray_core_interfaces/share/stingray_core_interfaces/msg/UVState.json
-- Up-to-date: /home/shakuevda/Desktop/SAUVC/sauvc_hyadroacoustic/src/install/stingray_core_interfaces/share/stingray_core_interfaces/msg/DeviceState.json
-- Up-to-date: /home/shakuevda/Desktop/SAUVC/sauvc_hyadroacoustic/src/install/stingray_core_interfaces/share/stingray_core_interfaces/msg/DeviceStateArray.json
-- Up-to-date: /home/shakuevda/Desktop/SAUVC/sauvc_hyadroacoustic/src/install/stingray_core_interfaces/share/stingray_core_interfaces/srv/SetDevice.json
-- Up-to-date: /home/shakuevda/Desktop/SAUVC/sauvc_hyadroacoustic/src/install/stingray_core_interfaces/share/stingray_core_interfaces/srv/SetTwist.json
-- Up-to-date: /home/shakuevda/Desktop/SAUVC/sauvc_hyadroacoustic/src/install/stingray_core_interfaces/share/stingray_core_interfaces/srv/SetStabilization.json
-- Up-to-date: /home/shakuevda/Desktop/SAUVC/sauvc_hyadroacoustic/src/install/stingray_core_interfaces/include/stingray_core_interfaces/stingray_core_interfaces
-- Up-to-date: /home/shakuevda/Desktop/SAUVC/sauvc_hyadroacoustic/src/install/stingray_core_interfaces/include/stingray_core_interfaces/stingray_core_interfaces/msg
-- Up-to-date: /home/shakuevda/Desktop/SAUVC/sauvc_hyadroacoustic/src/install/stingray_core_interfaces/include/stingray_core_interfaces/stingray_core_interfaces/msg/device_state_array.h
-- Up-to-date: /home/shakuevda/Desktop/SAUVC/sauvc_hyadroacoustic/src/install/stingray_core_interfaces/include/stingray_core_interfaces/stingray_core_interfaces/msg/rosidl_generator_c__visibility_control.h
-- Up-to-date: /home/shakuevda/Desktop/SAUVC/sauvc_hyadroacoustic/src/install/stingray_core_interfaces/include/stingray_core_interfaces/stingray_core_interfaces/msg/uv_state.h
-- Up-to-date: /home/shakuevda/Desktop/SAUVC/sauvc_hyadroacoustic/src/install/stingray_core_interfaces/include/stingray_core_interfaces/stingray_core_interfaces/msg/detail
-- Up-to-date: /home/shakuevda/Desktop/SAUVC/sauvc_hyadroacoustic/src/install/stingray_core_interfaces/include/stingray_core_interfaces/stingray_core_interfaces/msg/detail/device_state_array__struct.h
-- Up-to-date: /home/shakuevda/Desktop/SAUVC/sauvc_hyadroacoustic/src/install/stingray_core_interfaces/include/stingray_core_interfaces/stingray_core_interfaces/msg/detail/device_state_array__type_support.h
-- Up-to-date: /home/shakuevda/Desktop/SAUVC/sauvc_hyadroacoustic/src/install/stingray_core_interfaces/include/stingray_core_interfaces/stingray_core_interfaces/msg/detail/device_state__description.c
-- Installing: /home/shakuevda/Desktop/SAUVC/sauvc_hyadroacoustic/src/install/stingray_core_interfaces/include/stingray_core_interfaces/stingray_core_interfaces/msg/detail/uv_state__type_support.c
-- Up-to-date: /home/shakuevda/Desktop/SAUVC/sauvc_hyadroacoustic/src/install/stingray_core_interfaces/include/stingray_core_interfaces/stingray_core_interfaces/msg/detail/uv_state__struct.h
-- Up-to-date: /home/shakuevda/Desktop/SAUVC/sauvc_hyadroacoustic/src/install/stingray_core_interfaces/include/stingray_core_interfaces/stingray_core_interfaces/msg/detail/device_state_array__functions.c
-- Up-to-date: /home/shakuevda/Desktop/SAUVC/sauvc_hyadroacoustic/src/install/stingray_core_interfaces/include/stingray_core_interfaces/stingray_core_interfaces/msg/detail/device_state__functions.c
-- Up-to-date: /home/shakuevda/Desktop/SAUVC/sauvc_hyadroacoustic/src/install/stingray_core_interfaces/include/stingray_core_interfaces/stingray_core_interfaces/msg/detail/device_state_array__functions.h
-- Up-to-date: /home/shakuevda/Desktop/SAUVC/sauvc_hyadroacoustic/src/install/stingray_core_interfaces/include/stingray_core_interfaces/stingray_core_interfaces/msg/detail/device_state_array__description.c
-- Up-to-date: /home/shakuevda/Desktop/SAUVC/sauvc_hyadroacoustic/src/install/stingray_core_interfaces/include/stingray_core_interfaces/stingray_core_interfaces/msg/detail/uv_state__functions.h
-- Up-to-date: /home/shakuevda/Desktop/SAUVC/sauvc_hyadroacoustic/src/install/stingray_core_interfaces/include/stingray_core_interfaces/stingray_core_interfaces/msg/detail/device_state__functions.h
-- Installing: /home/shakuevda/Desktop/SAUVC/sauvc_hyadroacoustic/src/install/stingray_core_interfaces/include/stingray_core_interfaces/stingray_core_interfaces/msg/detail/device_state__type_support.c
-- Up-to-date: /home/shakuevda/Desktop/SAUVC/sauvc_hyadroacoustic/src/install/stingray_core_interfaces/include/stingray_core_interfaces/stingray_core_interfaces/msg/detail/uv_state__functions.c
-- Up-to-date: /home/shakuevda/Desktop/SAUVC/sauvc_hyadroacoustic/src/install/stingray_core_interfaces/include/stingray_core_interfaces/stingray_core_interfaces/msg/detail/uv_state__description.c
-- Up-to-date: /home/shakuevda/Desktop/SAUVC/sauvc_hyadroacoustic/src/install/stingray_core_interfaces/include/stingray_core_interfaces/stingray_core_interfaces/msg/detail/device_state__struct.h
-- Installing: /home/shakuevda/Desktop/SAUVC/sauvc_hyadroacoustic/src/install/stingray_core_interfaces/include/stingray_core_interfaces/stingray_core_interfaces/msg/detail/device_state_array__type_support.c
-- Up-to-date: /home/shakuevda/Desktop/SAUVC/sauvc_hyadroacoustic/src/install/stingray_core_interfaces/include/stingray_core_interfaces/stingray_core_interfaces/msg/detail/device_state__type_support.h
-- Up-to-date: /home/shakuevda/Desktop/SAUVC/sauvc_hyadroacoustic/src/install/stingray_core_interfaces/include/stingray_core_interfaces/stingray_core_interfaces/msg/detail/uv_state__type_support.h
-- Up-to-date: /home/shakuevda/Desktop/SAUVC/sauvc_hyadroacoustic/src/install/stingray_core_interfaces/include/stingray_core_interfaces/stingray_core_interfaces/msg/device_state.h
-- Up-to-date: /home/shakuevda/Desktop/SAUVC/sauvc_hyadroacoustic/src/install/stingray_core_interfaces/include/stingray_core_interfaces/stingray_core_interfaces/srv
-- Up-to-date: /home/shakuevda/Desktop/SAUVC/sauvc_hyadroacoustic/src/install/stingray_core_interfaces/include/stingray_core_interfaces/stingray_core_interfaces/srv/set_device.h
-- Up-to-date: /home/shakuevda/Desktop/SAUVC/sauvc_hyadroacoustic/src/install/stingray_core_interfaces/include/stingray_core_interfaces/stingray_core_interfaces/srv/set_twist.h
-- Up-to-date: /home/shakuevda/Desktop/SAUVC/sauvc_hyadroacoustic/src/install/stingray_core_interfaces/include/stingray_core_interfaces/stingray_core_interfaces/srv/detail
-- Up-to-date: /home/shakuevda/Desktop/SAUVC/sauvc_hyadroacoustic/src/install/stingray_core_interfaces/include/stingray_core_interfaces/stingray_core_interfaces/srv/detail/set_stabilization__functions.h
-- Up-to-date: /home/shakuevda/Desktop/SAUVC/sauvc_hyadroacoustic/src/install/stingray_core_interfaces/include/stingray_core_interfaces/stingray_core_interfaces/srv/detail/set_device__description.c
-- Up-to-date: /home/shakuevda/Desktop/SAUVC/sauvc_hyadroacoustic/src/install/stingray_core_interfaces/include/stingray_core_interfaces/stingray_core_interfaces/srv/detail/set_twist__description.c
-- Up-to-date: /home/shakuevda/Desktop/SAUVC/sauvc_hyadroacoustic/src/install/stingray_core_interfaces/include/stingray_core_interfaces/stingray_core_interfaces/srv/detail/set_twist__functions.c
-- Up-to-date: /home/shakuevda/Desktop/SAUVC/sauvc_hyadroacoustic/src/install/stingray_core_interfaces/include/stingray_core_interfaces/stingray_core_interfaces/srv/detail/set_stabilization__type_support.h
-- Up-to-date: /home/shakuevda/Desktop/SAUVC/sauvc_hyadroacoustic/src/install/stingray_core_interfaces/include/stingray_core_interfaces/stingray_core_interfaces/srv/detail/set_stabilization__description.c
-- Up-to-date: /home/shakuevda/Desktop/SAUVC/sauvc_hyadroacoustic/src/install/stingray_core_interfaces/include/stingray_core_interfaces/stingray_core_interfaces/srv/detail/set_twist__functions.h
-- Installing: /home/shakuevda/Desktop/SAUVC/sauvc_hyadroacoustic/src/install/stingray_core_interfaces/include/stingray_core_interfaces/stingray_core_interfaces/srv/detail/set_device__type_support.c
-- Up-to-date: /home/shakuevda/Desktop/SAUVC/sauvc_hyadroacoustic/src/install/stingray_core_interfaces/include/stingray_core_interfaces/stingray_core_interfaces/srv/detail/set_device__functions.h
-- Installing: /home/shakuevda/Desktop/SAUVC/sauvc_hyadroacoustic/src/install/stingray_core_interfaces/include/stingray_core_interfaces/stingray_core_interfaces/srv/detail/set_twist__type_support.c
-- Up-to-date: /home/shakuevda/Desktop/SAUVC/sauvc_hyadroacoustic/src/install/stingray_core_interfaces/include/stingray_core_interfaces/stingray_core_interfaces/srv/detail/set_stabilization__struct.h
-- Installing: /home/shakuevda/Desktop/SAUVC/sauvc_hyadroacoustic/src/install/stingray_core_interfaces/include/stingray_core_interfaces/stingray_core_interfaces/srv/detail/set_stabilization__type_support.c
-- Up-to-date: /home/shakuevda/Desktop/SAUVC/sauvc_hyadroacoustic/src/install/stingray_core_interfaces/include/stingray_core_interfaces/stingray_core_interfaces/srv/detail/set_device__functions.c
-- Up-to-date: /home/shakuevda/Desktop/SAUVC/sauvc_hyadroacoustic/src/install/stingray_core_interfaces/include/stingray_core_interfaces/stingray_core_interfaces/srv/detail/set_device__type_support.h
-- Up-to-date: /home/shakuevda/Desktop/SAUVC/sauvc_hyadroacoustic/src/install/stingray_core_interfaces/include/stingray_core_interfaces/stingray_core_interfaces/srv/detail/set_device__struct.h
-- Up-to-date: /home/shakuevda/Desktop/SAUVC/sauvc_hyadroacoustic/src/install/stingray_core_interfaces/include/stingray_core_interfaces/stingray_core_interfaces/srv/detail/set_twist__type_support.h
-- Up-to-date: /home/shakuevda/Desktop/SAUVC/sauvc_hyadroacoustic/src/install/stingray_core_interfaces/include/stingray_core_interfaces/stingray_core_interfaces/srv/detail/set_stabilization__functions.c
-- Up-to-date: /home/shakuevda/Desktop/SAUVC/sauvc_hyadroacoustic/src/install/stingray_core_interfaces/include/stingray_core_interfaces/stingray_core_interfaces/srv/detail/set_twist__struct.h
-- Up-to-date: /home/shakuevda/Desktop/SAUVC/sauvc_hyadroacoustic/src/install/stingray_core_interfaces/include/stingray_core_interfaces/stingray_core_interfaces/srv/set_stabilization.h
-- Up-to-date: /home/shakuevda/Desktop/SAUVC/sauvc_hyadroacoustic/src/install/stingray_core_interfaces/share/stingray_core_interfaces/environment/library_path.sh
-- Up-to-date: /home/shakuevda/Desktop/SAUVC/sauvc_hyadroacoustic/src/install/stingray_core_interfaces/share/stingray_core_interfaces/environment/library_path.dsv
-- Up-to-date: /home/shakuevda/Desktop/SAUVC/sauvc_hyadroacoustic/src/install/stingray_core_interfaces/lib/libstingray_core_interfaces__rosidl_generator_c.so
-- Up-to-date: /home/shakuevda/Desktop/SAUVC/sauvc_hyadroacoustic/src/install/stingray_core_interfaces/include/stingray_core_interfaces/stingray_core_interfaces
-- Up-to-date: /home/shakuevda/Desktop/SAUVC/sauvc_hyadroacoustic/src/install/stingray_core_interfaces/include/stingray_core_interfaces/stingray_core_interfaces/msg
-- Up-to-date: /home/shakuevda/Desktop/SAUVC/sauvc_hyadroacoustic/src/install/stingray_core_interfaces/include/stingray_core_interfaces/stingray_core_interfaces/msg/rosidl_typesupport_fastrtps_c__visibility_control.h
-- Up-to-date: /home/shakuevda/Desktop/SAUVC/sauvc_hyadroacoustic/src/install/stingray_core_interfaces/include/stingray_core_interfaces/stingray_core_interfaces/msg/detail
-- Up-to-date: /home/shakuevda/Desktop/SAUVC/sauvc_hyadroacoustic/src/install/stingray_core_interfaces/include/stingray_core_interfaces/stingray_core_interfaces/msg/detail/device_state__rosidl_typesupport_fastrtps_c.h
-- Up-to-date: /home/shakuevda/Desktop/SAUVC/sauvc_hyadroacoustic/src/install/stingray_core_interfaces/include/stingray_core_interfaces/stingray_core_interfaces/msg/detail/device_state_array__rosidl_typesupport_fastrtps_c.h
-- Up-to-date: /home/shakuevda/Desktop/SAUVC/sauvc_hyadroacoustic/src/install/stingray_core_interfaces/include/stingray_core_interfaces/stingray_core_interfaces/msg/detail/uv_state__rosidl_typesupport_fastrtps_c.h
-- Up-to-date: /home/shakuevda/Desktop/SAUVC/sauvc_hyadroacoustic/src/install/stingray_core_interfaces/include/stingray_core_interfaces/stingray_core_interfaces/srv
-- Up-to-date: /home/shakuevda/Desktop/SAUVC/sauvc_hyadroacoustic/src/install/stingray_core_interfaces/include/stingray_core_interfaces/stingray_core_interfaces/srv/detail
-- Up-to-date: /home/shakuevda/Desktop/SAUVC/sauvc_hyadroacoustic/src/install/stingray_core_interfaces/include/stingray_core_interfaces/stingray_core_interfaces/srv/detail/set_stabilization__rosidl_typesupport_fastrtps_c.h
-- Up-to-date: /home/shakuevda/Desktop/SAUVC/sauvc_hyadroacoustic/src/install/stingray_core_interfaces/include/stingray_core_interfaces/stingray_core_interfaces/srv/detail/set_device__rosidl_typesupport_fastrtps_c.h
-- Up-to-date: /home/shakuevda/Desktop/SAUVC/sauvc_hyadroacoustic/src/install/stingray_core_interfaces/include/stingray_core_interfaces/stingray_core_interfaces/srv/detail/set_twist__rosidl_typesupport_fastrtps_c.h
-- Up-to-date: /home/shakuevda/Desktop/SAUVC/sauvc_hyadroacoustic/src/install/stingray_core_interfaces/lib/libstingray_core_interfaces__rosidl_typesupport_fastrtps_c.so
-- Up-to-date: /home/shakuevda/Desktop/SAUVC/sauvc_hyadroacoustic/src/install/stingray_core_interfaces/include/stingray_core_interfaces/stingray_core_interfaces
-- Up-to-date: /home/shakuevda/Desktop/SAUVC/sauvc_hyadroacoustic/src/install/stingray_core_interfaces/include/stingray_core_interfaces/stingray_core_interfaces/msg
-- Up-to-date: /home/shakuevda/Desktop/SAUVC/sauvc_hyadroacoustic/src/install/stingray_core_interfaces/include/stingray_core_interfaces/stingray_core_interfaces/msg/uv_state.hpp
-- Up-to-date: /home/shakuevda/Desktop/SAUVC/sauvc_hyadroacoustic/src/install/stingray_core_interfaces/include/stingray_core_interfaces/stingray_core_interfaces/msg/device_state.hpp
-- Up-to-date: /home/shakuevda/Desktop/SAUVC/sauvc_hyadroacoustic/src/install/stingray_core_interfaces/include/stingray_core_interfaces/stingray_core_interfaces/msg/detail
-- Up-to-date: /home/shakuevda/Desktop/SAUVC/sauvc_hyadroacoustic/src/install/stingray_core_interfaces/include/stingray_core_interfaces/stingray_core_interfaces/msg/detail/uv_state__traits.hpp
-- Up-to-date: /home/shakuevda/Desktop/SAUVC/sauvc_hyadroacoustic/src/install/stingray_core_interfaces/include/stingray_core_interfaces/stingray_core_interfaces/msg/detail/device_state__struct.hpp
-- Up-to-date: /home/shakuevda/Desktop/SAUVC/sauvc_hyadroacoustic/src/install/stingray_core_interfaces/include/stingray_core_interfaces/stingray_core_interfaces/msg/detail/device_state_array__traits.hpp
-- Up-to-date: /home/shakuevda/Desktop/SAUVC/sauvc_hyadroacoustic/src/install/stingray_core_interfaces/include/stingray_core_interfaces/stingray_core_interfaces/msg/detail/device_state_array__builder.hpp
-- Up-to-date: /home/shakuevda/Desktop/SAUVC/sauvc_hyadroacoustic/src/install/stingray_core_interfaces/include/stingray_core_interfaces/stingray_core_interfaces/msg/detail/uv_state__struct.hpp
-- Up-to-date: /home/shakuevda/Desktop/SAUVC/sauvc_hyadroacoustic/src/install/stingray_core_interfaces/include/stingray_core_interfaces/stingray_core_interfaces/msg/detail/device_state__builder.hpp
-- Up-to-date: /home/shakuevda/Desktop/SAUVC/sauvc_hyadroacoustic/src/install/stingray_core_interfaces/include/stingray_core_interfaces/stingray_core_interfaces/msg/detail/uv_state__builder.hpp
-- Up-to-date: /home/shakuevda/Desktop/SAUVC/sauvc_hyadroacoustic/src/install/stingray_core_interfaces/include/stingray_core_interfaces/stingray_core_interfaces/msg/detail/device_state_array__struct.hpp
-- Up-to-date: /home/shakuevda/Desktop/SAUVC/sauvc_hyadroacoustic/src/install/stingray_core_interfaces/include/stingray_core_interfaces/stingray_core_interfaces/msg/detail/device_state__traits.hpp
-- Up-to-date: /home/shakuevda/Desktop/SAUVC/sauvc_hyadroacoustic/src/install/stingray_core_interfaces/include/stingray_core_interfaces/stingray_core_interfaces/msg/device_state_array.hpp
-- Up-to-date: /home/shakuevda/Desktop/SAUVC/sauvc_hyadroacoustic/src/install/stingray_core_interfaces/include/stingray_core_interfaces/stingray_core_interfaces/srv
-- Up-to-date: /home/shakuevda/Desktop/SAUVC/sauvc_hyadroacoustic/src/install/stingray_core_interfaces/include/stingray_core_interfaces/stingray_core_interfaces/srv/set_device.hpp
-- Up-to-date: /home/shakuevda/Desktop/SAUVC/sauvc_hyadroacoustic/src/install/stingray_core_interfaces/include/stingray_core_interfaces/stingray_core_interfaces/srv/detail
-- Up-to-date: /home/shakuevda/Desktop/SAUVC/sauvc_hyadroacoustic/src/install/stingray_core_interfaces/include/stingray_core_interfaces/stingray_core_interfaces/srv/detail/set_stabilization__traits.hpp
-- Up-to-date: /home/shakuevda/Desktop/SAUVC/sauvc_hyadroacoustic/src/install/stingray_core_interfaces/include/stingray_core_interfaces/stingray_core_interfaces/srv/detail/set_device__struct.hpp
-- Up-to-date: /home/shakuevda/Desktop/SAUVC/sauvc_hyadroacoustic/src/install/stingray_core_interfaces/include/stingray_core_interfaces/stingray_core_interfaces/srv/detail/set_device__builder.hpp
-- Up-to-date: /home/shakuevda/Desktop/SAUVC/sauvc_hyadroacoustic/src/install/stingray_core_interfaces/include/stingray_core_interfaces/stingray_core_interfaces/srv/detail/set_stabilization__struct.hpp
-- Up-to-date: /home/shakuevda/Desktop/SAUVC/sauvc_hyadroacoustic/src/install/stingray_core_interfaces/include/stingray_core_interfaces/stingray_core_interfaces/srv/detail/set_twist__struct.hpp
-- Up-to-date: /home/shakuevda/Desktop/SAUVC/sauvc_hyadroacoustic/src/install/stingray_core_interfaces/include/stingray_core_interfaces/stingray_core_interfaces/srv/detail/set_device__traits.hpp
-- Up-to-date: /home/shakuevda/Desktop/SAUVC/sauvc_hyadroacoustic/src/install/stingray_core_interfaces/include/stingray_core_interfaces/stingray_core_interfaces/srv/detail/set_twist__builder.hpp
-- Up-to-date: /home/shakuevda/Desktop/SAUVC/sauvc_hyadroacoustic/src/install/stingray_core_interfaces/include/stingray_core_interfaces/stingray_core_interfaces/srv/detail/set_stabilization__builder.hpp
-- Up-to-date: /home/shakuevda/Desktop/SAUVC/sauvc_hyadroacoustic/src/install/stingray_core_interfaces/include/stingray_core_interfaces/stingray_core_interfaces/srv/detail/set_twist__traits.hpp
-- Up-to-date: /home/shakuevda/Desktop/SAUVC/sauvc_hyadroacoustic/src/install/stingray_core_interfaces/include/stingray_core_interfaces/stingray_core_interfaces/srv/set_stabilization.hpp
-- Up-to-date: /home/shakuevda/Desktop/SAUVC/sauvc_hyadroacoustic/src/install/stingray_core_interfaces/include/stingray_core_interfaces/stingray_core_interfaces/srv/set_twist.hpp
-- Up-to-date: /home/shakuevda/Desktop/SAUVC/sauvc_hyadroacoustic/src/install/stingray_core_interfaces/include/stingray_core_interfaces/stingray_core_interfaces
-- Up-to-date: /home/shakuevda/Desktop/SAUVC/sauvc_hyadroacoustic/src/install/stingray_core_interfaces/include/stingray_core_interfaces/stingray_core_interfaces/msg
-- Up-to-date: /home/shakuevda/Desktop/SAUVC/sauvc_hyadroacoustic/src/install/stingray_core_interfaces/include/stingray_core_interfaces/stingray_core_interfaces/msg/rosidl_typesupport_fastrtps_cpp__visibility_control.h
-- Up-to-date: /home/shakuevda/Desktop/SAUVC/sauvc_hyadroacoustic/src/install/stingray_core_interfaces/include/stingray_core_interfaces/stingray_core_interfaces/msg/detail
-- Up-to-date: /home/shakuevda/Desktop/SAUVC/sauvc_hyadroacoustic/src/install/stingray_core_interfaces/include/stingray_core_interfaces/stingray_core_interfaces/msg/detail/uv_state__rosidl_typesupport_fastrtps_cpp.hpp
-- Up-to-date: /home/shakuevda/Desktop/SAUVC/sauvc_hyadroacoustic/src/install/stingray_core_interfaces/include/stingray_core_interfaces/stingray_core_interfaces/msg/detail/device_state_array__rosidl_typesupport_fastrtps_cpp.hpp
-- Up-to-date: /home/shakuevda/Desktop/SAUVC/sauvc_hyadroacoustic/src/install/stingray_core_interfaces/include/stingray_core_interfaces/stingray_core_interfaces/msg/detail/device_state__rosidl_typesupport_fastrtps_cpp.hpp
-- Up-to-date: /home/shakuevda/Desktop/SAUVC/sauvc_hyadroacoustic/src/install/stingray_core_interfaces/include/stingray_core_interfaces/stingray_core_interfaces/msg/detail/dds_fastrtps
-- Up-to-date: /home/shakuevda/Desktop/SAUVC/sauvc_hyadroacoustic/src/install/stingray_core_interfaces/include/stingray_core_interfaces/stingray_core_interfaces/srv
-- Up-to-date: /home/shakuevda/Desktop/SAUVC/sauvc_hyadroacoustic/src/install/stingray_core_interfaces/include/stingray_core_interfaces/stingray_core_interfaces/srv/detail
-- Up-to-date: /home/shakuevda/Desktop/SAUVC/sauvc_hyadroacoustic/src/install/stingray_core_interfaces/include/stingray_core_interfaces/stingray_core_interfaces/srv/detail/set_stabilization__rosidl_typesupport_fastrtps_cpp.hpp
-- Up-to-date: /home/shakuevda/Desktop/SAUVC/sauvc_hyadroacoustic/src/install/stingray_core_interfaces/include/stingray_core_interfaces/stingray_core_interfaces/srv/detail/set_twist__rosidl_typesupport_fastrtps_cpp.hpp
-- Up-to-date: /home/shakuevda/Desktop/SAUVC/sauvc_hyadroacoustic/src/install/stingray_core_interfaces/include/stingray_core_interfaces/stingray_core_interfaces/srv/detail/set_device__rosidl_typesupport_fastrtps_cpp.hpp
-- Up-to-date: /home/shakuevda/Desktop/SAUVC/sauvc_hyadroacoustic/src/install/stingray_core_interfaces/include/stingray_core_interfaces/stingray_core_interfaces/srv/detail/dds_fastrtps
-- Up-to-date: /home/shakuevda/Desktop/SAUVC/sauvc_hyadroacoustic/src/install/stingray_core_interfaces/lib/libstingray_core_interfaces__rosidl_typesupport_fastrtps_cpp.so
-- Up-to-date: /home/shakuevda/Desktop/SAUVC/sauvc_hyadroacoustic/src/install/stingray_core_interfaces/include/stingray_core_interfaces/stingray_core_interfaces
-- Up-to-date: /home/shakuevda/Desktop/SAUVC/sauvc_hyadroacoustic/src/install/stingray_core_interfaces/include/stingray_core_interfaces/stingray_core_interfaces/msg
-- Up-to-date: /home/shakuevda/Desktop/SAUVC/sauvc_hyadroacoustic/src/install/stingray_core_interfaces/include/stingray_core_interfaces/stingray_core_interfaces/msg/detail
-- Installing: /home/shakuevda/Desktop/SAUVC/sauvc_hyadroacoustic/src/install/stingray_core_interfaces/include/stingray_core_interfaces/stingray_core_interfaces/msg/detail/uv_state__type_support.c
-- Up-to-date: /home/shakuevda/Desktop/SAUVC/sauvc_hyadroacoustic/src/install/stingray_core_interfaces/include/stingray_core_interfaces/stingray_core_interfaces/msg/detail/uv_state__rosidl_typesupport_introspection_c.h
-- Up-to-date: /home/shakuevda/Desktop/SAUVC/sauvc_hyadroacoustic/src/install/stingray_core_interfaces/include/stingray_core_interfaces/stingray_core_interfaces/msg/detail/device_state_array__rosidl_typesupport_introspection_c.h
-- Installing: /home/shakuevda/Desktop/SAUVC/sauvc_hyadroacoustic/src/install/stingray_core_interfaces/include/stingray_core_interfaces/stingray_core_interfaces/msg/detail/device_state__type_support.c
-- Installing: /home/shakuevda/Desktop/SAUVC/sauvc_hyadroacoustic/src/install/stingray_core_interfaces/include/stingray_core_interfaces/stingray_core_interfaces/msg/detail/device_state_array__type_support.c
-- Up-to-date: /home/shakuevda/Desktop/SAUVC/sauvc_hyadroacoustic/src/install/stingray_core_interfaces/include/stingray_core_interfaces/stingray_core_interfaces/msg/detail/device_state__rosidl_typesupport_introspection_c.h
-- Up-to-date: /home/shakuevda/Desktop/SAUVC/sauvc_hyadroacoustic/src/install/stingray_core_interfaces/include/stingray_core_interfaces/stingray_core_interfaces/msg/rosidl_typesupport_introspection_c__visibility_control.h
-- Up-to-date: /home/shakuevda/Desktop/SAUVC/sauvc_hyadroacoustic/src/install/stingray_core_interfaces/include/stingray_core_interfaces/stingray_core_interfaces/srv
-- Up-to-date: /home/shakuevda/Desktop/SAUVC/sauvc_hyadroacoustic/src/install/stingray_core_interfaces/include/stingray_core_interfaces/stingray_core_interfaces/srv/detail
-- Up-to-date: /home/shakuevda/Desktop/SAUVC/sauvc_hyadroacoustic/src/install/stingray_core_interfaces/include/stingray_core_interfaces/stingray_core_interfaces/srv/detail/set_stabilization__rosidl_typesupport_introspection_c.h
-- Up-to-date: /home/shakuevda/Desktop/SAUVC/sauvc_hyadroacoustic/src/install/stingray_core_interfaces/include/stingray_core_interfaces/stingray_core_interfaces/srv/detail/set_device__rosidl_typesupport_introspection_c.h
-- Up-to-date: /home/shakuevda/Desktop/SAUVC/sauvc_hyadroacoustic/src/install/stingray_core_interfaces/include/stingray_core_interfaces/stingray_core_interfaces/srv/detail/set_twist__rosidl_typesupport_introspection_c.h
-- Installing: /home/shakuevda/Desktop/SAUVC/sauvc_hyadroacoustic/src/install/stingray_core_interfaces/include/stingray_core_interfaces/stingray_core_interfaces/srv/detail/set_device__type_support.c
-- Installing: /home/shakuevda/Desktop/SAUVC/sauvc_hyadroacoustic/src/install/stingray_core_interfaces/include/stingray_core_interfaces/stingray_core_interfaces/srv/detail/set_twist__type_support.c
-- Installing: /home/shakuevda/Desktop/SAUVC/sauvc_hyadroacoustic/src/install/stingray_core_interfaces/include/stingray_core_interfaces/stingray_core_interfaces/srv/detail/set_stabilization__type_support.c
-- Up-to-date: /home/shakuevda/Desktop/SAUVC/sauvc_hyadroacoustic/src/install/stingray_core_interfaces/lib/libstingray_core_interfaces__rosidl_typesupport_introspection_c.so
-- Up-to-date: /home/shakuevda/Desktop/SAUVC/sauvc_hyadroacoustic/src/install/stingray_core_interfaces/lib/libstingray_core_interfaces__rosidl_typesupport_c.so
-- Up-to-date: /home/shakuevda/Desktop/SAUVC/sauvc_hyadroacoustic/src/install/stingray_core_interfaces/include/stingray_core_interfaces/stingray_core_interfaces
-- Up-to-date: /home/shakuevda/Desktop/SAUVC/sauvc_hyadroacoustic/src/install/stingray_core_interfaces/include/stingray_core_interfaces/stingray_core_interfaces/msg
-- Up-to-date: /home/shakuevda/Desktop/SAUVC/sauvc_hyadroacoustic/src/install/stingray_core_interfaces/include/stingray_core_interfaces/stingray_core_interfaces/msg/detail
-- Up-to-date: /home/shakuevda/Desktop/SAUVC/sauvc_hyadroacoustic/src/install/stingray_core_interfaces/include/stingray_core_interfaces/stingray_core_interfaces/msg/detail/device_state__rosidl_typesupport_introspection_cpp.hpp
-- Up-to-date: /home/shakuevda/Desktop/SAUVC/sauvc_hyadroacoustic/src/install/stingray_core_interfaces/include/stingray_core_interfaces/stingray_core_interfaces/msg/detail/device_state_array__type_support.cpp
-- Up-to-date: /home/shakuevda/Desktop/SAUVC/sauvc_hyadroacoustic/src/install/stingray_core_interfaces/include/stingray_core_interfaces/stingray_core_interfaces/msg/detail/device_state__type_support.cpp
-- Up-to-date: /home/shakuevda/Desktop/SAUVC/sauvc_hyadroacoustic/src/install/stingray_core_interfaces/include/stingray_core_interfaces/stingray_core_interfaces/msg/detail/uv_state__type_support.cpp
-- Up-to-date: /home/shakuevda/Desktop/SAUVC/sauvc_hyadroacoustic/src/install/stingray_core_interfaces/include/stingray_core_interfaces/stingray_core_interfaces/msg/detail/uv_state__rosidl_typesupport_introspection_cpp.hpp
-- Up-to-date: /home/shakuevda/Desktop/SAUVC/sauvc_hyadroacoustic/src/install/stingray_core_interfaces/include/stingray_core_interfaces/stingray_core_interfaces/msg/detail/device_state_array__rosidl_typesupport_introspection_cpp.hpp
-- Up-to-date: /home/shakuevda/Desktop/SAUVC/sauvc_hyadroacoustic/src/install/stingray_core_interfaces/include/stingray_core_interfaces/stingray_core_interfaces/srv
-- Up-to-date: /home/shakuevda/Desktop/SAUVC/sauvc_hyadroacoustic/src/install/stingray_core_interfaces/include/stingray_core_interfaces/stingray_core_interfaces/srv/detail
-- Up-to-date: /home/shakuevda/Desktop/SAUVC/sauvc_hyadroacoustic/src/install/stingray_core_interfaces/include/stingray_core_interfaces/stingray_core_interfaces/srv/detail/set_twist__rosidl_typesupport_introspection_cpp.hpp
-- Up-to-date: /home/shakuevda/Desktop/SAUVC/sauvc_hyadroacoustic/src/install/stingray_core_interfaces/include/stingray_core_interfaces/stingray_core_interfaces/srv/detail/set_stabilization__type_support.cpp
-- Up-to-date: /home/shakuevda/Desktop/SAUVC/sauvc_hyadroacoustic/src/install/stingray_core_interfaces/include/stingray_core_interfaces/stingray_core_interfaces/srv/detail/set_twist__type_support.cpp
-- Up-to-date: /home/shakuevda/Desktop/SAUVC/sauvc_hyadroacoustic/src/install/stingray_core_interfaces/include/stingray_core_interfaces/stingray_core_interfaces/srv/detail/set_device__type_support.cpp
-- Up-to-date: /home/shakuevda/Desktop/SAUVC/sauvc_hyadroacoustic/src/install/stingray_core_interfaces/include/stingray_core_interfaces/stingray_core_interfaces/srv/detail/set_device__rosidl_typesupport_introspection_cpp.hpp
-- Up-to-date: /home/shakuevda/Desktop/SAUVC/sauvc_hyadroacoustic/src/install/stingray_core_interfaces/include/stingray_core_interfaces/stingray_core_interfaces/srv/detail/set_stabilization__rosidl_typesupport_introspection_cpp.hpp
-- Up-to-date: /home/shakuevda/Desktop/SAUVC/sauvc_hyadroacoustic/src/install/stingray_core_interfaces/lib/libstingray_core_interfaces__rosidl_typesupport_introspection_cpp.so
-- Up-to-date: /home/shakuevda/Desktop/SAUVC/sauvc_hyadroacoustic/src/install/stingray_core_interfaces/lib/libstingray_core_interfaces__rosidl_typesupport_cpp.so
-- Up-to-date: /home/shakuevda/Desktop/SAUVC/sauvc_hyadroacoustic/src/install/stingray_core_interfaces/share/stingray_core_interfaces/environment/pythonpath.sh
-- Up-to-date: /home/shakuevda/Desktop/SAUVC/sauvc_hyadroacoustic/src/install/stingray_core_interfaces/share/stingray_core_interfaces/environment/pythonpath.dsv
-- Up-to-date: /home/shakuevda/Desktop/SAUVC/sauvc_hyadroacoustic/src/install/stingray_core_interfaces/lib/python3.10/site-packages/stingray_core_interfaces-0.1.0-py3.10.egg-info
-- Installing: /home/shakuevda/Desktop/SAUVC/sauvc_hyadroacoustic/src/install/stingray_core_interfaces/lib/python3.10/site-packages/stingray_core_interfaces-0.1.0-py3.10.egg-info/PKG-INFO
-- Installing: /home/shakuevda/Desktop/SAUVC/sauvc_hyadroacoustic/src/install/stingray_core_interfaces/lib/python3.10/site-packages/stingray_core_interfaces-0.1.0-py3.10.egg-info/top_level.txt
-- Installing: /home/shakuevda/Desktop/SAUVC/sauvc_hyadroacoustic/src/install/stingray_core_interfaces/lib/python3.10/site-packages/stingray_core_interfaces-0.1.0-py3.10.egg-info/SOURCES.txt
-- Installing: /home/shakuevda/Desktop/SAUVC/sauvc_hyadroacoustic/src/install/stingray_core_interfaces/lib/python3.10/site-packages/stingray_core_interfaces-0.1.0-py3.10.egg-info/dependency_links.txt
-- Up-to-date: /home/shakuevda/Desktop/SAUVC/sauvc_hyadroacoustic/src/install/stingray_core_interfaces/lib/python3.10/site-packages/stingray_core_interfaces
-- Up-to-date: /home/shakuevda/Desktop/SAUVC/sauvc_hyadroacoustic/src/install/stingray_core_interfaces/lib/python3.10/site-packages/stingray_core_interfaces/stingray_core_interfaces_s__rosidl_typesupport_c.cpython-310-x86_64-linux-gnu.so
-- Up-to-date: /home/shakuevda/Desktop/SAUVC/sauvc_hyadroacoustic/src/install/stingray_core_interfaces/lib/python3.10/site-packages/stingray_core_interfaces/libstingray_core_interfaces__rosidl_generator_py.so
-- Up-to-date: /home/shakuevda/Desktop/SAUVC/sauvc_hyadroacoustic/src/install/stingray_core_interfaces/lib/python3.10/site-packages/stingray_core_interfaces/stingray_core_interfaces_s__rosidl_typesupport_fastrtps_c.cpython-310-x86_64-linux-gnu.so
-- Up-to-date: /home/shakuevda/Desktop/SAUVC/sauvc_hyadroacoustic/src/install/stingray_core_interfaces/lib/python3.10/site-packages/stingray_core_interfaces/_stingray_core_interfaces_s.ep.rosidl_typesupport_c.c
-- Up-to-date: /home/shakuevda/Desktop/SAUVC/sauvc_hyadroacoustic/src/install/stingray_core_interfaces/lib/python3.10/site-packages/stingray_core_interfaces/msg
-- Up-to-date: /home/shakuevda/Desktop/SAUVC/sauvc_hyadroacoustic/src/install/stingray_core_interfaces/lib/python3.10/site-packages/stingray_core_interfaces/msg/_uv_state_s.c
-- Up-to-date: /home/shakuevda/Desktop/SAUVC/sauvc_hyadroacoustic/src/install/stingray_core_interfaces/lib/python3.10/site-packages/stingray_core_interfaces/msg/_device_state.py
-- Up-to-date: /home/shakuevda/Desktop/SAUVC/sauvc_hyadroacoustic/src/install/stingray_core_interfaces/lib/python3.10/site-packages/stingray_core_interfaces/msg/_device_state_array_s.c
-- Up-to-date: /home/shakuevda/Desktop/SAUVC/sauvc_hyadroacoustic/src/install/stingray_core_interfaces/lib/python3.10/site-packages/stingray_core_interfaces/msg/_device_state_array.py
-- Up-to-date: /home/shakuevda/Desktop/SAUVC/sauvc_hyadroacoustic/src/install/stingray_core_interfaces/lib/python3.10/site-packages/stingray_core_interfaces/msg/_device_state_s.c
-- Up-to-date: /home/shakuevda/Desktop/SAUVC/sauvc_hyadroacoustic/src/install/stingray_core_interfaces/lib/python3.10/site-packages/stingray_core_interfaces/msg/_uv_state.py
-- Up-to-date: /home/shakuevda/Desktop/SAUVC/sauvc_hyadroacoustic/src/install/stingray_core_interfaces/lib/python3.10/site-packages/stingray_core_interfaces/msg/__init__.py
-- Up-to-date: /home/shakuevda/Desktop/SAUVC/sauvc_hyadroacoustic/src/install/stingray_core_interfaces/lib/python3.10/site-packages/stingray_core_interfaces/_stingray_core_interfaces_s.ep.rosidl_typesupport_fastrtps_c.c
-- Up-to-date: /home/shakuevda/Desktop/SAUVC/sauvc_hyadroacoustic/src/install/stingray_core_interfaces/lib/python3.10/site-packages/stingray_core_interfaces/stingray_core_interfaces_s__rosidl_typesupport_introspection_c.cpython-310-x86_64-linux-gnu.so
-- Up-to-date: /home/shakuevda/Desktop/SAUVC/sauvc_hyadroacoustic/src/install/stingray_core_interfaces/lib/python3.10/site-packages/stingray_core_interfaces/_stingray_core_interfaces_s.ep.rosidl_typesupport_introspection_c.c
-- Up-to-date: /home/shakuevda/Desktop/SAUVC/sauvc_hyadroacoustic/src/install/stingray_core_interfaces/lib/python3.10/site-packages/stingray_core_interfaces/srv
-- Up-to-date: /home/shakuevda/Desktop/SAUVC/sauvc_hyadroacoustic/src/install/stingray_core_interfaces/lib/python3.10/site-packages/stingray_core_interfaces/srv/_set_device.py
-- Up-to-date: /home/shakuevda/Desktop/SAUVC/sauvc_hyadroacoustic/src/install/stingray_core_interfaces/lib/python3.10/site-packages/stingray_core_interfaces/srv/_set_twist_s.c
-- Up-to-date: /home/shakuevda/Desktop/SAUVC/sauvc_hyadroacoustic/src/install/stingray_core_interfaces/lib/python3.10/site-packages/stingray_core_interfaces/srv/_set_stabilization_s.c
-- Up-to-date: /home/shakuevda/Desktop/SAUVC/sauvc_hyadroacoustic/src/install/stingray_core_interfaces/lib/python3.10/site-packages/stingray_core_interfaces/srv/_set_twist.py
-- Up-to-date: /home/shakuevda/Desktop/SAUVC/sauvc_hyadroacoustic/src/install/stingray_core_interfaces/lib/python3.10/site-packages/stingray_core_interfaces/srv/_set_stabilization.py
-- Up-to-date: /home/shakuevda/Desktop/SAUVC/sauvc_hyadroacoustic/src/install/stingray_core_interfaces/lib/python3.10/site-packages/stingray_core_interfaces/srv/_set_device_s.c
-- Up-to-date: /home/shakuevda/Desktop/SAUVC/sauvc_hyadroacoustic/src/install/stingray_core_interfaces/lib/python3.10/site-packages/stingray_core_interfaces/srv/__init__.py
-- Up-to-date: /home/shakuevda/Desktop/SAUVC/sauvc_hyadroacoustic/src/install/stingray_core_interfaces/lib/python3.10/site-packages/stingray_core_interfaces/__init__.py
Listing '/home/shakuevda/Desktop/SAUVC/sauvc_hyadroacoustic/src/install/stingray_core_interfaces/lib/python3.10/site-packages/stingray_core_interfaces'...
Listing '/home/shakuevda/Desktop/SAUVC/sauvc_hyadroacoustic/src/install/stingray_core_interfaces/lib/python3.10/site-packages/stingray_core_interfaces/msg'...
Listing '/home/shakuevda/Desktop/SAUVC/sauvc_hyadroacoustic/src/install/stingray_core_interfaces/lib/python3.10/site-packages/stingray_core_interfaces/srv'...
-- Up-to-date: /home/shakuevda/Desktop/SAUVC/sauvc_hyadroacoustic/src/install/stingray_core_interfaces/lib/python3.10/site-packages/stingray_core_interfaces/stingray_core_interfaces_s__rosidl_typesupport_fastrtps_c.cpython-310-x86_64-linux-gnu.so
-- Up-to-date: /home/shakuevda/Desktop/SAUVC/sauvc_hyadroacoustic/src/install/stingray_core_interfaces/lib/python3.10/site-packages/stingray_core_interfaces/stingray_core_interfaces_s__rosidl_typesupport_introspection_c.cpython-310-x86_64-linux-gnu.so
-- Up-to-date: /home/shakuevda/Desktop/SAUVC/sauvc_hyadroacoustic/src/install/stingray_core_interfaces/lib/python3.10/site-packages/stingray_core_interfaces/stingray_core_interfaces_s__rosidl_typesupport_c.cpython-310-x86_64-linux-gnu.so
-- Up-to-date: /home/shakuevda/Desktop/SAUVC/sauvc_hyadroacoustic/src/install/stingray_core_interfaces/lib/libstingray_core_interfaces__rosidl_generator_py.so
-- Up-to-date: /home/shakuevda/Desktop/SAUVC/sauvc_hyadroacoustic/src/install/stingray_core_interfaces/share/stingray_core_interfaces/msg/UVState.idl
-- Up-to-date: /home/shakuevda/Desktop/SAUVC/sauvc_hyadroacoustic/src/install/stingray_core_interfaces/share/stingray_core_interfaces/msg/DeviceState.idl
-- Up-to-date: /home/shakuevda/Desktop/SAUVC/sauvc_hyadroacoustic/src/install/stingray_core_interfaces/share/stingray_core_interfaces/msg/DeviceStateArray.idl
-- Up-to-date: /home/shakuevda/Desktop/SAUVC/sauvc_hyadroacoustic/src/install/stingray_core_interfaces/share/stingray_core_interfaces/srv/SetDevice.idl
-- Up-to-date: /home/shakuevda/Desktop/SAUVC/sauvc_hyadroacoustic/src/install/stingray_core_interfaces/share/stingray_core_interfaces/srv/SetTwist.idl
-- Up-to-date: /home/shakuevda/Desktop/SAUVC/sauvc_hyadroacoustic/src/install/stingray_core_interfaces/share/stingray_core_interfaces/srv/SetStabilization.idl
-- Up-to-date: /home/shakuevda/Desktop/SAUVC/sauvc_hyadroacoustic/src/install/stingray_core_interfaces/share/stingray_core_interfaces/msg/UVState.msg
-- Up-to-date: /home/shakuevda/Desktop/SAUVC/sauvc_hyadroacoustic/src/install/stingray_core_interfaces/share/stingray_core_interfaces/msg/DeviceState.msg
-- Up-to-date: /home/shakuevda/Desktop/SAUVC/sauvc_hyadroacoustic/src/install/stingray_core_interfaces/share/stingray_core_interfaces/msg/DeviceStateArray.msg
-- Up-to-date: /home/shakuevda/Desktop/SAUVC/sauvc_hyadroacoustic/src/install/stingray_core_interfaces/share/stingray_core_interfaces/srv/SetDevice.srv
-- Up-to-date: /home/shakuevda/Desktop/SAUVC/sauvc_hyadroacoustic/src/install/stingray_core_interfaces/share/stingray_core_interfaces/srv/SetDevice_Request.msg
-- Up-to-date: /home/shakuevda/Desktop/SAUVC/sauvc_hyadroacoustic/src/install/stingray_core_interfaces/share/stingray_core_interfaces/srv/SetDevice_Response.msg
-- Up-to-date: /home/shakuevda/Desktop/SAUVC/sauvc_hyadroacoustic/src/install/stingray_core_interfaces/share/stingray_core_interfaces/srv/SetTwist.srv
-- Up-to-date: /home/shakuevda/Desktop/SAUVC/sauvc_hyadroacoustic/src/install/stingray_core_interfaces/share/stingray_core_interfaces/srv/SetTwist_Request.msg
-- Up-to-date: /home/shakuevda/Desktop/SAUVC/sauvc_hyadroacoustic/src/install/stingray_core_interfaces/share/stingray_core_interfaces/srv/SetTwist_Response.msg
-- Up-to-date: /home/shakuevda/Desktop/SAUVC/sauvc_hyadroacoustic/src/install/stingray_core_interfaces/share/stingray_core_interfaces/srv/SetStabilization.srv
-- Up-to-date: /home/shakuevda/Desktop/SAUVC/sauvc_hyadroacoustic/src/install/stingray_core_interfaces/share/stingray_core_interfaces/srv/SetStabilization_Request.msg
-- Up-to-date: /home/shakuevda/Desktop/SAUVC/sauvc_hyadroacoustic/src/install/stingray_core_interfaces/share/stingray_core_interfaces/srv/SetStabilization_Response.msg
-- Up-to-date: /home/shakuevda/Desktop/SAUVC/sauvc_hyadroacoustic/src/install/stingray_core_interfaces/share/ament_index/resource_index/package_run_dependencies/stingray_core_interfaces
-- Up-to-date: /home/shakuevda/Desktop/SAUVC/sauvc_hyadroacoustic/src/install/stingray_core_interfaces/share/ament_index/resource_index/parent_prefix_path/stingray_core_interfaces
-- Up-to-date: /home/shakuevda/Desktop/SAUVC/sauvc_hyadroacoustic/src/install/stingray_core_interfaces/share/stingray_core_interfaces/environment/ament_prefix_path.sh
-- Up-to-date: /home/shakuevda/Desktop/SAUVC/sauvc_hyadroacoustic/src/install/stingray_core_interfaces/share/stingray_core_interfaces/environment/ament_prefix_path.dsv
-- Up-to-date: /home/shakuevda/Desktop/SAUVC/sauvc_hyadroacoustic/src/install/stingray_core_interfaces/share/stingray_core_interfaces/environment/path.sh
-- Up-to-date: /home/shakuevda/Desktop/SAUVC/sauvc_hyadroacoustic/src/install/stingray_core_interfaces/share/stingray_core_interfaces/environment/path.dsv
-- Up-to-date: /home/shakuevda/Desktop/SAUVC/sauvc_hyadroacoustic/src/install/stingray_core_interfaces/share/stingray_core_interfaces/local_setup.bash
-- Up-to-date: /home/shakuevda/Desktop/SAUVC/sauvc_hyadroacoustic/src/install/stingray_core_interfaces/share/stingray_core_interfaces/local_setup.sh
-- Up-to-date: /home/shakuevda/Desktop/SAUVC/sauvc_hyadroacoustic/src/install/stingray_core_interfaces/share/stingray_core_interfaces/local_setup.zsh
-- Up-to-date: /home/shakuevda/Desktop/SAUVC/sauvc_hyadroacoustic/src/install/stingray_core_interfaces/share/stingray_core_interfaces/local_setup.dsv
-- Installing: /home/shakuevda/Desktop/SAUVC/sauvc_hyadroacoustic/src/install/stingray_core_interfaces/share/stingray_core_interfaces/package.dsv
-- Up-to-date: /home/shakuevda/Desktop/SAUVC/sauvc_hyadroacoustic/src/install/stingray_core_interfaces/share/ament_index/resource_index/packages/stingray_core_interfaces
-- Up-to-date: /home/shakuevda/Desktop/SAUVC/sauvc_hyadroacoustic/src/install/stingray_core_interfaces/share/stingray_core_interfaces/cmake/export_stingray_core_interfaces__rosidl_generator_cExport.cmake
-- Up-to-date: /home/shakuevda/Desktop/SAUVC/sauvc_hyadroacoustic/src/install/stingray_core_interfaces/share/stingray_core_interfaces/cmake/export_stingray_core_interfaces__rosidl_generator_cExport-noconfig.cmake
-- Up-to-date: /home/shakuevda/Desktop/SAUVC/sauvc_hyadroacoustic/src/install/stingray_core_interfaces/share/stingray_core_interfaces/cmake/export_stingray_core_interfaces__rosidl_typesupport_fastrtps_cExport.cmake
-- Up-to-date: /home/shakuevda/Desktop/SAUVC/sauvc_hyadroacoustic/src/install/stingray_core_interfaces/share/stingray_core_interfaces/cmake/export_stingray_core_interfaces__rosidl_typesupport_fastrtps_cExport-noconfig.cmake
-- Up-to-date: /home/shakuevda/Desktop/SAUVC/sauvc_hyadroacoustic/src/install/stingray_core_interfaces/share/stingray_core_interfaces/cmake/export_stingray_core_interfaces__rosidl_generator_cppExport.cmake
-- Up-to-date: /home/shakuevda/Desktop/SAUVC/sauvc_hyadroacoustic/src/install/stingray_core_interfaces/share/stingray_core_interfaces/cmake/export_stingray_core_interfaces__rosidl_typesupport_fastrtps_cppExport.cmake
-- Up-to-date: /home/shakuevda/Desktop/SAUVC/sauvc_hyadroacoustic/src/install/stingray_core_interfaces/share/stingray_core_interfaces/cmake/export_stingray_core_interfaces__rosidl_typesupport_fastrtps_cppExport-noconfig.cmake
-- Up-to-date: /home/shakuevda/Desktop/SAUVC/sauvc_hyadroacoustic/src/install/stingray_core_interfaces/share/stingray_core_interfaces/cmake/stingray_core_interfaces__rosidl_typesupport_introspection_cExport.cmake
-- Up-to-date: /home/shakuevda/Desktop/SAUVC/sauvc_hyadroacoustic/src/install/stingray_core_interfaces/share/stingray_core_interfaces/cmake/stingray_core_interfaces__rosidl_typesupport_introspection_cExport-noconfig.cmake
-- Up-to-date: /home/shakuevda/Desktop/SAUVC/sauvc_hyadroacoustic/src/install/stingray_core_interfaces/share/stingray_core_interfaces/cmake/stingray_core_interfaces__rosidl_typesupport_cExport.cmake
-- Up-to-date: /home/shakuevda/Desktop/SAUVC/sauvc_hyadroacoustic/src/install/stingray_core_interfaces/share/stingray_core_interfaces/cmake/stingray_core_interfaces__rosidl_typesupport_cExport-noconfig.cmake
-- Up-to-date: /home/shakuevda/Desktop/SAUVC/sauvc_hyadroacoustic/src/install/stingray_core_interfaces/share/stingray_core_interfaces/cmake/stingray_core_interfaces__rosidl_typesupport_introspection_cppExport.cmake
-- Up-to-date: /home/shakuevda/Desktop/SAUVC/sauvc_hyadroacoustic/src/install/stingray_core_interfaces/share/stingray_core_interfaces/cmake/stingray_core_interfaces__rosidl_typesupport_introspection_cppExport-noconfig.cmake
-- Up-to-date: /home/shakuevda/Desktop/SAUVC/sauvc_hyadroacoustic/src/install/stingray_core_interfaces/share/stingray_core_interfaces/cmake/stingray_core_interfaces__rosidl_typesupport_cppExport.cmake
-- Up-to-date: /home/shakuevda/Desktop/SAUVC/sauvc_hyadroacoustic/src/install/stingray_core_interfaces/share/stingray_core_interfaces/cmake/stingray_core_interfaces__rosidl_typesupport_cppExport-noconfig.cmake
-- Up-to-date: /home/shakuevda/Desktop/SAUVC/sauvc_hyadroacoustic/src/install/stingray_core_interfaces/share/stingray_core_interfaces/cmake/export_stingray_core_interfaces__rosidl_generator_pyExport.cmake
-- Up-to-date: /home/shakuevda/Desktop/SAUVC/sauvc_hyadroacoustic/src/install/stingray_core_interfaces/share/stingray_core_interfaces/cmake/export_stingray_core_interfaces__rosidl_generator_pyExport-noconfig.cmake
-- Up-to-date: /home/shakuevda/Desktop/SAUVC/sauvc_hyadroacoustic/src/install/stingray_core_interfaces/share/stingray_core_interfaces/cmake/rosidl_cmake-extras.cmake
-- Up-to-date: /home/shakuevda/Desktop/SAUVC/sauvc_hyadroacoustic/src/install/stingray_core_interfaces/share/stingray_core_interfaces/cmake/ament_cmake_export_dependencies-extras.cmake
-- Up-to-date: /home/shakuevda/Desktop/SAUVC/sauvc_hyadroacoustic/src/install/stingray_core_interfaces/share/stingray_core_interfaces/cmake/ament_cmake_export_include_directories-extras.cmake
-- Up-to-date: /home/shakuevda/Desktop/SAUVC/sauvc_hyadroacoustic/src/install/stingray_core_interfaces/share/stingray_core_interfaces/cmake/ament_cmake_export_libraries-extras.cmake
-- Up-to-date: /home/shakuevda/Desktop/SAUVC/sauvc_hyadroacoustic/src/install/stingray_core_interfaces/share/stingray_core_interfaces/cmake/ament_cmake_export_targets-extras.cmake
-- Up-to-date: /home/shakuevda/Desktop/SAUVC/sauvc_hyadroacoustic/src/install/stingray_core_interfaces/share/stingray_core_interfaces/cmake/rosidl_cmake_export_typesupport_targets-extras.cmake
-- Up-to-date: /home/shakuevda/Desktop/SAUVC/sauvc_hyadroacoustic/src/install/stingray_core_interfaces/share/stingray_core_interfaces/cmake/rosidl_cmake_export_typesupport_libraries-extras.cmake
-- Up-to-date: /home/shakuevda/Desktop/SAUVC/sauvc_hyadroacoustic/src/install/stingray_core_interfaces/share/stingray_core_interfaces/cmake/stingray_core_interfacesConfig.cmake
-- Up-to-date: /home/shakuevda/Desktop/SAUVC/sauvc_hyadroacoustic/src/install/stingray_core_interfaces/share/stingray_core_interfaces/cmake/stingray_core_interfacesConfig-version.cmake
-- Up-to-date: /home/shakuevda/Desktop/SAUVC/sauvc_hyadroacoustic/src/install/stingray_core_interfaces/share/stingray_core_interfaces/package.xml
