[0.090s] Invoking command in '/home/shakuevda/Desktop/SAUVC/sauvc_hyadroacoustic/src/build/stingray_core_communication': AMENT_PREFIX_PATH=/home/shakuevda/Desktop/SAUVC/sauvc_hyadroacoustic/src/install/stingray_core_interfaces:/home/shakuevda/Desktop/SAUVC/sauvc_hyadroacoustic/src/install/serial:${AMENT_PREFIX_PATH} CMAKE_PREFIX_PATH=/home/shakuevda/Desktop/SAUVC/sauvc_hyadroacoustic/src/install/stingray_core_interfaces:/home/shakuevda/Desktop/SAUVC/sauvc_hyadroacoustic/src/install/serial:/opt/ros/iron LD_LIBRARY_PATH=/home/shakuevda/Desktop/SAUVC/sauvc_hyadroacoustic/src/install/stingray_core_interfaces/lib:/home/shakuevda/Desktop/SAUVC/sauvc_hyadroacoustic/src/install/serial/lib:${LD_LIBRARY_PATH} PYTHONPATH=/home/shakuevda/Desktop/SAUVC/sauvc_hyadroacoustic/src/install/stingray_core_interfaces/lib/python3.10/site-packages:${PYTHONPATH} /usr/bin/cmake --build /home/shakuevda/Desktop/SAUVC/sauvc_hyadroacoustic/src/build/stingray_core_communication -- -j16 -l16
[0.184s] [ 21%] Built target stingray_core_communication
[0.194s] [ 47%] Built target uart_driver_node
[0.196s] [ 73%] Built target hardware_bridge_node
[0.211s] [100%] Built target udp_driver_node
[0.233s] Invoked command in '/home/shakuevda/Desktop/SAUVC/sauvc_hyadroacoustic/src/build/stingray_core_communication' returned '0': AMENT_PREFIX_PATH=/home/shakuevda/Desktop/SAUVC/sauvc_hyadroacoustic/src/install/stingray_core_interfaces:/home/shakuevda/Desktop/SAUVC/sauvc_hyadroacoustic/src/install/serial:${AMENT_PREFIX_PATH} CMAKE_PREFIX_PATH=/home/shakuevda/Desktop/SAUVC/sauvc_hyadroacoustic/src/install/stingray_core_interfaces:/home/shakuevda/Desktop/SAUVC/sauvc_hyadroacoustic/src/install/serial:/opt/ros/iron LD_LIBRARY_PATH=/home/shakuevda/Desktop/SAUVC/sauvc_hyadroacoustic/src/install/stingray_core_interfaces/lib:/home/shakuevda/Desktop/SAUVC/sauvc_hyadroacoustic/src/install/serial/lib:${LD_LIBRARY_PATH} PYTHONPATH=/home/shakuevda/Desktop/SAUVC/sauvc_hyadroacoustic/src/install/stingray_core_interfaces/lib/python3.10/site-packages:${PYTHONPATH} /usr/bin/cmake --build /home/shakuevda/Desktop/SAUVC/sauvc_hyadroacoustic/src/build/stingray_core_communication -- -j16 -l16
[0.302s] Invoking command in '/home/shakuevda/Desktop/SAUVC/sauvc_hyadroacoustic/src/build/stingray_core_communication': AMENT_PREFIX_PATH=/home/shakuevda/Desktop/SAUVC/sauvc_hyadroacoustic/src/install/stingray_core_interfaces:/home/shakuevda/Desktop/SAUVC/sauvc_hyadroacoustic/src/install/serial:${AMENT_PREFIX_PATH} CMAKE_PREFIX_PATH=/home/shakuevda/Desktop/SAUVC/sauvc_hyadroacoustic/src/install/stingray_core_interfaces:/home/shakuevda/Desktop/SAUVC/sauvc_hyadroacoustic/src/install/serial:/opt/ros/iron LD_LIBRARY_PATH=/home/shakuevda/Desktop/SAUVC/sauvc_hyadroacoustic/src/install/stingray_core_interfaces/lib:/home/shakuevda/Desktop/SAUVC/sauvc_hyadroacoustic/src/install/serial/lib:${LD_LIBRARY_PATH} PYTHONPATH=/home/shakuevda/Desktop/SAUVC/sauvc_hyadroacoustic/src/install/stingray_core_interfaces/lib/python3.10/site-packages:${PYTHONPATH} /usr/bin/cmake --install /home/shakuevda/Desktop/SAUVC/sauvc_hyadroacoustic/src/build/stingray_core_communication
[0.312s] -- Install configuration: ""
[0.312s] -- Up-to-date: /home/shakuevda/Desktop/SAUVC/sauvc_hyadroacoustic/src/install/stingray_core_communication/include/stingray_core_communication
[0.312s] -- Up-to-date: /home/shakuevda/Desktop/SAUVC/sauvc_hyadroacoustic/src/install/stingray_core_communication/include/stingray_core_communication/hardware_bridge.h
[0.313s] -- Up-to-date: /home/shakuevda/Desktop/SAUVC/sauvc_hyadroacoustic/src/install/stingray_core_communication/include/stingray_core_communication/uart_driver.h
[0.313s] -- Up-to-date: /home/shakuevda/Desktop/SAUVC/sauvc_hyadroacoustic/src/install/stingray_core_communication/include/stingray_core_communication/udp_driver.h
[0.313s] -- Up-to-date: /home/shakuevda/Desktop/SAUVC/sauvc_hyadroacoustic/src/install/stingray_core_communication/include/stingray_core_communication/messages
[0.313s] -- Up-to-date: /home/shakuevda/Desktop/SAUVC/sauvc_hyadroacoustic/src/install/stingray_core_communication/include/stingray_core_communication/messages/direct.h
[0.314s] -- Up-to-date: /home/shakuevda/Desktop/SAUVC/sauvc_hyadroacoustic/src/install/stingray_core_communication/include/stingray_core_communication/messages/normal.h
[0.314s] -- Up-to-date: /home/shakuevda/Desktop/SAUVC/sauvc_hyadroacoustic/src/install/stingray_core_communication/include/stingray_core_communication/messages/config.h
[0.314s] -- Up-to-date: /home/shakuevda/Desktop/SAUVC/sauvc_hyadroacoustic/src/install/stingray_core_communication/include/stingray_core_communication/messages/common.h
[0.314s] -- Up-to-date: /home/shakuevda/Desktop/SAUVC/sauvc_hyadroacoustic/src/install/stingray_core_communication/lib/stingray_core_communication/hardware_bridge_node
[0.315s] -- Up-to-date: /home/shakuevda/Desktop/SAUVC/sauvc_hyadroacoustic/src/install/stingray_core_communication/lib/stingray_core_communication/uart_driver_node
[0.315s] -- Up-to-date: /home/shakuevda/Desktop/SAUVC/sauvc_hyadroacoustic/src/install/stingray_core_communication/lib/stingray_core_communication/udp_driver_node
[0.315s] -- Up-to-date: /home/shakuevda/Desktop/SAUVC/sauvc_hyadroacoustic/src/install/stingray_core_communication/lib/libstingray_core_communication.a
[0.315s] -- Up-to-date: /home/shakuevda/Desktop/SAUVC/sauvc_hyadroacoustic/src/install/stingray_core_communication/share/stingray_core_communication/environment/library_path.sh
[0.315s] -- Up-to-date: /home/shakuevda/Desktop/SAUVC/sauvc_hyadroacoustic/src/install/stingray_core_communication/share/stingray_core_communication/environment/library_path.dsv
[0.315s] -- Up-to-date: /home/shakuevda/Desktop/SAUVC/sauvc_hyadroacoustic/src/install/stingray_core_communication/share/ament_index/resource_index/package_run_dependencies/stingray_core_communication
[0.315s] -- Up-to-date: /home/shakuevda/Desktop/SAUVC/sauvc_hyadroacoustic/src/install/stingray_core_communication/share/ament_index/resource_index/parent_prefix_path/stingray_core_communication
[0.316s] -- Up-to-date: /home/shakuevda/Desktop/SAUVC/sauvc_hyadroacoustic/src/install/stingray_core_communication/share/stingray_core_communication/environment/ament_prefix_path.sh
[0.316s] -- Up-to-date: /home/shakuevda/Desktop/SAUVC/sauvc_hyadroacoustic/src/install/stingray_core_communication/share/stingray_core_communication/environment/ament_prefix_path.dsv
[0.316s] -- Up-to-date: /home/shakuevda/Desktop/SAUVC/sauvc_hyadroacoustic/src/install/stingray_core_communication/share/stingray_core_communication/environment/path.sh
[0.316s] -- Up-to-date: /home/shakuevda/Desktop/SAUVC/sauvc_hyadroacoustic/src/install/stingray_core_communication/share/stingray_core_communication/environment/path.dsv
[0.317s] -- Up-to-date: /home/shakuevda/Desktop/SAUVC/sauvc_hyadroacoustic/src/install/stingray_core_communication/share/stingray_core_communication/local_setup.bash
[0.317s] -- Up-to-date: /home/shakuevda/Desktop/SAUVC/sauvc_hyadroacoustic/src/install/stingray_core_communication/share/stingray_core_communication/local_setup.sh
[0.318s] -- Up-to-date: /home/shakuevda/Desktop/SAUVC/sauvc_hyadroacoustic/src/install/stingray_core_communication/share/stingray_core_communication/local_setup.zsh
[0.318s] -- Up-to-date: /home/shakuevda/Desktop/SAUVC/sauvc_hyadroacoustic/src/install/stingray_core_communication/share/stingray_core_communication/local_setup.dsv
[0.318s] -- Installing: /home/shakuevda/Desktop/SAUVC/sauvc_hyadroacoustic/src/install/stingray_core_communication/share/stingray_core_communication/package.dsv
[0.318s] -- Up-to-date: /home/shakuevda/Desktop/SAUVC/sauvc_hyadroacoustic/src/install/stingray_core_communication/share/ament_index/resource_index/packages/stingray_core_communication
[0.318s] -- Up-to-date: /home/shakuevda/Desktop/SAUVC/sauvc_hyadroacoustic/src/install/stingray_core_communication/share/stingray_core_communication/cmake/ament_cmake_export_dependencies-extras.cmake
[0.318s] -- Up-to-date: /home/shakuevda/Desktop/SAUVC/sauvc_hyadroacoustic/src/install/stingray_core_communication/share/stingray_core_communication/cmake/ament_cmake_export_include_directories-extras.cmake
[0.318s] -- Up-to-date: /home/shakuevda/Desktop/SAUVC/sauvc_hyadroacoustic/src/install/stingray_core_communication/share/stingray_core_communication/cmake/ament_cmake_export_libraries-extras.cmake
[0.319s] -- Up-to-date: /home/shakuevda/Desktop/SAUVC/sauvc_hyadroacoustic/src/install/stingray_core_communication/share/stingray_core_communication/cmake/stingray_core_communicationConfig.cmake
[0.319s] -- Up-to-date: /home/shakuevda/Desktop/SAUVC/sauvc_hyadroacoustic/src/install/stingray_core_communication/share/stingray_core_communication/cmake/stingray_core_communicationConfig-version.cmake
[0.319s] -- Up-to-date: /home/shakuevda/Desktop/SAUVC/sauvc_hyadroacoustic/src/install/stingray_core_communication/share/stingray_core_communication/package.xml
[0.319s] Invoked command in '/home/shakuevda/Desktop/SAUVC/sauvc_hyadroacoustic/src/build/stingray_core_communication' returned '0': AMENT_PREFIX_PATH=/home/shakuevda/Desktop/SAUVC/sauvc_hyadroacoustic/src/install/stingray_core_interfaces:/home/shakuevda/Desktop/SAUVC/sauvc_hyadroacoustic/src/install/serial:${AMENT_PREFIX_PATH} CMAKE_PREFIX_PATH=/home/shakuevda/Desktop/SAUVC/sauvc_hyadroacoustic/src/install/stingray_core_interfaces:/home/shakuevda/Desktop/SAUVC/sauvc_hyadroacoustic/src/install/serial:/opt/ros/iron LD_LIBRARY_PATH=/home/shakuevda/Desktop/SAUVC/sauvc_hyadroacoustic/src/install/stingray_core_interfaces/lib:/home/shakuevda/Desktop/SAUVC/sauvc_hyadroacoustic/src/install/serial/lib:${LD_LIBRARY_PATH} PYTHONPATH=/home/shakuevda/Desktop/SAUVC/sauvc_hyadroacoustic/src/install/stingray_core_interfaces/lib/python3.10/site-packages:${PYTHONPATH} /usr/bin/cmake --install /home/shakuevda/Desktop/SAUVC/sauvc_hyadroacoustic/src/build/stingray_core_communication
