[1.033s] Invoking command in '/home/shakuevda/Desktop/SAUVC/sauvc_hyadroacoustic/src/build/marker_finder': /usr/bin/cmake /home/shakuevda/Desktop/SAUVC/sauvc_hyadroacoustic/src/marker_finder -DCATKIN_INSTALL_INTO_PREFIX_ROOT=0 -DCMAKE_INSTALL_PREFIX=/home/shakuevda/Desktop/SAUVC/sauvc_hyadroacoustic/src/install/marker_finder
[2.285s] -- Configuring incomplete, errors occurred!
[2.285s] See also "/home/shakuevda/Desktop/SAUVC/sauvc_hyadroacoustic/src/build/marker_finder/CMakeFiles/CMakeOutput.log".
[2.286s] [31mCMake Error at CMakeLists.txt:10 (find_package):
[2.286s]   By not providing "Findcatkin.cmake" in CMAKE_MODULE_PATH this project has
[2.286s]   asked CMake to find a package configuration file provided by "catkin", but
[2.286s]   CMake did not find one.
[2.286s] 
[2.286s]   Could not find a package configuration file provided by "catkin" with any
[2.287s]   of the following names:
[2.287s] 
[2.287s]     catkinConfig.cmake
[2.287s]     catkin-config.cmake
[2.288s] 
[2.288s]   Add the installation prefix of "catkin" to CMAKE_PREFIX_PATH or set
[2.288s]   "catkin_DIR" to a directory containing one of the above files.  If "catkin"
[2.289s]   provides a separate development package or SDK, be sure it has been
[2.289s]   installed.
[2.289s] 
[2.289s] [0m
