[0.083s] Invoking command in '/home/shakuevda/Desktop/SAUVC/sauvc_hyadroacoustic/src/build/sauvc_pinger_finder': AMENT_PREFIX_PATH=/home/shakuevda/Desktop/SAUVC/sauvc_hyadroacoustic/src/install/stingray_core_communication:/home/shakuevda/Desktop/SAUVC/sauvc_hyadroacoustic/src/install/stingray_core_interfaces:/home/shakuevda/Desktop/SAUVC/sauvc_hyadroacoustic/src/install/serial:${AMENT_PREFIX_PATH} CMAKE_PREFIX_PATH=/home/shakuevda/Desktop/SAUVC/sauvc_hyadroacoustic/src/install/stingray_core_communication:/home/shakuevda/Desktop/SAUVC/sauvc_hyadroacoustic/src/install/stingray_core_interfaces:/home/shakuevda/Desktop/SAUVC/sauvc_hyadroacoustic/src/install/serial:/opt/ros/iron LD_LIBRARY_PATH=/home/shakuevda/Desktop/SAUVC/sauvc_hyadroacoustic/src/install/stingray_core_communication/lib:/home/shakuevda/Desktop/SAUVC/sauvc_hyadroacoustic/src/install/stingray_core_interfaces/lib:/home/shakuevda/Desktop/SAUVC/sauvc_hyadroacoustic/src/install/serial/lib:${LD_LIBRARY_PATH} PYTHONPATH=/home/shakuevda/Desktop/SAUVC/sauvc_hyadroacoustic/src/install/stingray_core_interfaces/lib/python3.10/site-packages:${PYTHONPATH} /usr/bin/cmake --build /home/shakuevda/Desktop/SAUVC/sauvc_hyadroacoustic/src/build/sauvc_pinger_finder -- -j16 -l16
[0.119s] -- Found ament_cmake: 2.0.4 (/opt/ros/iron/share/ament_cmake/cmake)
[0.376s] -- Found rclcpp: 21.0.5 (/opt/ros/iron/share/rclcpp/cmake)
[0.424s] -- Found rosidl_generator_c: 4.0.1 (/opt/ros/iron/share/rosidl_generator_c/cmake)
[0.436s] -- Found rosidl_generator_cpp: 4.0.1 (/opt/ros/iron/share/rosidl_generator_cpp/cmake)
[0.454s] -- Using all available rosidl_typesupport_c: rosidl_typesupport_fastrtps_c;rosidl_typesupport_introspection_c
[0.478s] -- Using all available rosidl_typesupport_cpp: rosidl_typesupport_fastrtps_cpp;rosidl_typesupport_introspection_cpp
[0.723s] -- Found rmw_implementation_cmake: 7.1.0 (/opt/ros/iron/share/rmw_implementation_cmake/cmake)
[0.725s] -- Found rmw_fastrtps_cpp: 7.1.3 (/opt/ros/iron/share/rmw_fastrtps_cpp/cmake)
[0.932s] -- Using RMW implementation 'rmw_fastrtps_cpp' as default
[1.239s] -- Found std_msgs: 5.0.0 (/opt/ros/iron/share/std_msgs/cmake)
[1.281s] -- Found std_srvs: 5.0.0 (/opt/ros/iron/share/std_srvs/cmake)
[1.353s] -- Found serial: 1.2.1 (/home/shakuevda/Desktop/SAUVC/sauvc_hyadroacoustic/src/install/serial/share/serial/cmake)
[1.357s] -- Found stingray_core_interfaces: 0.1.0 (/home/shakuevda/Desktop/SAUVC/sauvc_hyadroacoustic/src/install/stingray_core_interfaces/share/stingray_core_interfaces/cmake)
[1.577s] -- Found stingray_core_communication: 0.1.0 (/home/shakuevda/Desktop/SAUVC/sauvc_hyadroacoustic/src/install/stingray_core_communication/share/stingray_core_communication/cmake)
[1.587s] -- Found ament_lint_auto: 0.14.3 (/opt/ros/iron/share/ament_lint_auto/cmake)
[1.688s] -- Added test 'cppcheck' to perform static code analysis on C / C++ code
[1.689s] -- Configured cppcheck include dirs: /home/shakuevda/Desktop/SAUVC/sauvc_hyadroacoustic/src/sauvc_pinger_finder/include
[1.689s] -- Configured cppcheck exclude dirs and/or files: 
[1.690s] -- Added test 'lint_cmake' to check CMake code style
[1.691s] -- Added test 'uncrustify' to check C / C++ code style
[1.691s] -- Configured uncrustify additional arguments: 
[1.692s] -- Added test 'xmllint' to check XML markup files
[1.693s] -- Configuring done
[1.710s] -- Generating done
[1.713s] -- Build files have been written to: /home/shakuevda/Desktop/SAUVC/sauvc_hyadroacoustic/src/build/sauvc_pinger_finder
[1.767s] [ 33%] [32mBuilding CXX object CMakeFiles/uart_driver_node.dir/src/uart_driver_node.cpp.o[0m
[1.767s] [ 66%] [32mBuilding CXX object CMakeFiles/uart_driver_node.dir/src/messages/msg_pingerFinder.cpp.o[0m
[1.779s] [01m[K/home/shakuevda/Desktop/SAUVC/sauvc_hyadroacoustic/src/sauvc_pinger_finder/src/messages/msg_pingerFinder.cpp:1:10:[m[K [01;31m[Kfatal error: [m[Ksauvc_pinger_finder/include/sauvc_pinger_finder/messages/msg_pingerFinder.h: No such file or directory
[1.779s]     1 | #include [01;31m[K"sauvc_pinger_finder/include/sauvc_pinger_finder/messages/msg_pingerFinder.h"[m[K
[1.779s]       |          [01;31m[K^~~~~~~~~~~~~~~~~~~~~~~~~~~~~~~~~~~~~~~~~~~~~~~~~~~~~~~~~~~~~~~~~~~~~~~~~~~~~[m[K
[1.779s] compilation terminated.
[1.780s] gmake[2]: *** [CMakeFiles/uart_driver_node.dir/build.make:90: CMakeFiles/uart_driver_node.dir/src/messages/msg_pingerFinder.cpp.o] Error 1
[1.780s] gmake[2]: *** Waiting for unfinished jobs....
[2.769s] [01m[K/home/shakuevda/Desktop/SAUVC/sauvc_hyadroacoustic/src/sauvc_pinger_finder/src/uart_driver_node.cpp:2:10:[m[K [01;31m[Kfatal error: [m[Ksauvc_pinger_finder/msg_pingerFinder.h: No such file or directory
[2.769s]     2 | #include [01;31m[K"sauvc_pinger_finder/msg_pingerFinder.h"[m[K
[2.769s]       |          [01;31m[K^~~~~~~~~~~~~~~~~~~~~~~~~~~~~~~~~~~~~~~~[m[K
[2.769s] compilation terminated.
[2.779s] gmake[2]: *** [CMakeFiles/uart_driver_node.dir/build.make:76: CMakeFiles/uart_driver_node.dir/src/uart_driver_node.cpp.o] Error 1
[2.780s] gmake[1]: *** [CMakeFiles/Makefile2:137: CMakeFiles/uart_driver_node.dir/all] Error 2
[2.780s] gmake: *** [Makefile:146: all] Error 2
[2.783s] Invoked command in '/home/shakuevda/Desktop/SAUVC/sauvc_hyadroacoustic/src/build/sauvc_pinger_finder' returned '2': AMENT_PREFIX_PATH=/home/shakuevda/Desktop/SAUVC/sauvc_hyadroacoustic/src/install/stingray_core_communication:/home/shakuevda/Desktop/SAUVC/sauvc_hyadroacoustic/src/install/stingray_core_interfaces:/home/shakuevda/Desktop/SAUVC/sauvc_hyadroacoustic/src/install/serial:${AMENT_PREFIX_PATH} CMAKE_PREFIX_PATH=/home/shakuevda/Desktop/SAUVC/sauvc_hyadroacoustic/src/install/stingray_core_communication:/home/shakuevda/Desktop/SAUVC/sauvc_hyadroacoustic/src/install/stingray_core_interfaces:/home/shakuevda/Desktop/SAUVC/sauvc_hyadroacoustic/src/install/serial:/opt/ros/iron LD_LIBRARY_PATH=/home/shakuevda/Desktop/SAUVC/sauvc_hyadroacoustic/src/install/stingray_core_communication/lib:/home/shakuevda/Desktop/SAUVC/sauvc_hyadroacoustic/src/install/stingray_core_interfaces/lib:/home/shakuevda/Desktop/SAUVC/sauvc_hyadroacoustic/src/install/serial/lib:${LD_LIBRARY_PATH} PYTHONPATH=/home/shakuevda/Desktop/SAUVC/sauvc_hyadroacoustic/src/install/stingray_core_interfaces/lib/python3.10/site-packages:${PYTHONPATH} /usr/bin/cmake --build /home/shakuevda/Desktop/SAUVC/sauvc_hyadroacoustic/src/build/sauvc_pinger_finder -- -j16 -l16
