[0.354s] Invoking command in '/home/shakuevda/Desktop/SAUVC/sauvc_hyadroacoustic/src/build/stingray_interfaces': /usr/bin/cmake /home/shakuevda/Desktop/SAUVC/sauvc_hyadroacoustic/src/stingray/src/stingray_interfaces -DCMAKE_INSTALL_PREFIX=/home/shakuevda/Desktop/SAUVC/sauvc_hyadroacoustic/src/install/stingray_interfaces
[1.612s] -- The C compiler identification is GNU 11.4.0
[1.613s] -- The CXX compiler identification is GNU 11.4.0
[1.613s] -- Detecting C compiler ABI info
[1.613s] -- Detecting C compiler ABI info - done
[1.614s] -- Check for working C compiler: /usr/bin/cc - skipped
[1.614s] -- Detecting C compile features
[1.615s] -- Detecting C compile features - done
[1.617s] -- Detecting CXX compiler ABI info
[1.618s] -- Detecting CXX compiler ABI info - done
[1.618s] -- Check for working CXX compiler: /usr/bin/c++ - skipped
[1.619s] -- Detecting CXX compile features
[1.619s] -- Detecting CXX compile features - done
[1.619s] -- Configuring incomplete, errors occurred!
[1.619s] See also "/home/shakuevda/Desktop/SAUVC/sauvc_hyadroacoustic/src/build/stingray_interfaces/CMakeFiles/CMakeOutput.log".
[1.619s] [31mCMake Error at CMakeLists.txt:9 (find_package):
[1.619s]   By not providing "Findament_cmake.cmake" in CMAKE_MODULE_PATH this project
[1.619s]   has asked CMake to find a package configuration file provided by
[1.620s]   "ament_cmake", but CMake did not find one.
[1.620s] 
[1.620s]   Could not find a package configuration file provided by "ament_cmake" with
[1.620s]   any of the following names:
[1.620s] 
[1.620s]     ament_cmakeConfig.cmake
[1.620s]     ament_cmake-config.cmake
[1.620s] 
[1.620s]   Add the installation prefix of "ament_cmake" to CMAKE_PREFIX_PATH or set
[1.620s]   "ament_cmake_DIR" to a directory containing one of the above files.  If
[1.620s]   "ament_cmake" provides a separate development package or SDK, be sure it
[1.620s]   has been installed.
[1.620s] 
[1.620s] [0m
[1.981s] Invoked command in '/home/shakuevda/Desktop/SAUVC/sauvc_hyadroacoustic/src/build/stingray_interfaces' returned '1': /usr/bin/cmake /home/shakuevda/Desktop/SAUVC/sauvc_hyadroacoustic/src/stingray/src/stingray_interfaces -DCMAKE_INSTALL_PREFIX=/home/shakuevda/Desktop/SAUVC/sauvc_hyadroacoustic/src/install/stingray_interfaces
