[0.000000] (-) TimerEvent: {}
[0.000188] (-) JobUnselected: {'identifier': 'marker_finder'}
[0.000235] (-) JobUnselected: {'identifier': 'sauvc_launch'}
[0.000257] (-) JobUnselected: {'identifier': 'sauvc_missions'}
[0.000300] (-) JobUnselected: {'identifier': 'sauvc_object_detection'}
[0.000317] (-) JobUnselected: {'identifier': 'serial'}
[0.000334] (-) JobUnselected: {'identifier': 'stingray_core_communication'}
[0.000349] (-) JobUnselected: {'identifier': 'stingray_core_interfaces'}
[0.000366] (-) JobUnselected: {'identifier': 'stingray_core_launch'}
[0.000381] (-) JobUnselected: {'identifier': 'stingray_devices'}
[0.000395] (-) JobUnselected: {'identifier': 'stingray_interfaces'}
[0.000410] (-) JobUnselected: {'identifier': 'stingray_launch'}
[0.000425] (-) JobUnselected: {'identifier': 'stingray_missions'}
[0.000439] (-) JobUnselected: {'identifier': 'stingray_movement'}
[0.000453] (-) JobUnselected: {'identifier': 'stingray_object_detection'}
[0.000469] (-) JobUnselected: {'identifier': 'stingray_utils'}
[0.000486] (sauvc_pinger_finder) JobQueued: {'identifier': 'sauvc_pinger_finder', 'dependencies': OrderedDict([('serial', '/home/shakuevda/Desktop/SAUVC/sauvc_hyadroacoustic/src/install/serial'), ('stingray_core_interfaces', '/home/shakuevda/Desktop/SAUVC/sauvc_hyadroacoustic/src/install/stingray_core_interfaces'), ('stingray_core_communication', '/home/shakuevda/Desktop/SAUVC/sauvc_hyadroacoustic/src/install/stingray_core_communication')])}
[0.000515] (sauvc_pinger_finder) JobStarted: {'identifier': 'sauvc_pinger_finder'}
[0.098731] (-) TimerEvent: {}
[0.189171] (sauvc_pinger_finder) JobEnded: {'identifier': 'sauvc_pinger_finder', 'rc': 1}
[0.198897] (-) TimerEvent: {}
[0.200145] (-) EventReactorShutdown: {}
