[  1%] [34m[1mGenerating type hashes for ROS interfaces[0m
[  1%] Built target ament_cmake_python_copy_stingray_core_interfaces
running egg_info
creating stingray_core_interfaces.egg-info
writing stingray_core_interfaces.egg-info/PKG-INFO
writing dependency_links to stingray_core_interfaces.egg-info/dependency_links.txt
writing top-level names to stingray_core_interfaces.egg-info/top_level.txt
writing manifest file 'stingray_core_interfaces.egg-info/SOURCES.txt'
reading manifest file 'stingray_core_interfaces.egg-info/SOURCES.txt'
writing manifest file 'stingray_core_interfaces.egg-info/SOURCES.txt'
[  1%] Built target ament_cmake_python_build_stingray_core_interfaces_egg
[  1%] Built target stingray_core_interfaces__rosidl_generator_type_description
[  2%] [34m[1mGenerating C code for ROS interfaces[0m
[  3%] [34m[1mGenerating C++ code for ROS interfaces[0m
Traceback (most recent call last):
Traceback (most recent call last):
  File "/opt/ros/iron/share/rosidl_generator_c/cmake/../../../lib/rosidl_generator_c/rosidl_generator_c", line 42, in <module>
  File "/opt/ros/iron/share/rosidl_generator_cpp/cmake/../../../lib/rosidl_generator_cpp/rosidl_generator_cpp", line 38, in <module>
gmake[2]: *** Deleting file 'rosidl_generator_c/stingray_core_interfaces/msg/uv_state.h'
gmake[2]: *** Deleting file 'rosidl_generator_cpp/stingray_core_interfaces/msg/uv_state.hpp'
    sys.exit(main())
  File "/opt/ros/iron/share/rosidl_generator_c/cmake/../../../lib/rosidl_generator_c/rosidl_generator_c", line 38, in main
    sys.exit(main())
  File "/opt/ros/iron/share/rosidl_generator_cpp/cmake/../../../lib/rosidl_generator_cpp/rosidl_generator_cpp", line 34, in main
    generate_c(args.generator_arguments_file, args.disable_description_codegen)
  File "/opt/ros/iron/lib/python3.10/site-packages/rosidl_generator_c/__init__.py", line 41, in generate_c
    generate_cpp(args.generator_arguments_file)
    return generate_files(
  File "/opt/ros/iron/lib/python3.10/site-packages/rosidl_generator_cpp/__init__.py", line 38, in generate_cpp
  File "/opt/ros/iron/lib/python3.10/site-packages/rosidl_pycommon/__init__.py", line 107, in generate_files
    expand_template(
  File "/opt/ros/iron/lib/python3.10/site-packages/rosidl_pycommon/__init__.py", line 169, in expand_template
    return generate_files(
  File "/opt/ros/iron/lib/python3.10/site-packages/rosidl_pycommon/__init__.py", line 92, in generate_files
    interpreter.string(template_content, template_path, locals=data)
  File "/usr/lib/python3/dist-packages/em.py", line 2391, in string
    idl_file = parse_idl_file(locator)
  File "/opt/ros/iron/lib/python3.10/site-packages/rosidl_parser/parser.py", line 64, in parse_idl_file
    content = parse_idl_string(string, png_file=png_file)
  File "/opt/ros/iron/lib/python3.10/site-packages/rosidl_parser/parser.py", line 72, in parse_idl_string
    tree = get_ast_from_idl_string(idl_string)
  File "/opt/ros/iron/lib/python3.10/site-packages/rosidl_parser/parser.py", line 89, in get_ast_from_idl_string
    return _parser.parse(idl_string)
  File "/usr/lib/python3/dist-packages/lark/lark.py", line 619, in parse
    return self.parser.parse(text, start=start, on_error=on_error)
  File "/usr/lib/python3/dist-packages/lark/parser_frontends.py", line 99, in parse
    return self.parser.parse(stream, chosen_start, **kw)
  File "/usr/lib/python3/dist-packages/lark/parsers/earley.py", line 292, in parse
    self.safe(scanner, True, locals)
  File "/usr/lib/python3/dist-packages/em.py", line 2401, in safe
    return transformer.transform(solutions[0])
  File "/usr/lib/python3/dist-packages/lark/parsers/earley_forest.py", line 395, in transform
    self.visit(root)
  File "/usr/lib/python3/dist-packages/lark/parsers/earley_forest.py", line 531, in visit
    self.parse(scanner, locals)
  File "/usr/lib/python3/dist-packages/em.py", line 2421, in parse
    self.prioritizer.visit(root)
  File "/usr/lib/python3/dist-packages/lark/parsers/earley_forest.py", line 355, in visit
    next_node = vsni(current)
  File "/usr/lib/python3/dist-packages/lark/parsers/earley_forest.py", line 472, in visit_symbol_node_in
    return iter(node.children)
  File "/usr/lib/python3/dist-packages/lark/parsers/earley_forest.py", line 89, in children
    token.run(self, locals)
  File "/usr/lib/python3/dist-packages/em.py", line 1547, in run
    return sorted(self._children, key=attrgetter('sort_key'))
  File "/usr/lib/python3/dist-packages/lark/parsers/earley_forest.py", line 139, in sort_key
    @property
KeyboardInterrupt
    self.subrun(info[0][1], interpreter, locals)
  File "/usr/lib/python3/dist-packages/em.py", line 1631, in subrun
    token.run(interpreter, locals)
  File "/usr/lib/python3/dist-packages/em.py", line 1425, in run
    interpreter.execute(self.code, locals)
  File "/usr/lib/python3/dist-packages/em.py", line 2596, in execute
    _exec(statements, self.globals, locals)
  File "<string>", line 3, in <module>
  File "/opt/ros/iron/lib/python3.10/site-packages/rosidl_pycommon/__init__.py", line 218, in _expand_template
    interpreter.string(content, str(template_path), kwargs)
  File "/usr/lib/python3/dist-packages/em.py", line 2391, in string
    self.safe(scanner, True, locals)
  File "/usr/lib/python3/dist-packages/em.py", line 2401, in safe
    self.parse(scanner, locals)
  File "/usr/lib/python3/dist-packages/em.py", line 2417, in parse
    token = scanner.one()
  File "/usr/lib/python3/dist-packages/em.py", line 1984, in one
    token.scan(self)
  File "/usr/lib/python3/dist-packages/em.py", line 1421, in scan
    i = scanner.complex('{', '}', 0)
  File "/usr/lib/python3/dist-packages/em.py", line 1893, in complex
    newQuote = self.check(i, quote)
  File "/usr/lib/python3/dist-packages/em.py", line 1766, in check
    if self[i] in '\'\"':
  File "/usr/lib/python3/dist-packages/em.py", line 1683, in __getitem__
    if isinstance(index, slice):
KeyboardInterrupt
Exception ignored in: <function Interpreter.__del__ at 0x7869af021e10>
Traceback (most recent call last):
  File "/usr/lib/python3/dist-packages/em.py", line 2094, in __del__
  File "/usr/lib/python3/dist-packages/em.py", line 2157, in shutdown
  File "/usr/lib/python3/dist-packages/em.py", line 2647, in finalize
  File "/usr/lib/python3/dist-packages/em.py", line 2200, in push
AttributeError: '_io.TextIOWrapper' object has no attribute 'push'
gmake[2]: *** [CMakeFiles/stingray_core_interfaces__rosidl_generator_c.dir/build.make:160: rosidl_generator_c/stingray_core_interfaces/msg/uv_state.h] Interrupt
gmake[1]: *** [CMakeFiles/Makefile2:240: CMakeFiles/stingray_core_interfaces__rosidl_generator_c.dir/all] Interrupt
gmake[2]: *** [CMakeFiles/stingray_core_interfaces__cpp.dir/build.make:178: rosidl_generator_cpp/stingray_core_interfaces/msg/uv_state.hpp] Interrupt
gmake[1]: *** [CMakeFiles/Makefile2:293: CMakeFiles/stingray_core_interfaces__cpp.dir/all] Interrupt
gmake: *** [Makefile:146: all] Interrupt
