[0.332s] Invoking command in '/home/shakuevda/Desktop/SAUVC/sauvc_hyadroacoustic/src/build/serial': /usr/bin/cmake /home/shakuevda/Desktop/SAUVC/sauvc_hyadroacoustic/src/stingray/src/stingray_core/src/serial -DCMAKE_INSTALL_PREFIX=/home/shakuevda/Desktop/SAUVC/sauvc_hyadroacoustic/src/install/serial
[1.599s] -- The C compiler identification is GNU 11.4.0
[1.599s] -- The CXX compiler identification is GNU 11.4.0
[1.599s] -- Detecting C compiler ABI info
[1.599s] -- Detecting C compiler ABI info - done
[1.599s] -- Check for working C compiler: /usr/bin/cc - skipped
[1.599s] -- Detecting C compile features
[1.600s] -- Detecting C compile features - done
[1.600s] -- Detecting CXX compiler ABI info
[1.600s] -- Detecting CXX compiler ABI info - done
[1.600s] -- Check for working CXX compiler: /usr/bin/c++ - skipped
[1.600s] -- Detecting CXX compile features
[1.600s] -- Detecting CXX compile features - done
[1.600s] -- Configuring incomplete, errors occurred!
[1.600s] See also "/home/shakuevda/Desktop/SAUVC/sauvc_hyadroacoustic/src/build/serial/CMakeFiles/CMakeOutput.log".
[1.600s] [31mCMake Error at CMakeLists.txt:15 (find_package):
[1.600s]   By not providing "Findrosidl_default_generators.cmake" in CMAKE_MODULE_PATH
[1.600s]   this project has asked CMake to find a package configuration file provided
[1.600s]   by "rosidl_default_generators", but CMake did not find one.
[1.600s] 
[1.600s]   Could not find a package configuration file provided by
[1.601s]   "rosidl_default_generators" with any of the following names:
[1.601s] 
[1.601s]     rosidl_default_generatorsConfig.cmake
[1.601s]     rosidl_default_generators-config.cmake
[1.601s] 
[1.601s]   Add the installation prefix of "rosidl_default_generators" to
[1.601s]   CMAKE_PREFIX_PATH or set "rosidl_default_generators_DIR" to a directory
[1.601s]   containing one of the above files.  If "rosidl_default_generators" provides
[1.601s]   a separate development package or SDK, be sure it has been installed.
[1.601s] 
[1.601s] [0m
[1.954s] Invoked command in '/home/shakuevda/Desktop/SAUVC/sauvc_hyadroacoustic/src/build/serial' returned '1': /usr/bin/cmake /home/shakuevda/Desktop/SAUVC/sauvc_hyadroacoustic/src/stingray/src/stingray_core/src/serial -DCMAKE_INSTALL_PREFIX=/home/shakuevda/Desktop/SAUVC/sauvc_hyadroacoustic/src/install/serial
