[0.084s] Invoking command in '/home/shakuevda/Desktop/SAUVC/sauvc_hyadroacoustic/src/build/stingray_core_communication': AMENT_PREFIX_PATH=/home/shakuevda/Desktop/SAUVC/sauvc_hyadroacoustic/src/install/serial:${AMENT_PREFIX_PATH} CMAKE_PREFIX_PATH=/home/shakuevda/Desktop/SAUVC/sauvc_hyadroacoustic/src/install/serial:/opt/ros/iron LD_LIBRARY_PATH=/home/shakuevda/Desktop/SAUVC/sauvc_hyadroacoustic/src/install/serial/lib:${LD_LIBRARY_PATH} /usr/bin/cmake /home/shakuevda/Desktop/SAUVC/sauvc_hyadroacoustic/src/stingray/src/stingray_core/src/stingray_core_communication -DCMAKE_INSTALL_PREFIX=/home/shakuevda/Desktop/SAUVC/sauvc_hyadroacoustic/src/install/stingray_core_communication
[0.103s] -- Found ament_cmake: 2.0.4 (/opt/ros/iron/share/ament_cmake/cmake)
[0.379s] -- Found rclcpp: 21.0.5 (/opt/ros/iron/share/rclcpp/cmake)
[0.424s] -- Found rosidl_generator_c: 4.0.1 (/opt/ros/iron/share/rosidl_generator_c/cmake)
[0.440s] -- Found rosidl_generator_cpp: 4.0.1 (/opt/ros/iron/share/rosidl_generator_cpp/cmake)
[0.460s] -- Using all available rosidl_typesupport_c: rosidl_typesupport_fastrtps_c;rosidl_typesupport_introspection_c
[0.483s] -- Using all available rosidl_typesupport_cpp: rosidl_typesupport_fastrtps_cpp;rosidl_typesupport_introspection_cpp
[0.722s] -- Found rmw_implementation_cmake: 7.1.0 (/opt/ros/iron/share/rmw_implementation_cmake/cmake)
[0.725s] -- Found rmw_fastrtps_cpp: 7.1.3 (/opt/ros/iron/share/rmw_fastrtps_cpp/cmake)
[0.914s] -- Using RMW implementation 'rmw_fastrtps_cpp' as default
[1.196s] -- Found std_msgs: 5.0.0 (/opt/ros/iron/share/std_msgs/cmake)
[1.248s] -- Found std_srvs: 5.0.0 (/opt/ros/iron/share/std_srvs/cmake)
[1.315s] -- Found serial: 1.2.1 (/home/shakuevda/Desktop/SAUVC/sauvc_hyadroacoustic/src/install/serial/share/serial/cmake)
[1.334s] [31mCMake Error at CMakeLists.txt:15 (find_package):
[1.335s]   By not providing "Findstingray_core_interfaces.cmake" in CMAKE_MODULE_PATH
[1.335s]   this project has asked CMake to find a package configuration file provided
[1.335s]   by "stingray_core_interfaces", but CMake did not find one.
[1.335s] 
[1.335s]   Could not find a package configuration file provided by
[1.335s]   "stingray_core_interfaces" with any of the following names:
[1.335s] 
[1.336s]     stingray_core_interfacesConfig.cmake
[1.336s]     stingray_core_interfaces-config.cmake
[1.336s] 
[1.336s]   Add the installation prefix of "stingray_core_interfaces" to
[1.336s]   CMAKE_PREFIX_PATH or set "stingray_core_interfaces_DIR" to a directory
[1.336s]   containing one of the above files.  If "stingray_core_interfaces" provides
[1.336s]   a separate development package or SDK, be sure it has been installed.
[1.336s] 
[1.337s] [0m
[1.337s] -- Configuring incomplete, errors occurred!
[1.337s] See also "/home/shakuevda/Desktop/SAUVC/sauvc_hyadroacoustic/src/build/stingray_core_communication/CMakeFiles/CMakeOutput.log".
[1.344s] Invoked command in '/home/shakuevda/Desktop/SAUVC/sauvc_hyadroacoustic/src/build/stingray_core_communication' returned '1': AMENT_PREFIX_PATH=/home/shakuevda/Desktop/SAUVC/sauvc_hyadroacoustic/src/install/serial:${AMENT_PREFIX_PATH} CMAKE_PREFIX_PATH=/home/shakuevda/Desktop/SAUVC/sauvc_hyadroacoustic/src/install/serial:/opt/ros/iron LD_LIBRARY_PATH=/home/shakuevda/Desktop/SAUVC/sauvc_hyadroacoustic/src/install/serial/lib:${LD_LIBRARY_PATH} /usr/bin/cmake /home/shakuevda/Desktop/SAUVC/sauvc_hyadroacoustic/src/stingray/src/stingray_core/src/stingray_core_communication -DCMAKE_INSTALL_PREFIX=/home/shakuevda/Desktop/SAUVC/sauvc_hyadroacoustic/src/install/stingray_core_communication
