[0.158s] Invoking command in '/home/shakuevda/Desktop/SAUVC/sauvc_hyadroacoustic/src/build/serial': CMAKE_PREFIX_PATH=/opt/ros/iron /usr/bin/cmake --build /home/shakuevda/Desktop/SAUVC/sauvc_hyadroacoustic/src/build/serial -- -j16 -l16
[0.243s] [100%] Built target serial
[0.267s] Invoked command in '/home/shakuevda/Desktop/SAUVC/sauvc_hyadroacoustic/src/build/serial' returned '0': CMAKE_PREFIX_PATH=/opt/ros/iron /usr/bin/cmake --build /home/shakuevda/Desktop/SAUVC/sauvc_hyadroacoustic/src/build/serial -- -j16 -l16
[0.347s] Invoking command in '/home/shakuevda/Desktop/SAUVC/sauvc_hyadroacoustic/src/build/serial': CMAKE_PREFIX_PATH=/opt/ros/iron /usr/bin/cmake --install /home/shakuevda/Desktop/SAUVC/sauvc_hyadroacoustic/src/build/serial
[0.363s] -- Install configuration: ""
[0.364s] -- Up-to-date: /home/shakuevda/Desktop/SAUVC/sauvc_hyadroacoustic/src/install/serial/lib/libserial.a
[0.364s] -- Up-to-date: /home/shakuevda/Desktop/SAUVC/sauvc_hyadroacoustic/src/install/serial/share/serial/environment/library_path.sh
[0.364s] -- Up-to-date: /home/shakuevda/Desktop/SAUVC/sauvc_hyadroacoustic/src/install/serial/share/serial/environment/library_path.dsv
[0.365s] -- Up-to-date: /home/shakuevda/Desktop/SAUVC/sauvc_hyadroacoustic/src/install/serial/include/serial
[0.365s] -- Up-to-date: /home/shakuevda/Desktop/SAUVC/sauvc_hyadroacoustic/src/install/serial/include/serial/serial.h
[0.365s] -- Up-to-date: /home/shakuevda/Desktop/SAUVC/sauvc_hyadroacoustic/src/install/serial/include/serial/impl
[0.365s] -- Up-to-date: /home/shakuevda/Desktop/SAUVC/sauvc_hyadroacoustic/src/install/serial/include/serial/impl/unix.h
[0.365s] -- Up-to-date: /home/shakuevda/Desktop/SAUVC/sauvc_hyadroacoustic/src/install/serial/include/serial/impl/win.h
[0.366s] -- Up-to-date: /home/shakuevda/Desktop/SAUVC/sauvc_hyadroacoustic/src/install/serial/include/serial/v8stdint.h
[0.366s] -- Up-to-date: /home/shakuevda/Desktop/SAUVC/sauvc_hyadroacoustic/src/install/serial/share/ament_index/resource_index/package_run_dependencies/serial
[0.366s] -- Up-to-date: /home/shakuevda/Desktop/SAUVC/sauvc_hyadroacoustic/src/install/serial/share/ament_index/resource_index/parent_prefix_path/serial
[0.366s] -- Up-to-date: /home/shakuevda/Desktop/SAUVC/sauvc_hyadroacoustic/src/install/serial/share/serial/environment/ament_prefix_path.sh
[0.366s] -- Up-to-date: /home/shakuevda/Desktop/SAUVC/sauvc_hyadroacoustic/src/install/serial/share/serial/environment/ament_prefix_path.dsv
[0.367s] -- Up-to-date: /home/shakuevda/Desktop/SAUVC/sauvc_hyadroacoustic/src/install/serial/share/serial/environment/path.sh
[0.367s] -- Up-to-date: /home/shakuevda/Desktop/SAUVC/sauvc_hyadroacoustic/src/install/serial/share/serial/environment/path.dsv
[0.367s] -- Up-to-date: /home/shakuevda/Desktop/SAUVC/sauvc_hyadroacoustic/src/install/serial/share/serial/local_setup.bash
[0.367s] -- Up-to-date: /home/shakuevda/Desktop/SAUVC/sauvc_hyadroacoustic/src/install/serial/share/serial/local_setup.sh
[0.368s] -- Up-to-date: /home/shakuevda/Desktop/SAUVC/sauvc_hyadroacoustic/src/install/serial/share/serial/local_setup.zsh
[0.368s] -- Up-to-date: /home/shakuevda/Desktop/SAUVC/sauvc_hyadroacoustic/src/install/serial/share/serial/local_setup.dsv
[0.368s] -- Installing: /home/shakuevda/Desktop/SAUVC/sauvc_hyadroacoustic/src/install/serial/share/serial/package.dsv
[0.368s] -- Up-to-date: /home/shakuevda/Desktop/SAUVC/sauvc_hyadroacoustic/src/install/serial/share/ament_index/resource_index/packages/serial
[0.368s] -- Up-to-date: /home/shakuevda/Desktop/SAUVC/sauvc_hyadroacoustic/src/install/serial/share/serial/cmake/ament_cmake_export_include_directories-extras.cmake
[0.369s] -- Up-to-date: /home/shakuevda/Desktop/SAUVC/sauvc_hyadroacoustic/src/install/serial/share/serial/cmake/ament_cmake_export_libraries-extras.cmake
[0.370s] -- Up-to-date: /home/shakuevda/Desktop/SAUVC/sauvc_hyadroacoustic/src/install/serial/share/serial/cmake/ament_cmake_export_dependencies-extras.cmake
[0.371s] -- Up-to-date: /home/shakuevda/Desktop/SAUVC/sauvc_hyadroacoustic/src/install/serial/share/serial/cmake/serialConfig.cmake
[0.371s] -- Up-to-date: /home/shakuevda/Desktop/SAUVC/sauvc_hyadroacoustic/src/install/serial/share/serial/cmake/serialConfig-version.cmake
[0.372s] -- Up-to-date: /home/shakuevda/Desktop/SAUVC/sauvc_hyadroacoustic/src/install/serial/share/serial/package.xml
[0.373s] Invoked command in '/home/shakuevda/Desktop/SAUVC/sauvc_hyadroacoustic/src/build/serial' returned '0': CMAKE_PREFIX_PATH=/opt/ros/iron /usr/bin/cmake --install /home/shakuevda/Desktop/SAUVC/sauvc_hyadroacoustic/src/build/serial
