[  1%] Built target stingray_core_interfaces__rosidl_generator_type_description
[  1%] Built target ament_cmake_python_copy_stingray_core_interfaces
[  2%] [34m[1mGenerating C code for ROS interfaces[0m
[  3%] [34m[1mGenerating C++ code for ROS interfaces[0m
running egg_info
writing stingray_core_interfaces.egg-info/PKG-INFO
writing dependency_links to stingray_core_interfaces.egg-info/dependency_links.txt
writing top-level names to stingray_core_interfaces.egg-info/top_level.txt
reading manifest file 'stingray_core_interfaces.egg-info/SOURCES.txt'
writing manifest file 'stingray_core_interfaces.egg-info/SOURCES.txt'
[  3%] Built target ament_cmake_python_build_stingray_core_interfaces_egg
[  3%] Built target stingray_core_interfaces__cpp
[  4%] [32mBuilding C object CMakeFiles/stingray_core_interfaces__rosidl_generator_c.dir/rosidl_generator_c/stingray_core_interfaces/msg/detail/uv_state__description.c.o[0m
[  5%] [32mBuilding C object CMakeFiles/stingray_core_interfaces__rosidl_generator_c.dir/rosidl_generator_c/stingray_core_interfaces/msg/detail/uv_state__functions.c.o[0m
[  7%] [32mBuilding C object CMakeFiles/stingray_core_interfaces__rosidl_generator_c.dir/rosidl_generator_c/stingray_core_interfaces/msg/detail/uv_state__type_support.c.o[0m
[  9%] [32mBuilding C object CMakeFiles/stingray_core_interfaces__rosidl_generator_c.dir/rosidl_generator_c/stingray_core_interfaces/msg/detail/device_state__type_support.c.o[0m
[ 10%] [32mBuilding C object CMakeFiles/stingray_core_interfaces__rosidl_generator_c.dir/rosidl_generator_c/stingray_core_interfaces/msg/detail/device_state__functions.c.o[0m
[ 11%] [32mBuilding C object CMakeFiles/stingray_core_interfaces__rosidl_generator_c.dir/rosidl_generator_c/stingray_core_interfaces/msg/detail/device_state_array__functions.c.o[0m
[ 11%] [32mBuilding C object CMakeFiles/stingray_core_interfaces__rosidl_generator_c.dir/rosidl_generator_c/stingray_core_interfaces/msg/detail/device_state__description.c.o[0m
[ 13%] [32mBuilding C object CMakeFiles/stingray_core_interfaces__rosidl_generator_c.dir/rosidl_generator_c/stingray_core_interfaces/msg/detail/device_state_array__type_support.c.o[0m
[ 14%] [32mBuilding C object CMakeFiles/stingray_core_interfaces__rosidl_generator_c.dir/rosidl_generator_c/stingray_core_interfaces/msg/detail/device_state_array__description.c.o[0m
[ 15%] [32mBuilding C object CMakeFiles/stingray_core_interfaces__rosidl_generator_c.dir/rosidl_generator_c/stingray_core_interfaces/srv/detail/set_device__functions.c.o[0m
[ 16%] [32mBuilding C object CMakeFiles/stingray_core_interfaces__rosidl_generator_c.dir/rosidl_generator_c/stingray_core_interfaces/srv/detail/set_device__description.c.o[0m
[ 17%] [32mBuilding C object CMakeFiles/stingray_core_interfaces__rosidl_generator_c.dir/rosidl_generator_c/stingray_core_interfaces/srv/detail/set_device__type_support.c.o[0m
[ 19%] [32mBuilding C object CMakeFiles/stingray_core_interfaces__rosidl_generator_c.dir/rosidl_generator_c/stingray_core_interfaces/srv/detail/set_twist__functions.c.o[0m
[ 20%] [32mBuilding C object CMakeFiles/stingray_core_interfaces__rosidl_generator_c.dir/rosidl_generator_c/stingray_core_interfaces/srv/detail/set_stabilization__description.c.o[0m
[ 21%] [32mBuilding C object CMakeFiles/stingray_core_interfaces__rosidl_generator_c.dir/rosidl_generator_c/stingray_core_interfaces/srv/detail/set_twist__type_support.c.o[0m
[ 22%] [32mBuilding C object CMakeFiles/stingray_core_interfaces__rosidl_generator_c.dir/rosidl_generator_c/stingray_core_interfaces/srv/detail/set_twist__description.c.o[0m
[ 23%] [32mBuilding C object CMakeFiles/stingray_core_interfaces__rosidl_generator_c.dir/rosidl_generator_c/stingray_core_interfaces/srv/detail/set_stabilization__functions.c.o[0m
[ 25%] [32mBuilding C object CMakeFiles/stingray_core_interfaces__rosidl_generator_c.dir/rosidl_generator_c/stingray_core_interfaces/srv/detail/set_stabilization__type_support.c.o[0m
[ 26%] [32m[1mLinking C shared library libstingray_core_interfaces__rosidl_generator_c.so[0m
[ 26%] Built target stingray_core_interfaces__rosidl_generator_c
[ 27%] [34m[1mGenerating C++ type support dispatch for ROS interfaces[0m
[ 28%] [34m[1mGenerating C type support for eProsima Fast-RTPS[0m
[ 29%] [34m[1mGenerating C++ type support for eProsima Fast-RTPS[0m
[ 30%] [34m[1mGenerating C introspection for ROS interfaces[0m
[ 33%] [34m[1mGenerating C type support dispatch for ROS interfaces[0m
[ 33%] [34m[1mGenerating C++ introspection for ROS interfaces[0m
[ 34%] [32mBuilding CXX object CMakeFiles/stingray_core_interfaces__rosidl_typesupport_cpp.dir/rosidl_typesupport_cpp/stingray_core_interfaces/msg/uv_state__type_support.cpp.o[0m
[ 35%] [32mBuilding CXX object CMakeFiles/stingray_core_interfaces__rosidl_typesupport_cpp.dir/rosidl_typesupport_cpp/stingray_core_interfaces/msg/device_state_array__type_support.cpp.o[0m
[ 36%] [32mBuilding CXX object CMakeFiles/stingray_core_interfaces__rosidl_typesupport_cpp.dir/rosidl_typesupport_cpp/stingray_core_interfaces/srv/set_device__type_support.cpp.o[0m
[ 38%] [32mBuilding CXX object CMakeFiles/stingray_core_interfaces__rosidl_typesupport_cpp.dir/rosidl_typesupport_cpp/stingray_core_interfaces/msg/device_state__type_support.cpp.o[0m
[ 39%] [32mBuilding CXX object CMakeFiles/stingray_core_interfaces__rosidl_typesupport_cpp.dir/rosidl_typesupport_cpp/stingray_core_interfaces/srv/set_twist__type_support.cpp.o[0m
[ 40%] [32mBuilding CXX object CMakeFiles/stingray_core_interfaces__rosidl_typesupport_c.dir/rosidl_typesupport_c/stingray_core_interfaces/msg/uv_state__type_support.cpp.o[0m
[ 41%] [32mBuilding CXX object CMakeFiles/stingray_core_interfaces__rosidl_typesupport_cpp.dir/rosidl_typesupport_cpp/stingray_core_interfaces/srv/set_stabilization__type_support.cpp.o[0m
[ 42%] [32mBuilding CXX object CMakeFiles/stingray_core_interfaces__rosidl_typesupport_c.dir/rosidl_typesupport_c/stingray_core_interfaces/msg/device_state__type_support.cpp.o[0m
[ 44%] [32mBuilding CXX object CMakeFiles/stingray_core_interfaces__rosidl_typesupport_c.dir/rosidl_typesupport_c/stingray_core_interfaces/msg/device_state_array__type_support.cpp.o[0m
[ 45%] [32mBuilding CXX object CMakeFiles/stingray_core_interfaces__rosidl_typesupport_c.dir/rosidl_typesupport_c/stingray_core_interfaces/srv/set_twist__type_support.cpp.o[0m
[ 46%] [32mBuilding CXX object CMakeFiles/stingray_core_interfaces__rosidl_typesupport_c.dir/rosidl_typesupport_c/stingray_core_interfaces/srv/set_device__type_support.cpp.o[0m
[ 47%] [32mBuilding CXX object CMakeFiles/stingray_core_interfaces__rosidl_typesupport_c.dir/rosidl_typesupport_c/stingray_core_interfaces/srv/set_stabilization__type_support.cpp.o[0m
[ 48%] [32mBuilding CXX object CMakeFiles/stingray_core_interfaces__rosidl_typesupport_introspection_cpp.dir/rosidl_typesupport_introspection_cpp/stingray_core_interfaces/msg/detail/uv_state__type_support.cpp.o[0m
[ 50%] [32mBuilding CXX object CMakeFiles/stingray_core_interfaces__rosidl_typesupport_introspection_cpp.dir/rosidl_typesupport_introspection_cpp/stingray_core_interfaces/msg/detail/device_state__type_support.cpp.o[0m
[ 51%] [32mBuilding CXX object CMakeFiles/stingray_core_interfaces__rosidl_typesupport_introspection_cpp.dir/rosidl_typesupport_introspection_cpp/stingray_core_interfaces/msg/detail/device_state_array__type_support.cpp.o[0m
[ 52%] [32mBuilding CXX object CMakeFiles/stingray_core_interfaces__rosidl_typesupport_introspection_cpp.dir/rosidl_typesupport_introspection_cpp/stingray_core_interfaces/srv/detail/set_device__type_support.cpp.o[0m
[ 53%] [32m[1mLinking CXX shared library libstingray_core_interfaces__rosidl_typesupport_c.so[0m
[ 55%] [32mBuilding CXX object CMakeFiles/stingray_core_interfaces__rosidl_typesupport_fastrtps_c.dir/rosidl_typesupport_fastrtps_c/stingray_core_interfaces/msg/detail/uv_state__type_support_c.cpp.o[0m
[ 55%] [32mBuilding CXX object CMakeFiles/stingray_core_interfaces__rosidl_typesupport_introspection_cpp.dir/rosidl_typesupport_introspection_cpp/stingray_core_interfaces/srv/detail/set_stabilization__type_support.cpp.o[0m
[ 57%] [32mBuilding CXX object CMakeFiles/stingray_core_interfaces__rosidl_typesupport_introspection_cpp.dir/rosidl_typesupport_introspection_cpp/stingray_core_interfaces/srv/detail/set_twist__type_support.cpp.o[0m
[ 58%] [32mBuilding C object CMakeFiles/stingray_core_interfaces__rosidl_typesupport_introspection_c.dir/rosidl_typesupport_introspection_c/stingray_core_interfaces/msg/detail/uv_state__type_support.c.o[0m
[ 58%] Built target stingray_core_interfaces__rosidl_typesupport_c
[ 59%] [32mBuilding C object CMakeFiles/stingray_core_interfaces__rosidl_typesupport_introspection_c.dir/rosidl_typesupport_introspection_c/stingray_core_interfaces/msg/detail/device_state__type_support.c.o[0m
[ 60%] [32mBuilding C object CMakeFiles/stingray_core_interfaces__rosidl_typesupport_introspection_c.dir/rosidl_typesupport_introspection_c/stingray_core_interfaces/msg/detail/device_state_array__type_support.c.o[0m
[ 61%] [32mBuilding C object CMakeFiles/stingray_core_interfaces__rosidl_typesupport_introspection_c.dir/rosidl_typesupport_introspection_c/stingray_core_interfaces/srv/detail/set_device__type_support.c.o[0m
[ 63%] [32mBuilding C object CMakeFiles/stingray_core_interfaces__rosidl_typesupport_introspection_c.dir/rosidl_typesupport_introspection_c/stingray_core_interfaces/srv/detail/set_twist__type_support.c.o[0m
[ 64%] [32mBuilding C object CMakeFiles/stingray_core_interfaces__rosidl_typesupport_introspection_c.dir/rosidl_typesupport_introspection_c/stingray_core_interfaces/srv/detail/set_stabilization__type_support.c.o[0m
[ 65%] [32mBuilding CXX object CMakeFiles/stingray_core_interfaces__rosidl_typesupport_fastrtps_c.dir/rosidl_typesupport_fastrtps_c/stingray_core_interfaces/msg/detail/device_state__type_support_c.cpp.o[0m
[ 66%] [32m[1mLinking C shared library libstingray_core_interfaces__rosidl_typesupport_introspection_c.so[0m
[ 67%] [32mBuilding CXX object CMakeFiles/stingray_core_interfaces__rosidl_typesupport_fastrtps_cpp.dir/rosidl_typesupport_fastrtps_cpp/stingray_core_interfaces/msg/detail/dds_fastrtps/uv_state__type_support.cpp.o[0m
[ 67%] Built target stingray_core_interfaces__rosidl_typesupport_introspection_c
[ 69%] [32mBuilding CXX object CMakeFiles/stingray_core_interfaces__rosidl_typesupport_fastrtps_c.dir/rosidl_typesupport_fastrtps_c/stingray_core_interfaces/msg/detail/device_state_array__type_support_c.cpp.o[0m
[ 70%] [32mBuilding CXX object CMakeFiles/stingray_core_interfaces__rosidl_typesupport_fastrtps_c.dir/rosidl_typesupport_fastrtps_c/stingray_core_interfaces/srv/detail/set_device__type_support_c.cpp.o[0m
[ 71%] [32mBuilding CXX object CMakeFiles/stingray_core_interfaces__rosidl_typesupport_fastrtps_c.dir/rosidl_typesupport_fastrtps_c/stingray_core_interfaces/srv/detail/set_twist__type_support_c.cpp.o[0m
[ 72%] [32mBuilding CXX object CMakeFiles/stingray_core_interfaces__rosidl_typesupport_fastrtps_cpp.dir/rosidl_typesupport_fastrtps_cpp/stingray_core_interfaces/msg/detail/dds_fastrtps/device_state__type_support.cpp.o[0m
[ 73%] [32mBuilding CXX object CMakeFiles/stingray_core_interfaces__rosidl_typesupport_fastrtps_cpp.dir/rosidl_typesupport_fastrtps_cpp/stingray_core_interfaces/msg/detail/dds_fastrtps/device_state_array__type_support.cpp.o[0m
[ 75%] [32mBuilding CXX object CMakeFiles/stingray_core_interfaces__rosidl_typesupport_fastrtps_cpp.dir/rosidl_typesupport_fastrtps_cpp/stingray_core_interfaces/srv/detail/dds_fastrtps/set_device__type_support.cpp.o[0m
[ 76%] [32mBuilding CXX object CMakeFiles/stingray_core_interfaces__rosidl_typesupport_fastrtps_c.dir/rosidl_typesupport_fastrtps_c/stingray_core_interfaces/srv/detail/set_stabilization__type_support_c.cpp.o[0m
[ 77%] [32mBuilding CXX object CMakeFiles/stingray_core_interfaces__rosidl_typesupport_fastrtps_cpp.dir/rosidl_typesupport_fastrtps_cpp/stingray_core_interfaces/srv/detail/dds_fastrtps/set_stabilization__type_support.cpp.o[0m
[ 78%] [32mBuilding CXX object CMakeFiles/stingray_core_interfaces__rosidl_typesupport_fastrtps_cpp.dir/rosidl_typesupport_fastrtps_cpp/stingray_core_interfaces/srv/detail/dds_fastrtps/set_twist__type_support.cpp.o[0m
[ 79%] [32m[1mLinking CXX shared library libstingray_core_interfaces__rosidl_typesupport_cpp.so[0m
[ 79%] Built target stingray_core_interfaces__rosidl_typesupport_cpp
[ 80%] [32m[1mLinking CXX shared library libstingray_core_interfaces__rosidl_typesupport_introspection_cpp.so[0m
[ 80%] Built target stingray_core_interfaces__rosidl_typesupport_introspection_cpp
[ 82%] [32m[1mLinking CXX shared library libstingray_core_interfaces__rosidl_typesupport_fastrtps_c.so[0m
[ 82%] Built target stingray_core_interfaces__rosidl_typesupport_fastrtps_c
[ 83%] [32m[1mLinking CXX shared library libstingray_core_interfaces__rosidl_typesupport_fastrtps_cpp.so[0m
[ 83%] Built target stingray_core_interfaces__rosidl_typesupport_fastrtps_cpp
[ 83%] Built target stingray_core_interfaces
[ 84%] [34m[1mGenerating Python code for ROS interfaces[0m
[ 84%] Built target stingray_core_interfaces__py
[ 85%] [32mBuilding C object CMakeFiles/stingray_core_interfaces__rosidl_generator_py.dir/rosidl_generator_py/stingray_core_interfaces/msg/_device_state_s.c.o[0m
[ 86%] [32mBuilding C object CMakeFiles/stingray_core_interfaces__rosidl_generator_py.dir/rosidl_generator_py/stingray_core_interfaces/msg/_uv_state_s.c.o[0m
[ 88%] [32mBuilding C object CMakeFiles/stingray_core_interfaces__rosidl_generator_py.dir/rosidl_generator_py/stingray_core_interfaces/srv/_set_twist_s.c.o[0m
[ 89%] [32mBuilding C object CMakeFiles/stingray_core_interfaces__rosidl_generator_py.dir/rosidl_generator_py/stingray_core_interfaces/msg/_device_state_array_s.c.o[0m
[ 90%] [32mBuilding C object CMakeFiles/stingray_core_interfaces__rosidl_generator_py.dir/rosidl_generator_py/stingray_core_interfaces/srv/_set_device_s.c.o[0m
[ 91%] [32mBuilding C object CMakeFiles/stingray_core_interfaces__rosidl_generator_py.dir/rosidl_generator_py/stingray_core_interfaces/srv/_set_stabilization_s.c.o[0m
[ 92%] [32m[1mLinking C shared library rosidl_generator_py/stingray_core_interfaces/libstingray_core_interfaces__rosidl_generator_py.so[0m
[ 92%] Built target stingray_core_interfaces__rosidl_generator_py
[ 94%] [32mBuilding C object CMakeFiles/stingray_core_interfaces__rosidl_typesupport_fastrtps_c__pyext.dir/rosidl_generator_py/stingray_core_interfaces/_stingray_core_interfaces_s.ep.rosidl_typesupport_fastrtps_c.c.o[0m
[ 95%] [32mBuilding C object CMakeFiles/stingray_core_interfaces__rosidl_typesupport_c__pyext.dir/rosidl_generator_py/stingray_core_interfaces/_stingray_core_interfaces_s.ep.rosidl_typesupport_c.c.o[0m
[ 96%] [32mBuilding C object CMakeFiles/stingray_core_interfaces__rosidl_typesupport_introspection_c__pyext.dir/rosidl_generator_py/stingray_core_interfaces/_stingray_core_interfaces_s.ep.rosidl_typesupport_introspection_c.c.o[0m
[ 97%] [32m[1mLinking C shared library rosidl_generator_py/stingray_core_interfaces/stingray_core_interfaces_s__rosidl_typesupport_c.cpython-310-x86_64-linux-gnu.so[0m
[ 98%] [32m[1mLinking C shared library rosidl_generator_py/stingray_core_interfaces/stingray_core_interfaces_s__rosidl_typesupport_introspection_c.cpython-310-x86_64-linux-gnu.so[0m
[100%] [32m[1mLinking C shared library rosidl_generator_py/stingray_core_interfaces/stingray_core_interfaces_s__rosidl_typesupport_fastrtps_c.cpython-310-x86_64-linux-gnu.so[0m
[100%] Built target stingray_core_interfaces__rosidl_typesupport_introspection_c__pyext
[100%] Built target stingray_core_interfaces__rosidl_typesupport_c__pyext
[100%] Built target stingray_core_interfaces__rosidl_typesupport_fastrtps_c__pyext
