[0.847s] Invoking command in '/home/shakuevda/Desktop/SAUVC/sauvc_hyadroacoustic/src/build/stingray_core_interfaces': CMAKE_PREFIX_PATH=/opt/ros/iron /usr/bin/cmake --build /home/shakuevda/Desktop/SAUVC/sauvc_hyadroacoustic/src/build/stingray_core_interfaces -- -j16 -l16
[2.832s] [  1%] Built target stingray_core_interfaces__rosidl_generator_type_description
[2.835s] [  1%] Built target ament_cmake_python_copy_stingray_core_interfaces
[2.836s] [  2%] [34m[1mGenerating C code for ROS interfaces[0m
[2.837s] [  3%] [34m[1mGenerating C++ code for ROS interfaces[0m
[2.838s] running egg_info
[2.839s] writing stingray_core_interfaces.egg-info/PKG-INFO
[2.839s] writing dependency_links to stingray_core_interfaces.egg-info/dependency_links.txt
[2.840s] writing top-level names to stingray_core_interfaces.egg-info/top_level.txt
[2.840s] reading manifest file 'stingray_core_interfaces.egg-info/SOURCES.txt'
[2.840s] writing manifest file 'stingray_core_interfaces.egg-info/SOURCES.txt'
[2.840s] [  3%] Built target ament_cmake_python_build_stingray_core_interfaces_egg
[2.840s] [  3%] Built target stingray_core_interfaces__cpp
[2.840s] [  4%] [32mBuilding C object CMakeFiles/stingray_core_interfaces__rosidl_generator_c.dir/rosidl_generator_c/stingray_core_interfaces/msg/detail/uv_state__description.c.o[0m
[2.840s] [  5%] [32mBuilding C object CMakeFiles/stingray_core_interfaces__rosidl_generator_c.dir/rosidl_generator_c/stingray_core_interfaces/msg/detail/uv_state__functions.c.o[0m
[2.841s] [  7%] [32mBuilding C object CMakeFiles/stingray_core_interfaces__rosidl_generator_c.dir/rosidl_generator_c/stingray_core_interfaces/msg/detail/uv_state__type_support.c.o[0m
[2.841s] [  9%] [32mBuilding C object CMakeFiles/stingray_core_interfaces__rosidl_generator_c.dir/rosidl_generator_c/stingray_core_interfaces/msg/detail/device_state__type_support.c.o[0m
[2.841s] [ 10%] [32mBuilding C object CMakeFiles/stingray_core_interfaces__rosidl_generator_c.dir/rosidl_generator_c/stingray_core_interfaces/msg/detail/device_state__functions.c.o[0m
[2.841s] [ 11%] [32mBuilding C object CMakeFiles/stingray_core_interfaces__rosidl_generator_c.dir/rosidl_generator_c/stingray_core_interfaces/msg/detail/device_state_array__functions.c.o[0m
[2.841s] [ 11%] [32mBuilding C object CMakeFiles/stingray_core_interfaces__rosidl_generator_c.dir/rosidl_generator_c/stingray_core_interfaces/msg/detail/device_state__description.c.o[0m
[2.841s] [ 13%] [32mBuilding C object CMakeFiles/stingray_core_interfaces__rosidl_generator_c.dir/rosidl_generator_c/stingray_core_interfaces/msg/detail/device_state_array__type_support.c.o[0m
[2.841s] [ 14%] [32mBuilding C object CMakeFiles/stingray_core_interfaces__rosidl_generator_c.dir/rosidl_generator_c/stingray_core_interfaces/msg/detail/device_state_array__description.c.o[0m
[2.842s] [ 15%] [32mBuilding C object CMakeFiles/stingray_core_interfaces__rosidl_generator_c.dir/rosidl_generator_c/stingray_core_interfaces/srv/detail/set_device__functions.c.o[0m
[2.842s] [ 16%] [32mBuilding C object CMakeFiles/stingray_core_interfaces__rosidl_generator_c.dir/rosidl_generator_c/stingray_core_interfaces/srv/detail/set_device__description.c.o[0m
[2.842s] [ 17%] [32mBuilding C object CMakeFiles/stingray_core_interfaces__rosidl_generator_c.dir/rosidl_generator_c/stingray_core_interfaces/srv/detail/set_device__type_support.c.o[0m
[2.842s] [ 19%] [32mBuilding C object CMakeFiles/stingray_core_interfaces__rosidl_generator_c.dir/rosidl_generator_c/stingray_core_interfaces/srv/detail/set_twist__functions.c.o[0m
[2.842s] [ 20%] [32mBuilding C object CMakeFiles/stingray_core_interfaces__rosidl_generator_c.dir/rosidl_generator_c/stingray_core_interfaces/srv/detail/set_stabilization__description.c.o[0m
[2.842s] [ 21%] [32mBuilding C object CMakeFiles/stingray_core_interfaces__rosidl_generator_c.dir/rosidl_generator_c/stingray_core_interfaces/srv/detail/set_twist__type_support.c.o[0m
[2.843s] [ 22%] [32mBuilding C object CMakeFiles/stingray_core_interfaces__rosidl_generator_c.dir/rosidl_generator_c/stingray_core_interfaces/srv/detail/set_twist__description.c.o[0m
[2.843s] [ 23%] [32mBuilding C object CMakeFiles/stingray_core_interfaces__rosidl_generator_c.dir/rosidl_generator_c/stingray_core_interfaces/srv/detail/set_stabilization__functions.c.o[0m
[2.843s] [ 25%] [32mBuilding C object CMakeFiles/stingray_core_interfaces__rosidl_generator_c.dir/rosidl_generator_c/stingray_core_interfaces/srv/detail/set_stabilization__type_support.c.o[0m
[2.843s] [ 26%] [32m[1mLinking C shared library libstingray_core_interfaces__rosidl_generator_c.so[0m
[2.880s] [ 26%] Built target stingray_core_interfaces__rosidl_generator_c
[2.898s] [ 27%] [34m[1mGenerating C++ type support dispatch for ROS interfaces[0m
[2.899s] [ 28%] [34m[1mGenerating C type support for eProsima Fast-RTPS[0m
[2.902s] [ 29%] [34m[1mGenerating C++ type support for eProsima Fast-RTPS[0m
[2.902s] [ 30%] [34m[1mGenerating C introspection for ROS interfaces[0m
[2.903s] [ 33%] [34m[1mGenerating C type support dispatch for ROS interfaces[0m
[2.903s] [ 33%] [34m[1mGenerating C++ introspection for ROS interfaces[0m
[4.022s] [ 34%] [32mBuilding CXX object CMakeFiles/stingray_core_interfaces__rosidl_typesupport_cpp.dir/rosidl_typesupport_cpp/stingray_core_interfaces/msg/uv_state__type_support.cpp.o[0m
[4.025s] [ 35%] [32mBuilding CXX object CMakeFiles/stingray_core_interfaces__rosidl_typesupport_cpp.dir/rosidl_typesupport_cpp/stingray_core_interfaces/msg/device_state_array__type_support.cpp.o[0m
[4.040s] [ 36%] [32mBuilding CXX object CMakeFiles/stingray_core_interfaces__rosidl_typesupport_cpp.dir/rosidl_typesupport_cpp/stingray_core_interfaces/srv/set_device__type_support.cpp.o[0m
[4.046s] [ 38%] [32mBuilding CXX object CMakeFiles/stingray_core_interfaces__rosidl_typesupport_cpp.dir/rosidl_typesupport_cpp/stingray_core_interfaces/msg/device_state__type_support.cpp.o[0m
[4.066s] [ 39%] [32mBuilding CXX object CMakeFiles/stingray_core_interfaces__rosidl_typesupport_cpp.dir/rosidl_typesupport_cpp/stingray_core_interfaces/srv/set_twist__type_support.cpp.o[0m
[4.070s] [ 40%] [32mBuilding CXX object CMakeFiles/stingray_core_interfaces__rosidl_typesupport_c.dir/rosidl_typesupport_c/stingray_core_interfaces/msg/uv_state__type_support.cpp.o[0m
[4.083s] [ 41%] [32mBuilding CXX object CMakeFiles/stingray_core_interfaces__rosidl_typesupport_cpp.dir/rosidl_typesupport_cpp/stingray_core_interfaces/srv/set_stabilization__type_support.cpp.o[0m
[4.092s] [ 42%] [32mBuilding CXX object CMakeFiles/stingray_core_interfaces__rosidl_typesupport_c.dir/rosidl_typesupport_c/stingray_core_interfaces/msg/device_state__type_support.cpp.o[0m
[4.097s] [ 44%] [32mBuilding CXX object CMakeFiles/stingray_core_interfaces__rosidl_typesupport_c.dir/rosidl_typesupport_c/stingray_core_interfaces/msg/device_state_array__type_support.cpp.o[0m
[4.109s] [ 45%] [32mBuilding CXX object CMakeFiles/stingray_core_interfaces__rosidl_typesupport_c.dir/rosidl_typesupport_c/stingray_core_interfaces/srv/set_twist__type_support.cpp.o[0m
[4.119s] [ 46%] [32mBuilding CXX object CMakeFiles/stingray_core_interfaces__rosidl_typesupport_c.dir/rosidl_typesupport_c/stingray_core_interfaces/srv/set_device__type_support.cpp.o[0m
[4.289s] [ 47%] [32mBuilding CXX object CMakeFiles/stingray_core_interfaces__rosidl_typesupport_c.dir/rosidl_typesupport_c/stingray_core_interfaces/srv/set_stabilization__type_support.cpp.o[0m
[4.414s] [ 48%] [32mBuilding CXX object CMakeFiles/stingray_core_interfaces__rosidl_typesupport_introspection_cpp.dir/rosidl_typesupport_introspection_cpp/stingray_core_interfaces/msg/detail/uv_state__type_support.cpp.o[0m
[4.456s] [ 50%] [32mBuilding CXX object CMakeFiles/stingray_core_interfaces__rosidl_typesupport_introspection_cpp.dir/rosidl_typesupport_introspection_cpp/stingray_core_interfaces/msg/detail/device_state__type_support.cpp.o[0m
[4.456s] [ 51%] [32mBuilding CXX object CMakeFiles/stingray_core_interfaces__rosidl_typesupport_introspection_cpp.dir/rosidl_typesupport_introspection_cpp/stingray_core_interfaces/msg/detail/device_state_array__type_support.cpp.o[0m
[4.511s] [ 52%] [32mBuilding CXX object CMakeFiles/stingray_core_interfaces__rosidl_typesupport_introspection_cpp.dir/rosidl_typesupport_introspection_cpp/stingray_core_interfaces/srv/detail/set_device__type_support.cpp.o[0m
[4.543s] [ 53%] [32m[1mLinking CXX shared library libstingray_core_interfaces__rosidl_typesupport_c.so[0m
[4.611s] [ 55%] [32mBuilding CXX object CMakeFiles/stingray_core_interfaces__rosidl_typesupport_fastrtps_c.dir/rosidl_typesupport_fastrtps_c/stingray_core_interfaces/msg/detail/uv_state__type_support_c.cpp.o[0m
[4.611s] [ 55%] [32mBuilding CXX object CMakeFiles/stingray_core_interfaces__rosidl_typesupport_introspection_cpp.dir/rosidl_typesupport_introspection_cpp/stingray_core_interfaces/srv/detail/set_stabilization__type_support.cpp.o[0m
[4.663s] [ 57%] [32mBuilding CXX object CMakeFiles/stingray_core_interfaces__rosidl_typesupport_introspection_cpp.dir/rosidl_typesupport_introspection_cpp/stingray_core_interfaces/srv/detail/set_twist__type_support.cpp.o[0m
[4.737s] [ 58%] [32mBuilding C object CMakeFiles/stingray_core_interfaces__rosidl_typesupport_introspection_c.dir/rosidl_typesupport_introspection_c/stingray_core_interfaces/msg/detail/uv_state__type_support.c.o[0m
[4.840s] [ 58%] Built target stingray_core_interfaces__rosidl_typesupport_c
[4.895s] [ 59%] [32mBuilding C object CMakeFiles/stingray_core_interfaces__rosidl_typesupport_introspection_c.dir/rosidl_typesupport_introspection_c/stingray_core_interfaces/msg/detail/device_state__type_support.c.o[0m
[4.935s] [ 60%] [32mBuilding C object CMakeFiles/stingray_core_interfaces__rosidl_typesupport_introspection_c.dir/rosidl_typesupport_introspection_c/stingray_core_interfaces/msg/detail/device_state_array__type_support.c.o[0m
[5.090s] [ 61%] [32mBuilding C object CMakeFiles/stingray_core_interfaces__rosidl_typesupport_introspection_c.dir/rosidl_typesupport_introspection_c/stingray_core_interfaces/srv/detail/set_device__type_support.c.o[0m
[5.101s] [ 63%] [32mBuilding C object CMakeFiles/stingray_core_interfaces__rosidl_typesupport_introspection_c.dir/rosidl_typesupport_introspection_c/stingray_core_interfaces/srv/detail/set_twist__type_support.c.o[0m
[5.232s] [ 64%] [32mBuilding C object CMakeFiles/stingray_core_interfaces__rosidl_typesupport_introspection_c.dir/rosidl_typesupport_introspection_c/stingray_core_interfaces/srv/detail/set_stabilization__type_support.c.o[0m
[5.376s] [ 65%] [32mBuilding CXX object CMakeFiles/stingray_core_interfaces__rosidl_typesupport_fastrtps_c.dir/rosidl_typesupport_fastrtps_c/stingray_core_interfaces/msg/detail/device_state__type_support_c.cpp.o[0m
[5.403s] [ 66%] [32m[1mLinking C shared library libstingray_core_interfaces__rosidl_typesupport_introspection_c.so[0m
[5.479s] [ 67%] [32mBuilding CXX object CMakeFiles/stingray_core_interfaces__rosidl_typesupport_fastrtps_cpp.dir/rosidl_typesupport_fastrtps_cpp/stingray_core_interfaces/msg/detail/dds_fastrtps/uv_state__type_support.cpp.o[0m
[5.592s] [ 67%] Built target stingray_core_interfaces__rosidl_typesupport_introspection_c
[5.661s] [ 69%] [32mBuilding CXX object CMakeFiles/stingray_core_interfaces__rosidl_typesupport_fastrtps_c.dir/rosidl_typesupport_fastrtps_c/stingray_core_interfaces/msg/detail/device_state_array__type_support_c.cpp.o[0m
[5.869s] [ 70%] [32mBuilding CXX object CMakeFiles/stingray_core_interfaces__rosidl_typesupport_fastrtps_c.dir/rosidl_typesupport_fastrtps_c/stingray_core_interfaces/srv/detail/set_device__type_support_c.cpp.o[0m
[5.942s] [ 71%] [32mBuilding CXX object CMakeFiles/stingray_core_interfaces__rosidl_typesupport_fastrtps_c.dir/rosidl_typesupport_fastrtps_c/stingray_core_interfaces/srv/detail/set_twist__type_support_c.cpp.o[0m
[6.090s] [ 72%] [32mBuilding CXX object CMakeFiles/stingray_core_interfaces__rosidl_typesupport_fastrtps_cpp.dir/rosidl_typesupport_fastrtps_cpp/stingray_core_interfaces/msg/detail/dds_fastrtps/device_state__type_support.cpp.o[0m
[6.105s] [ 73%] [32mBuilding CXX object CMakeFiles/stingray_core_interfaces__rosidl_typesupport_fastrtps_cpp.dir/rosidl_typesupport_fastrtps_cpp/stingray_core_interfaces/msg/detail/dds_fastrtps/device_state_array__type_support.cpp.o[0m
[6.150s] [ 75%] [32mBuilding CXX object CMakeFiles/stingray_core_interfaces__rosidl_typesupport_fastrtps_cpp.dir/rosidl_typesupport_fastrtps_cpp/stingray_core_interfaces/srv/detail/dds_fastrtps/set_device__type_support.cpp.o[0m
[6.278s] [ 76%] [32mBuilding CXX object CMakeFiles/stingray_core_interfaces__rosidl_typesupport_fastrtps_c.dir/rosidl_typesupport_fastrtps_c/stingray_core_interfaces/srv/detail/set_stabilization__type_support_c.cpp.o[0m
[6.280s] [ 77%] [32mBuilding CXX object CMakeFiles/stingray_core_interfaces__rosidl_typesupport_fastrtps_cpp.dir/rosidl_typesupport_fastrtps_cpp/stingray_core_interfaces/srv/detail/dds_fastrtps/set_stabilization__type_support.cpp.o[0m
[6.311s] [ 78%] [32mBuilding CXX object CMakeFiles/stingray_core_interfaces__rosidl_typesupport_fastrtps_cpp.dir/rosidl_typesupport_fastrtps_cpp/stingray_core_interfaces/srv/detail/dds_fastrtps/set_twist__type_support.cpp.o[0m
[6.538s] [ 79%] [32m[1mLinking CXX shared library libstingray_core_interfaces__rosidl_typesupport_cpp.so[0m
[7.021s] [ 79%] Built target stingray_core_interfaces__rosidl_typesupport_cpp
[7.321s] [ 80%] [32m[1mLinking CXX shared library libstingray_core_interfaces__rosidl_typesupport_introspection_cpp.so[0m
[7.599s] [ 80%] Built target stingray_core_interfaces__rosidl_typesupport_introspection_cpp
[7.705s] [ 82%] [32m[1mLinking CXX shared library libstingray_core_interfaces__rosidl_typesupport_fastrtps_c.so[0m
[7.946s] [ 82%] Built target stingray_core_interfaces__rosidl_typesupport_fastrtps_c
[8.557s] [ 83%] [32m[1mLinking CXX shared library libstingray_core_interfaces__rosidl_typesupport_fastrtps_cpp.so[0m
[8.892s] [ 83%] Built target stingray_core_interfaces__rosidl_typesupport_fastrtps_cpp
[8.952s] [ 83%] Built target stingray_core_interfaces
[9.057s] [ 84%] [34m[1mGenerating Python code for ROS interfaces[0m
[12.620s] [ 84%] Built target stingray_core_interfaces__py
[12.656s] [ 85%] [32mBuilding C object CMakeFiles/stingray_core_interfaces__rosidl_generator_py.dir/rosidl_generator_py/stingray_core_interfaces/msg/_device_state_s.c.o[0m
[12.657s] [ 86%] [32mBuilding C object CMakeFiles/stingray_core_interfaces__rosidl_generator_py.dir/rosidl_generator_py/stingray_core_interfaces/msg/_uv_state_s.c.o[0m
[12.657s] [ 88%] [32mBuilding C object CMakeFiles/stingray_core_interfaces__rosidl_generator_py.dir/rosidl_generator_py/stingray_core_interfaces/srv/_set_twist_s.c.o[0m
[12.658s] [ 89%] [32mBuilding C object CMakeFiles/stingray_core_interfaces__rosidl_generator_py.dir/rosidl_generator_py/stingray_core_interfaces/msg/_device_state_array_s.c.o[0m
[12.658s] [ 90%] [32mBuilding C object CMakeFiles/stingray_core_interfaces__rosidl_generator_py.dir/rosidl_generator_py/stingray_core_interfaces/srv/_set_device_s.c.o[0m
[12.660s] [ 91%] [32mBuilding C object CMakeFiles/stingray_core_interfaces__rosidl_generator_py.dir/rosidl_generator_py/stingray_core_interfaces/srv/_set_stabilization_s.c.o[0m
[12.928s] [ 92%] [32m[1mLinking C shared library rosidl_generator_py/stingray_core_interfaces/libstingray_core_interfaces__rosidl_generator_py.so[0m
[12.997s] [ 92%] Built target stingray_core_interfaces__rosidl_generator_py
[13.031s] [ 94%] [32mBuilding C object CMakeFiles/stingray_core_interfaces__rosidl_typesupport_fastrtps_c__pyext.dir/rosidl_generator_py/stingray_core_interfaces/_stingray_core_interfaces_s.ep.rosidl_typesupport_fastrtps_c.c.o[0m
[13.032s] [ 95%] [32mBuilding C object CMakeFiles/stingray_core_interfaces__rosidl_typesupport_c__pyext.dir/rosidl_generator_py/stingray_core_interfaces/_stingray_core_interfaces_s.ep.rosidl_typesupport_c.c.o[0m
[13.039s] [ 96%] [32mBuilding C object CMakeFiles/stingray_core_interfaces__rosidl_typesupport_introspection_c__pyext.dir/rosidl_generator_py/stingray_core_interfaces/_stingray_core_interfaces_s.ep.rosidl_typesupport_introspection_c.c.o[0m
[13.254s] [ 97%] [32m[1mLinking C shared library rosidl_generator_py/stingray_core_interfaces/stingray_core_interfaces_s__rosidl_typesupport_c.cpython-310-x86_64-linux-gnu.so[0m
[13.260s] [ 98%] [32m[1mLinking C shared library rosidl_generator_py/stingray_core_interfaces/stingray_core_interfaces_s__rosidl_typesupport_introspection_c.cpython-310-x86_64-linux-gnu.so[0m
[13.267s] [100%] [32m[1mLinking C shared library rosidl_generator_py/stingray_core_interfaces/stingray_core_interfaces_s__rosidl_typesupport_fastrtps_c.cpython-310-x86_64-linux-gnu.so[0m
[13.330s] [100%] Built target stingray_core_interfaces__rosidl_typesupport_introspection_c__pyext
[13.339s] [100%] Built target stingray_core_interfaces__rosidl_typesupport_c__pyext
[13.351s] [100%] Built target stingray_core_interfaces__rosidl_typesupport_fastrtps_c__pyext
