[1.140s] DEBUG:colcon:Command line arguments: ['/usr/bin/colcon', 'build']
[1.140s] DEBUG:colcon:Parsed command line arguments: Namespace(log_base=None, log_level=None, verb_name='build', build_base='build', install_base='install', merge_install=False, symlink_install=False, test_result_base=None, continue_on_error=False, executor='parallel', parallel_workers=16, event_handlers=None, ignore_user_meta=False, metas=['./colcon.meta'], base_paths=['.'], packages_ignore=None, packages_ignore_regex=None, paths=None, packages_up_to=None, packages_up_to_regex=None, packages_above=None, packages_above_and_dependencies=None, packages_above_depth=None, packages_select_by_dep=None, packages_skip_by_dep=None, packages_skip_up_to=None, packages_select_build_failed=False, packages_skip_build_finished=False, packages_select_test_failures=False, packages_skip_test_passed=False, packages_select=None, packages_skip=None, packages_select_regex=None, packages_skip_regex=None, packages_start=None, packages_end=None, allow_overriding=[], cmake_args=None, cmake_target=None, cmake_target_skip_unavailable=False, cmake_clean_cache=False, cmake_clean_first=False, cmake_force_configure=False, ament_cmake_args=None, catkin_cmake_args=None, catkin_skip_building_tests=False, verb_parser=<colcon_defaults.argument_parser.defaults.DefaultArgumentsDecorator object at 0x74214de77df0>, verb_extension=<colcon_core.verb.build.BuildVerb object at 0x74214eac5e40>, main=<bound method BuildVerb.main of <colcon_core.verb.build.BuildVerb object at 0x74214eac5e40>>)
[1.191s] Level 1:colcon.colcon_core.package_discovery:discover_packages(colcon_meta) check parameters
[1.191s] Level 1:colcon.colcon_core.package_discovery:discover_packages(recursive) check parameters
[1.191s] Level 1:colcon.colcon_core.package_discovery:discover_packages(ignore) check parameters
[1.191s] Level 1:colcon.colcon_core.package_discovery:discover_packages(path) check parameters
[1.191s] Level 1:colcon.colcon_core.package_discovery:discover_packages(colcon_meta) discover
[1.191s] Level 1:colcon.colcon_core.package_discovery:discover_packages(recursive) discover
[1.191s] INFO:colcon.colcon_core.package_discovery:Crawling recursively for packages in '/home/shakuevda/Desktop/SAUVC/sauvc_hyadroacoustic/src'
[1.191s] Level 1:colcon.colcon_core.package_identification:_identify(.) by extensions ['ignore', 'ignore_ament_install']
[1.192s] Level 1:colcon.colcon_core.package_identification:_identify(.) by extension 'ignore'
[1.192s] Level 1:colcon.colcon_core.package_identification:_identify(.) by extension 'ignore_ament_install'
[1.192s] Level 1:colcon.colcon_core.package_identification:_identify(.) by extensions ['colcon_pkg']
[1.192s] Level 1:colcon.colcon_core.package_identification:_identify(.) by extension 'colcon_pkg'
[1.192s] Level 1:colcon.colcon_core.package_identification:_identify(.) by extensions ['colcon_meta']
[1.192s] Level 1:colcon.colcon_core.package_identification:_identify(.) by extension 'colcon_meta'
[1.192s] Level 1:colcon.colcon_core.package_identification:_identify(.) by extensions ['ros']
[1.192s] Level 1:colcon.colcon_core.package_identification:_identify(.) by extension 'ros'
[1.205s] Level 1:colcon.colcon_core.package_identification:_identify(.) by extensions ['cmake', 'python']
[1.205s] Level 1:colcon.colcon_core.package_identification:_identify(.) by extension 'cmake'
[1.205s] Level 1:colcon.colcon_core.package_identification:_identify(.) by extension 'python'
[1.205s] Level 1:colcon.colcon_core.package_identification:_identify(.) by extensions ['python_setup_py']
[1.205s] Level 1:colcon.colcon_core.package_identification:_identify(.) by extension 'python_setup_py'
[1.205s] Level 1:colcon.colcon_core.package_identification:_identify(build) by extensions ['ignore', 'ignore_ament_install']
[1.205s] Level 1:colcon.colcon_core.package_identification:_identify(build) by extension 'ignore'
[1.205s] Level 1:colcon.colcon_core.package_identification:_identify(build) ignored
[1.206s] Level 1:colcon.colcon_core.package_identification:_identify(install) by extensions ['ignore', 'ignore_ament_install']
[1.206s] Level 1:colcon.colcon_core.package_identification:_identify(install) by extension 'ignore'
[1.206s] Level 1:colcon.colcon_core.package_identification:_identify(install) ignored
[1.206s] Level 1:colcon.colcon_core.package_identification:_identify(log) by extensions ['ignore', 'ignore_ament_install']
[1.206s] Level 1:colcon.colcon_core.package_identification:_identify(log) by extension 'ignore'
[1.206s] Level 1:colcon.colcon_core.package_identification:_identify(log) ignored
[1.206s] Level 1:colcon.colcon_core.package_identification:_identify(marker_finder) by extensions ['ignore', 'ignore_ament_install']
[1.206s] Level 1:colcon.colcon_core.package_identification:_identify(marker_finder) by extension 'ignore'
[1.206s] Level 1:colcon.colcon_core.package_identification:_identify(marker_finder) by extension 'ignore_ament_install'
[1.206s] Level 1:colcon.colcon_core.package_identification:_identify(marker_finder) by extensions ['colcon_pkg']
[1.206s] Level 1:colcon.colcon_core.package_identification:_identify(marker_finder) by extension 'colcon_pkg'
[1.206s] Level 1:colcon.colcon_core.package_identification:_identify(marker_finder) by extensions ['colcon_meta']
[1.206s] Level 1:colcon.colcon_core.package_identification:_identify(marker_finder) by extension 'colcon_meta'
[1.206s] Level 1:colcon.colcon_core.package_identification:_identify(marker_finder) by extensions ['ros']
[1.206s] Level 1:colcon.colcon_core.package_identification:_identify(marker_finder) by extension 'ros'
[1.210s] DEBUG:colcon.colcon_core.package_identification:Package 'marker_finder' with type 'ros.catkin' and name 'marker_finder'
[1.210s] Level 1:colcon.colcon_core.package_identification:_identify(sauvc_launch) by extensions ['ignore', 'ignore_ament_install']
[1.210s] Level 1:colcon.colcon_core.package_identification:_identify(sauvc_launch) by extension 'ignore'
[1.210s] Level 1:colcon.colcon_core.package_identification:_identify(sauvc_launch) by extension 'ignore_ament_install'
[1.210s] Level 1:colcon.colcon_core.package_identification:_identify(sauvc_launch) by extensions ['colcon_pkg']
[1.210s] Level 1:colcon.colcon_core.package_identification:_identify(sauvc_launch) by extension 'colcon_pkg'
[1.210s] Level 1:colcon.colcon_core.package_identification:_identify(sauvc_launch) by extensions ['colcon_meta']
[1.210s] Level 1:colcon.colcon_core.package_identification:_identify(sauvc_launch) by extension 'colcon_meta'
[1.210s] Level 1:colcon.colcon_core.package_identification:_identify(sauvc_launch) by extensions ['ros']
[1.210s] Level 1:colcon.colcon_core.package_identification:_identify(sauvc_launch) by extension 'ros'
[1.211s] DEBUG:colcon.colcon_core.package_identification:Package 'sauvc_launch' with type 'ros.ament_python' and name 'sauvc_launch'
[1.211s] Level 1:colcon.colcon_core.package_identification:_identify(sauvc_missions) by extensions ['ignore', 'ignore_ament_install']
[1.211s] Level 1:colcon.colcon_core.package_identification:_identify(sauvc_missions) by extension 'ignore'
[1.211s] Level 1:colcon.colcon_core.package_identification:_identify(sauvc_missions) by extension 'ignore_ament_install'
[1.211s] Level 1:colcon.colcon_core.package_identification:_identify(sauvc_missions) by extensions ['colcon_pkg']
[1.211s] Level 1:colcon.colcon_core.package_identification:_identify(sauvc_missions) by extension 'colcon_pkg'
[1.211s] Level 1:colcon.colcon_core.package_identification:_identify(sauvc_missions) by extensions ['colcon_meta']
[1.211s] Level 1:colcon.colcon_core.package_identification:_identify(sauvc_missions) by extension 'colcon_meta'
[1.211s] Level 1:colcon.colcon_core.package_identification:_identify(sauvc_missions) by extensions ['ros']
[1.211s] Level 1:colcon.colcon_core.package_identification:_identify(sauvc_missions) by extension 'ros'
[1.212s] DEBUG:colcon.colcon_core.package_identification:Package 'sauvc_missions' with type 'ros.ament_python' and name 'sauvc_missions'
[1.212s] Level 1:colcon.colcon_core.package_identification:_identify(sauvc_object_detection) by extensions ['ignore', 'ignore_ament_install']
[1.213s] Level 1:colcon.colcon_core.package_identification:_identify(sauvc_object_detection) by extension 'ignore'
[1.213s] Level 1:colcon.colcon_core.package_identification:_identify(sauvc_object_detection) by extension 'ignore_ament_install'
[1.213s] Level 1:colcon.colcon_core.package_identification:_identify(sauvc_object_detection) by extensions ['colcon_pkg']
[1.213s] Level 1:colcon.colcon_core.package_identification:_identify(sauvc_object_detection) by extension 'colcon_pkg'
[1.213s] Level 1:colcon.colcon_core.package_identification:_identify(sauvc_object_detection) by extensions ['colcon_meta']
[1.213s] Level 1:colcon.colcon_core.package_identification:_identify(sauvc_object_detection) by extension 'colcon_meta'
[1.213s] Level 1:colcon.colcon_core.package_identification:_identify(sauvc_object_detection) by extensions ['ros']
[1.213s] Level 1:colcon.colcon_core.package_identification:_identify(sauvc_object_detection) by extension 'ros'
[1.213s] DEBUG:colcon.colcon_core.package_identification:Package 'sauvc_object_detection' with type 'ros.ament_python' and name 'sauvc_object_detection'
[1.214s] Level 1:colcon.colcon_core.package_identification:_identify(sauvc_pinger_finder) by extensions ['ignore', 'ignore_ament_install']
[1.214s] Level 1:colcon.colcon_core.package_identification:_identify(sauvc_pinger_finder) by extension 'ignore'
[1.214s] Level 1:colcon.colcon_core.package_identification:_identify(sauvc_pinger_finder) by extension 'ignore_ament_install'
[1.214s] Level 1:colcon.colcon_core.package_identification:_identify(sauvc_pinger_finder) by extensions ['colcon_pkg']
[1.214s] Level 1:colcon.colcon_core.package_identification:_identify(sauvc_pinger_finder) by extension 'colcon_pkg'
[1.214s] Level 1:colcon.colcon_core.package_identification:_identify(sauvc_pinger_finder) by extensions ['colcon_meta']
[1.214s] Level 1:colcon.colcon_core.package_identification:_identify(sauvc_pinger_finder) by extension 'colcon_meta'
[1.214s] Level 1:colcon.colcon_core.package_identification:_identify(sauvc_pinger_finder) by extensions ['ros']
[1.214s] Level 1:colcon.colcon_core.package_identification:_identify(sauvc_pinger_finder) by extension 'ros'
[1.214s] DEBUG:colcon.colcon_core.package_identification:Package 'sauvc_pinger_finder' with type 'ros.ament_cmake' and name 'sauvc_pinger_finder'
[1.214s] Level 1:colcon.colcon_core.package_identification:_identify(stingray) by extensions ['ignore', 'ignore_ament_install']
[1.215s] Level 1:colcon.colcon_core.package_identification:_identify(stingray) by extension 'ignore'
[1.215s] Level 1:colcon.colcon_core.package_identification:_identify(stingray) by extension 'ignore_ament_install'
[1.215s] Level 1:colcon.colcon_core.package_identification:_identify(stingray) by extensions ['colcon_pkg']
[1.215s] Level 1:colcon.colcon_core.package_identification:_identify(stingray) by extension 'colcon_pkg'
[1.215s] Level 1:colcon.colcon_core.package_identification:_identify(stingray) by extensions ['colcon_meta']
[1.215s] Level 1:colcon.colcon_core.package_identification:_identify(stingray) by extension 'colcon_meta'
[1.215s] Level 1:colcon.colcon_core.package_identification:_identify(stingray) by extensions ['ros']
[1.215s] Level 1:colcon.colcon_core.package_identification:_identify(stingray) by extension 'ros'
[1.215s] Level 1:colcon.colcon_core.package_identification:_identify(stingray) by extensions ['cmake', 'python']
[1.215s] Level 1:colcon.colcon_core.package_identification:_identify(stingray) by extension 'cmake'
[1.215s] Level 1:colcon.colcon_core.package_identification:_identify(stingray) by extension 'python'
[1.215s] Level 1:colcon.colcon_core.package_identification:_identify(stingray) by extensions ['python_setup_py']
[1.215s] Level 1:colcon.colcon_core.package_identification:_identify(stingray) by extension 'python_setup_py'
[1.215s] Level 1:colcon.colcon_core.package_identification:_identify(stingray/resources) by extensions ['ignore', 'ignore_ament_install']
[1.215s] Level 1:colcon.colcon_core.package_identification:_identify(stingray/resources) by extension 'ignore'
[1.215s] Level 1:colcon.colcon_core.package_identification:_identify(stingray/resources) by extension 'ignore_ament_install'
[1.216s] Level 1:colcon.colcon_core.package_identification:_identify(stingray/resources) by extensions ['colcon_pkg']
[1.216s] Level 1:colcon.colcon_core.package_identification:_identify(stingray/resources) by extension 'colcon_pkg'
[1.216s] Level 1:colcon.colcon_core.package_identification:_identify(stingray/resources) by extensions ['colcon_meta']
[1.216s] Level 1:colcon.colcon_core.package_identification:_identify(stingray/resources) by extension 'colcon_meta'
[1.216s] Level 1:colcon.colcon_core.package_identification:_identify(stingray/resources) by extensions ['ros']
[1.216s] Level 1:colcon.colcon_core.package_identification:_identify(stingray/resources) by extension 'ros'
[1.216s] Level 1:colcon.colcon_core.package_identification:_identify(stingray/resources) by extensions ['cmake', 'python']
[1.216s] Level 1:colcon.colcon_core.package_identification:_identify(stingray/resources) by extension 'cmake'
[1.216s] Level 1:colcon.colcon_core.package_identification:_identify(stingray/resources) by extension 'python'
[1.216s] Level 1:colcon.colcon_core.package_identification:_identify(stingray/resources) by extensions ['python_setup_py']
[1.216s] Level 1:colcon.colcon_core.package_identification:_identify(stingray/resources) by extension 'python_setup_py'
[1.216s] Level 1:colcon.colcon_core.package_identification:_identify(stingray/resources/configs) by extensions ['ignore', 'ignore_ament_install']
[1.216s] Level 1:colcon.colcon_core.package_identification:_identify(stingray/resources/configs) by extension 'ignore'
[1.216s] Level 1:colcon.colcon_core.package_identification:_identify(stingray/resources/configs) by extension 'ignore_ament_install'
[1.216s] Level 1:colcon.colcon_core.package_identification:_identify(stingray/resources/configs) by extensions ['colcon_pkg']
[1.216s] Level 1:colcon.colcon_core.package_identification:_identify(stingray/resources/configs) by extension 'colcon_pkg'
[1.216s] Level 1:colcon.colcon_core.package_identification:_identify(stingray/resources/configs) by extensions ['colcon_meta']
[1.216s] Level 1:colcon.colcon_core.package_identification:_identify(stingray/resources/configs) by extension 'colcon_meta'
[1.216s] Level 1:colcon.colcon_core.package_identification:_identify(stingray/resources/configs) by extensions ['ros']
[1.216s] Level 1:colcon.colcon_core.package_identification:_identify(stingray/resources/configs) by extension 'ros'
[1.217s] Level 1:colcon.colcon_core.package_identification:_identify(stingray/resources/configs) by extensions ['cmake', 'python']
[1.217s] Level 1:colcon.colcon_core.package_identification:_identify(stingray/resources/configs) by extension 'cmake'
[1.217s] Level 1:colcon.colcon_core.package_identification:_identify(stingray/resources/configs) by extension 'python'
[1.217s] Level 1:colcon.colcon_core.package_identification:_identify(stingray/resources/configs) by extensions ['python_setup_py']
[1.217s] Level 1:colcon.colcon_core.package_identification:_identify(stingray/resources/configs) by extension 'python_setup_py'
[1.217s] Level 1:colcon.colcon_core.package_identification:_identify(stingray/resources/weights) by extensions ['ignore', 'ignore_ament_install']
[1.217s] Level 1:colcon.colcon_core.package_identification:_identify(stingray/resources/weights) by extension 'ignore'
[1.217s] Level 1:colcon.colcon_core.package_identification:_identify(stingray/resources/weights) by extension 'ignore_ament_install'
[1.217s] Level 1:colcon.colcon_core.package_identification:_identify(stingray/resources/weights) by extensions ['colcon_pkg']
[1.217s] Level 1:colcon.colcon_core.package_identification:_identify(stingray/resources/weights) by extension 'colcon_pkg'
[1.217s] Level 1:colcon.colcon_core.package_identification:_identify(stingray/resources/weights) by extensions ['colcon_meta']
[1.217s] Level 1:colcon.colcon_core.package_identification:_identify(stingray/resources/weights) by extension 'colcon_meta'
[1.217s] Level 1:colcon.colcon_core.package_identification:_identify(stingray/resources/weights) by extensions ['ros']
[1.217s] Level 1:colcon.colcon_core.package_identification:_identify(stingray/resources/weights) by extension 'ros'
[1.217s] Level 1:colcon.colcon_core.package_identification:_identify(stingray/resources/weights) by extensions ['cmake', 'python']
[1.217s] Level 1:colcon.colcon_core.package_identification:_identify(stingray/resources/weights) by extension 'cmake'
[1.217s] Level 1:colcon.colcon_core.package_identification:_identify(stingray/resources/weights) by extension 'python'
[1.217s] Level 1:colcon.colcon_core.package_identification:_identify(stingray/resources/weights) by extensions ['python_setup_py']
[1.217s] Level 1:colcon.colcon_core.package_identification:_identify(stingray/resources/weights) by extension 'python_setup_py'
[1.218s] Level 1:colcon.colcon_core.package_identification:_identify(stingray/resources/weights/yolov5) by extensions ['ignore', 'ignore_ament_install']
[1.218s] Level 1:colcon.colcon_core.package_identification:_identify(stingray/resources/weights/yolov5) by extension 'ignore'
[1.218s] Level 1:colcon.colcon_core.package_identification:_identify(stingray/resources/weights/yolov5) by extension 'ignore_ament_install'
[1.218s] Level 1:colcon.colcon_core.package_identification:_identify(stingray/resources/weights/yolov5) by extensions ['colcon_pkg']
[1.218s] Level 1:colcon.colcon_core.package_identification:_identify(stingray/resources/weights/yolov5) by extension 'colcon_pkg'
[1.218s] Level 1:colcon.colcon_core.package_identification:_identify(stingray/resources/weights/yolov5) by extensions ['colcon_meta']
[1.218s] Level 1:colcon.colcon_core.package_identification:_identify(stingray/resources/weights/yolov5) by extension 'colcon_meta'
[1.218s] Level 1:colcon.colcon_core.package_identification:_identify(stingray/resources/weights/yolov5) by extensions ['ros']
[1.218s] Level 1:colcon.colcon_core.package_identification:_identify(stingray/resources/weights/yolov5) by extension 'ros'
[1.218s] Level 1:colcon.colcon_core.package_identification:_identify(stingray/resources/weights/yolov5) by extensions ['cmake', 'python']
[1.218s] Level 1:colcon.colcon_core.package_identification:_identify(stingray/resources/weights/yolov5) by extension 'cmake'
[1.218s] Level 1:colcon.colcon_core.package_identification:_identify(stingray/resources/weights/yolov5) by extension 'python'
[1.218s] Level 1:colcon.colcon_core.package_identification:_identify(stingray/resources/weights/yolov5) by extensions ['python_setup_py']
[1.218s] Level 1:colcon.colcon_core.package_identification:_identify(stingray/resources/weights/yolov5) by extension 'python_setup_py'
[1.218s] Level 1:colcon.colcon_core.package_identification:_identify(stingray/src) by extensions ['ignore', 'ignore_ament_install']
[1.218s] Level 1:colcon.colcon_core.package_identification:_identify(stingray/src) by extension 'ignore'
[1.219s] Level 1:colcon.colcon_core.package_identification:_identify(stingray/src) by extension 'ignore_ament_install'
[1.219s] Level 1:colcon.colcon_core.package_identification:_identify(stingray/src) by extensions ['colcon_pkg']
[1.219s] Level 1:colcon.colcon_core.package_identification:_identify(stingray/src) by extension 'colcon_pkg'
[1.219s] Level 1:colcon.colcon_core.package_identification:_identify(stingray/src) by extensions ['colcon_meta']
[1.219s] Level 1:colcon.colcon_core.package_identification:_identify(stingray/src) by extension 'colcon_meta'
[1.219s] Level 1:colcon.colcon_core.package_identification:_identify(stingray/src) by extensions ['ros']
[1.219s] Level 1:colcon.colcon_core.package_identification:_identify(stingray/src) by extension 'ros'
[1.219s] Level 1:colcon.colcon_core.package_identification:_identify(stingray/src) by extensions ['cmake', 'python']
[1.219s] Level 1:colcon.colcon_core.package_identification:_identify(stingray/src) by extension 'cmake'
[1.219s] Level 1:colcon.colcon_core.package_identification:_identify(stingray/src) by extension 'python'
[1.219s] Level 1:colcon.colcon_core.package_identification:_identify(stingray/src) by extensions ['python_setup_py']
[1.219s] Level 1:colcon.colcon_core.package_identification:_identify(stingray/src) by extension 'python_setup_py'
[1.219s] Level 1:colcon.colcon_core.package_identification:_identify(stingray/src/stingray_core) by extensions ['ignore', 'ignore_ament_install']
[1.219s] Level 1:colcon.colcon_core.package_identification:_identify(stingray/src/stingray_core) by extension 'ignore'
[1.219s] Level 1:colcon.colcon_core.package_identification:_identify(stingray/src/stingray_core) by extension 'ignore_ament_install'
[1.219s] Level 1:colcon.colcon_core.package_identification:_identify(stingray/src/stingray_core) by extensions ['colcon_pkg']
[1.219s] Level 1:colcon.colcon_core.package_identification:_identify(stingray/src/stingray_core) by extension 'colcon_pkg'
[1.220s] Level 1:colcon.colcon_core.package_identification:_identify(stingray/src/stingray_core) by extensions ['colcon_meta']
[1.220s] Level 1:colcon.colcon_core.package_identification:_identify(stingray/src/stingray_core) by extension 'colcon_meta'
[1.220s] Level 1:colcon.colcon_core.package_identification:_identify(stingray/src/stingray_core) by extensions ['ros']
[1.220s] Level 1:colcon.colcon_core.package_identification:_identify(stingray/src/stingray_core) by extension 'ros'
[1.220s] Level 1:colcon.colcon_core.package_identification:_identify(stingray/src/stingray_core) by extensions ['cmake', 'python']
[1.220s] Level 1:colcon.colcon_core.package_identification:_identify(stingray/src/stingray_core) by extension 'cmake'
[1.220s] Level 1:colcon.colcon_core.package_identification:_identify(stingray/src/stingray_core) by extension 'python'
[1.220s] Level 1:colcon.colcon_core.package_identification:_identify(stingray/src/stingray_core) by extensions ['python_setup_py']
[1.220s] Level 1:colcon.colcon_core.package_identification:_identify(stingray/src/stingray_core) by extension 'python_setup_py'
[1.220s] Level 1:colcon.colcon_core.package_identification:_identify(stingray/src/stingray_core/src) by extensions ['ignore', 'ignore_ament_install']
[1.220s] Level 1:colcon.colcon_core.package_identification:_identify(stingray/src/stingray_core/src) by extension 'ignore'
[1.220s] Level 1:colcon.colcon_core.package_identification:_identify(stingray/src/stingray_core/src) by extension 'ignore_ament_install'
[1.220s] Level 1:colcon.colcon_core.package_identification:_identify(stingray/src/stingray_core/src) by extensions ['colcon_pkg']
[1.220s] Level 1:colcon.colcon_core.package_identification:_identify(stingray/src/stingray_core/src) by extension 'colcon_pkg'
[1.220s] Level 1:colcon.colcon_core.package_identification:_identify(stingray/src/stingray_core/src) by extensions ['colcon_meta']
[1.220s] Level 1:colcon.colcon_core.package_identification:_identify(stingray/src/stingray_core/src) by extension 'colcon_meta'
[1.220s] Level 1:colcon.colcon_core.package_identification:_identify(stingray/src/stingray_core/src) by extensions ['ros']
[1.220s] Level 1:colcon.colcon_core.package_identification:_identify(stingray/src/stingray_core/src) by extension 'ros'
[1.221s] Level 1:colcon.colcon_core.package_identification:_identify(stingray/src/stingray_core/src) by extensions ['cmake', 'python']
[1.221s] Level 1:colcon.colcon_core.package_identification:_identify(stingray/src/stingray_core/src) by extension 'cmake'
[1.221s] Level 1:colcon.colcon_core.package_identification:_identify(stingray/src/stingray_core/src) by extension 'python'
[1.221s] Level 1:colcon.colcon_core.package_identification:_identify(stingray/src/stingray_core/src) by extensions ['python_setup_py']
[1.221s] Level 1:colcon.colcon_core.package_identification:_identify(stingray/src/stingray_core/src) by extension 'python_setup_py'
[1.221s] Level 1:colcon.colcon_core.package_identification:_identify(stingray/src/stingray_core/src/serial) by extensions ['ignore', 'ignore_ament_install']
[1.221s] Level 1:colcon.colcon_core.package_identification:_identify(stingray/src/stingray_core/src/serial) by extension 'ignore'
[1.221s] Level 1:colcon.colcon_core.package_identification:_identify(stingray/src/stingray_core/src/serial) by extension 'ignore_ament_install'
[1.221s] Level 1:colcon.colcon_core.package_identification:_identify(stingray/src/stingray_core/src/serial) by extensions ['colcon_pkg']
[1.221s] Level 1:colcon.colcon_core.package_identification:_identify(stingray/src/stingray_core/src/serial) by extension 'colcon_pkg'
[1.221s] Level 1:colcon.colcon_core.package_identification:_identify(stingray/src/stingray_core/src/serial) by extensions ['colcon_meta']
[1.221s] Level 1:colcon.colcon_core.package_identification:_identify(stingray/src/stingray_core/src/serial) by extension 'colcon_meta'
[1.221s] Level 1:colcon.colcon_core.package_identification:_identify(stingray/src/stingray_core/src/serial) by extensions ['ros']
[1.221s] Level 1:colcon.colcon_core.package_identification:_identify(stingray/src/stingray_core/src/serial) by extension 'ros'
[1.222s] DEBUG:colcon.colcon_core.package_identification:Package 'stingray/src/stingray_core/src/serial' with type 'ros.ament_cmake' and name 'serial'
[1.223s] Level 1:colcon.colcon_core.package_identification:_identify(stingray/src/stingray_core/src/stingray_core_communication) by extensions ['ignore', 'ignore_ament_install']
[1.223s] Level 1:colcon.colcon_core.package_identification:_identify(stingray/src/stingray_core/src/stingray_core_communication) by extension 'ignore'
[1.223s] Level 1:colcon.colcon_core.package_identification:_identify(stingray/src/stingray_core/src/stingray_core_communication) by extension 'ignore_ament_install'
[1.223s] Level 1:colcon.colcon_core.package_identification:_identify(stingray/src/stingray_core/src/stingray_core_communication) by extensions ['colcon_pkg']
[1.223s] Level 1:colcon.colcon_core.package_identification:_identify(stingray/src/stingray_core/src/stingray_core_communication) by extension 'colcon_pkg'
[1.223s] Level 1:colcon.colcon_core.package_identification:_identify(stingray/src/stingray_core/src/stingray_core_communication) by extensions ['colcon_meta']
[1.223s] Level 1:colcon.colcon_core.package_identification:_identify(stingray/src/stingray_core/src/stingray_core_communication) by extension 'colcon_meta'
[1.223s] Level 1:colcon.colcon_core.package_identification:_identify(stingray/src/stingray_core/src/stingray_core_communication) by extensions ['ros']
[1.223s] Level 1:colcon.colcon_core.package_identification:_identify(stingray/src/stingray_core/src/stingray_core_communication) by extension 'ros'
[1.225s] DEBUG:colcon.colcon_core.package_identification:Package 'stingray/src/stingray_core/src/stingray_core_communication' with type 'ros.ament_cmake' and name 'stingray_core_communication'
[1.225s] Level 1:colcon.colcon_core.package_identification:_identify(stingray/src/stingray_core/src/stingray_core_interfaces) by extensions ['ignore', 'ignore_ament_install']
[1.225s] Level 1:colcon.colcon_core.package_identification:_identify(stingray/src/stingray_core/src/stingray_core_interfaces) by extension 'ignore'
[1.225s] Level 1:colcon.colcon_core.package_identification:_identify(stingray/src/stingray_core/src/stingray_core_interfaces) by extension 'ignore_ament_install'
[1.225s] Level 1:colcon.colcon_core.package_identification:_identify(stingray/src/stingray_core/src/stingray_core_interfaces) by extensions ['colcon_pkg']
[1.225s] Level 1:colcon.colcon_core.package_identification:_identify(stingray/src/stingray_core/src/stingray_core_interfaces) by extension 'colcon_pkg'
[1.225s] Level 1:colcon.colcon_core.package_identification:_identify(stingray/src/stingray_core/src/stingray_core_interfaces) by extensions ['colcon_meta']
[1.225s] Level 1:colcon.colcon_core.package_identification:_identify(stingray/src/stingray_core/src/stingray_core_interfaces) by extension 'colcon_meta'
[1.226s] Level 1:colcon.colcon_core.package_identification:_identify(stingray/src/stingray_core/src/stingray_core_interfaces) by extensions ['ros']
[1.226s] Level 1:colcon.colcon_core.package_identification:_identify(stingray/src/stingray_core/src/stingray_core_interfaces) by extension 'ros'
[1.227s] DEBUG:colcon.colcon_core.package_identification:Package 'stingray/src/stingray_core/src/stingray_core_interfaces' with type 'ros.ament_cmake' and name 'stingray_core_interfaces'
[1.227s] Level 1:colcon.colcon_core.package_identification:_identify(stingray/src/stingray_core/src/stingray_core_launch) by extensions ['ignore', 'ignore_ament_install']
[1.227s] Level 1:colcon.colcon_core.package_identification:_identify(stingray/src/stingray_core/src/stingray_core_launch) by extension 'ignore'
[1.227s] Level 1:colcon.colcon_core.package_identification:_identify(stingray/src/stingray_core/src/stingray_core_launch) by extension 'ignore_ament_install'
[1.227s] Level 1:colcon.colcon_core.package_identification:_identify(stingray/src/stingray_core/src/stingray_core_launch) by extensions ['colcon_pkg']
[1.227s] Level 1:colcon.colcon_core.package_identification:_identify(stingray/src/stingray_core/src/stingray_core_launch) by extension 'colcon_pkg'
[1.227s] Level 1:colcon.colcon_core.package_identification:_identify(stingray/src/stingray_core/src/stingray_core_launch) by extensions ['colcon_meta']
[1.227s] Level 1:colcon.colcon_core.package_identification:_identify(stingray/src/stingray_core/src/stingray_core_launch) by extension 'colcon_meta'
[1.227s] Level 1:colcon.colcon_core.package_identification:_identify(stingray/src/stingray_core/src/stingray_core_launch) by extensions ['ros']
[1.227s] Level 1:colcon.colcon_core.package_identification:_identify(stingray/src/stingray_core/src/stingray_core_launch) by extension 'ros'
[1.228s] DEBUG:colcon.colcon_core.package_identification:Package 'stingray/src/stingray_core/src/stingray_core_launch' with type 'ros.ament_python' and name 'stingray_core_launch'
[1.228s] Level 1:colcon.colcon_core.package_identification:_identify(stingray/src/stingray_devices) by extensions ['ignore', 'ignore_ament_install']
[1.229s] Level 1:colcon.colcon_core.package_identification:_identify(stingray/src/stingray_devices) by extension 'ignore'
[1.229s] Level 1:colcon.colcon_core.package_identification:_identify(stingray/src/stingray_devices) by extension 'ignore_ament_install'
[1.229s] Level 1:colcon.colcon_core.package_identification:_identify(stingray/src/stingray_devices) by extensions ['colcon_pkg']
[1.229s] Level 1:colcon.colcon_core.package_identification:_identify(stingray/src/stingray_devices) by extension 'colcon_pkg'
[1.229s] Level 1:colcon.colcon_core.package_identification:_identify(stingray/src/stingray_devices) by extensions ['colcon_meta']
[1.229s] Level 1:colcon.colcon_core.package_identification:_identify(stingray/src/stingray_devices) by extension 'colcon_meta'
[1.229s] Level 1:colcon.colcon_core.package_identification:_identify(stingray/src/stingray_devices) by extensions ['ros']
[1.229s] Level 1:colcon.colcon_core.package_identification:_identify(stingray/src/stingray_devices) by extension 'ros'
[1.231s] DEBUG:colcon.colcon_core.package_identification:Package 'stingray/src/stingray_devices' with type 'ros.ament_cmake' and name 'stingray_devices'
[1.232s] Level 1:colcon.colcon_core.package_identification:_identify(stingray/src/stingray_interfaces) by extensions ['ignore', 'ignore_ament_install']
[1.232s] Level 1:colcon.colcon_core.package_identification:_identify(stingray/src/stingray_interfaces) by extension 'ignore'
[1.232s] Level 1:colcon.colcon_core.package_identification:_identify(stingray/src/stingray_interfaces) by extension 'ignore_ament_install'
[1.232s] Level 1:colcon.colcon_core.package_identification:_identify(stingray/src/stingray_interfaces) by extensions ['colcon_pkg']
[1.232s] Level 1:colcon.colcon_core.package_identification:_identify(stingray/src/stingray_interfaces) by extension 'colcon_pkg'
[1.232s] Level 1:colcon.colcon_core.package_identification:_identify(stingray/src/stingray_interfaces) by extensions ['colcon_meta']
[1.232s] Level 1:colcon.colcon_core.package_identification:_identify(stingray/src/stingray_interfaces) by extension 'colcon_meta'
[1.233s] Level 1:colcon.colcon_core.package_identification:_identify(stingray/src/stingray_interfaces) by extensions ['ros']
[1.233s] Level 1:colcon.colcon_core.package_identification:_identify(stingray/src/stingray_interfaces) by extension 'ros'
[1.234s] DEBUG:colcon.colcon_core.package_identification:Package 'stingray/src/stingray_interfaces' with type 'ros.ament_cmake' and name 'stingray_interfaces'
[1.234s] Level 1:colcon.colcon_core.package_identification:_identify(stingray/src/stingray_launch) by extensions ['ignore', 'ignore_ament_install']
[1.235s] Level 1:colcon.colcon_core.package_identification:_identify(stingray/src/stingray_launch) by extension 'ignore'
[1.235s] Level 1:colcon.colcon_core.package_identification:_identify(stingray/src/stingray_launch) by extension 'ignore_ament_install'
[1.235s] Level 1:colcon.colcon_core.package_identification:_identify(stingray/src/stingray_launch) by extensions ['colcon_pkg']
[1.235s] Level 1:colcon.colcon_core.package_identification:_identify(stingray/src/stingray_launch) by extension 'colcon_pkg'
[1.235s] Level 1:colcon.colcon_core.package_identification:_identify(stingray/src/stingray_launch) by extensions ['colcon_meta']
[1.235s] Level 1:colcon.colcon_core.package_identification:_identify(stingray/src/stingray_launch) by extension 'colcon_meta'
[1.235s] Level 1:colcon.colcon_core.package_identification:_identify(stingray/src/stingray_launch) by extensions ['ros']
[1.235s] Level 1:colcon.colcon_core.package_identification:_identify(stingray/src/stingray_launch) by extension 'ros'
[1.236s] DEBUG:colcon.colcon_core.package_identification:Package 'stingray/src/stingray_launch' with type 'ros.ament_python' and name 'stingray_launch'
[1.236s] Level 1:colcon.colcon_core.package_identification:_identify(stingray/src/stingray_missions) by extensions ['ignore', 'ignore_ament_install']
[1.237s] Level 1:colcon.colcon_core.package_identification:_identify(stingray/src/stingray_missions) by extension 'ignore'
[1.237s] Level 1:colcon.colcon_core.package_identification:_identify(stingray/src/stingray_missions) by extension 'ignore_ament_install'
[1.237s] Level 1:colcon.colcon_core.package_identification:_identify(stingray/src/stingray_missions) by extensions ['colcon_pkg']
[1.237s] Level 1:colcon.colcon_core.package_identification:_identify(stingray/src/stingray_missions) by extension 'colcon_pkg'
[1.237s] Level 1:colcon.colcon_core.package_identification:_identify(stingray/src/stingray_missions) by extensions ['colcon_meta']
[1.237s] Level 1:colcon.colcon_core.package_identification:_identify(stingray/src/stingray_missions) by extension 'colcon_meta'
[1.237s] Level 1:colcon.colcon_core.package_identification:_identify(stingray/src/stingray_missions) by extensions ['ros']
[1.237s] Level 1:colcon.colcon_core.package_identification:_identify(stingray/src/stingray_missions) by extension 'ros'
[1.239s] DEBUG:colcon.colcon_core.package_identification:Package 'stingray/src/stingray_missions' with type 'ros.ament_python' and name 'stingray_missions'
[1.239s] Level 1:colcon.colcon_core.package_identification:_identify(stingray/src/stingray_movement) by extensions ['ignore', 'ignore_ament_install']
[1.239s] Level 1:colcon.colcon_core.package_identification:_identify(stingray/src/stingray_movement) by extension 'ignore'
[1.239s] Level 1:colcon.colcon_core.package_identification:_identify(stingray/src/stingray_movement) by extension 'ignore_ament_install'
[1.239s] Level 1:colcon.colcon_core.package_identification:_identify(stingray/src/stingray_movement) by extensions ['colcon_pkg']
[1.239s] Level 1:colcon.colcon_core.package_identification:_identify(stingray/src/stingray_movement) by extension 'colcon_pkg'
[1.240s] Level 1:colcon.colcon_core.package_identification:_identify(stingray/src/stingray_movement) by extensions ['colcon_meta']
[1.240s] Level 1:colcon.colcon_core.package_identification:_identify(stingray/src/stingray_movement) by extension 'colcon_meta'
[1.240s] Level 1:colcon.colcon_core.package_identification:_identify(stingray/src/stingray_movement) by extensions ['ros']
[1.240s] Level 1:colcon.colcon_core.package_identification:_identify(stingray/src/stingray_movement) by extension 'ros'
[1.241s] DEBUG:colcon.colcon_core.package_identification:Package 'stingray/src/stingray_movement' with type 'ros.ament_cmake' and name 'stingray_movement'
[1.242s] Level 1:colcon.colcon_core.package_identification:_identify(stingray/src/stingray_object_detection) by extensions ['ignore', 'ignore_ament_install']
[1.242s] Level 1:colcon.colcon_core.package_identification:_identify(stingray/src/stingray_object_detection) by extension 'ignore'
[1.242s] Level 1:colcon.colcon_core.package_identification:_identify(stingray/src/stingray_object_detection) by extension 'ignore_ament_install'
[1.242s] Level 1:colcon.colcon_core.package_identification:_identify(stingray/src/stingray_object_detection) by extensions ['colcon_pkg']
[1.242s] Level 1:colcon.colcon_core.package_identification:_identify(stingray/src/stingray_object_detection) by extension 'colcon_pkg'
[1.242s] Level 1:colcon.colcon_core.package_identification:_identify(stingray/src/stingray_object_detection) by extensions ['colcon_meta']
[1.242s] Level 1:colcon.colcon_core.package_identification:_identify(stingray/src/stingray_object_detection) by extension 'colcon_meta'
[1.242s] Level 1:colcon.colcon_core.package_identification:_identify(stingray/src/stingray_object_detection) by extensions ['ros']
[1.242s] Level 1:colcon.colcon_core.package_identification:_identify(stingray/src/stingray_object_detection) by extension 'ros'
[1.245s] DEBUG:colcon.colcon_core.package_identification:Package 'stingray/src/stingray_object_detection' with type 'ros.ament_python' and name 'stingray_object_detection'
[1.245s] Level 1:colcon.colcon_core.package_identification:_identify(stingray/src/stingray_utils) by extensions ['ignore', 'ignore_ament_install']
[1.245s] Level 1:colcon.colcon_core.package_identification:_identify(stingray/src/stingray_utils) by extension 'ignore'
[1.245s] Level 1:colcon.colcon_core.package_identification:_identify(stingray/src/stingray_utils) by extension 'ignore_ament_install'
[1.245s] Level 1:colcon.colcon_core.package_identification:_identify(stingray/src/stingray_utils) by extensions ['colcon_pkg']
[1.245s] Level 1:colcon.colcon_core.package_identification:_identify(stingray/src/stingray_utils) by extension 'colcon_pkg'
[1.245s] Level 1:colcon.colcon_core.package_identification:_identify(stingray/src/stingray_utils) by extensions ['colcon_meta']
[1.245s] Level 1:colcon.colcon_core.package_identification:_identify(stingray/src/stingray_utils) by extension 'colcon_meta'
[1.245s] Level 1:colcon.colcon_core.package_identification:_identify(stingray/src/stingray_utils) by extensions ['ros']
[1.246s] Level 1:colcon.colcon_core.package_identification:_identify(stingray/src/stingray_utils) by extension 'ros'
[1.247s] DEBUG:colcon.colcon_core.package_identification:Package 'stingray/src/stingray_utils' with type 'ros.ament_cmake' and name 'stingray_utils'
[1.247s] Level 1:colcon.colcon_core.package_discovery:discover_packages(recursive) using defaults
[1.247s] Level 1:colcon.colcon_core.package_discovery:discover_packages(ignore) discover
[1.247s] Level 1:colcon.colcon_core.package_discovery:discover_packages(ignore) using defaults
[1.247s] Level 1:colcon.colcon_core.package_discovery:discover_packages(path) discover
[1.247s] Level 1:colcon.colcon_core.package_discovery:discover_packages(path) using defaults
[1.366s] Level 1:colcon.colcon_core.package_discovery:discover_packages(prefix_path) check parameters
[1.366s] Level 1:colcon.colcon_core.package_discovery:discover_packages(prefix_path) discover
[1.410s] DEBUG:colcon.colcon_installed_package_information.package_discovery:Found 289 installed packages in /opt/ros/iron
[1.427s] Level 1:colcon.colcon_core.package_discovery:discover_packages(prefix_path) using defaults
[1.537s] Level 5:colcon.colcon_core.verb:set package 'marker_finder' build argument 'cmake_args' from command line to 'None'
[1.538s] Level 5:colcon.colcon_core.verb:set package 'marker_finder' build argument 'cmake_target' from command line to 'None'
[1.538s] Level 5:colcon.colcon_core.verb:set package 'marker_finder' build argument 'cmake_target_skip_unavailable' from command line to 'False'
[1.538s] Level 5:colcon.colcon_core.verb:set package 'marker_finder' build argument 'cmake_clean_cache' from command line to 'False'
[1.538s] Level 5:colcon.colcon_core.verb:set package 'marker_finder' build argument 'cmake_clean_first' from command line to 'False'
[1.538s] Level 5:colcon.colcon_core.verb:set package 'marker_finder' build argument 'cmake_force_configure' from command line to 'False'
[1.538s] Level 5:colcon.colcon_core.verb:set package 'marker_finder' build argument 'ament_cmake_args' from command line to 'None'
[1.538s] Level 5:colcon.colcon_core.verb:set package 'marker_finder' build argument 'catkin_cmake_args' from command line to 'None'
[1.538s] Level 5:colcon.colcon_core.verb:set package 'marker_finder' build argument 'catkin_skip_building_tests' from command line to 'False'
[1.538s] DEBUG:colcon.colcon_core.verb:Building package 'marker_finder' with the following arguments: {'ament_cmake_args': None, 'build_base': '/home/shakuevda/Desktop/SAUVC/sauvc_hyadroacoustic/src/build/marker_finder', 'catkin_cmake_args': None, 'catkin_skip_building_tests': False, 'cmake_args': None, 'cmake_clean_cache': False, 'cmake_clean_first': False, 'cmake_force_configure': False, 'cmake_target': None, 'cmake_target_skip_unavailable': False, 'install_base': '/home/shakuevda/Desktop/SAUVC/sauvc_hyadroacoustic/src/install/marker_finder', 'merge_install': False, 'path': '/home/shakuevda/Desktop/SAUVC/sauvc_hyadroacoustic/src/marker_finder', 'symlink_install': False, 'test_result_base': None}
[1.559s] Level 5:colcon.colcon_core.verb:set package 'sauvc_launch' build argument 'cmake_args' from command line to 'None'
[1.559s] Level 5:colcon.colcon_core.verb:set package 'sauvc_launch' build argument 'cmake_target' from command line to 'None'
[1.559s] Level 5:colcon.colcon_core.verb:set package 'sauvc_launch' build argument 'cmake_target_skip_unavailable' from command line to 'False'
[1.559s] Level 5:colcon.colcon_core.verb:set package 'sauvc_launch' build argument 'cmake_clean_cache' from command line to 'False'
[1.559s] Level 5:colcon.colcon_core.verb:set package 'sauvc_launch' build argument 'cmake_clean_first' from command line to 'False'
[1.559s] Level 5:colcon.colcon_core.verb:set package 'sauvc_launch' build argument 'cmake_force_configure' from command line to 'False'
[1.559s] Level 5:colcon.colcon_core.verb:set package 'sauvc_launch' build argument 'ament_cmake_args' from command line to 'None'
[1.559s] Level 5:colcon.colcon_core.verb:set package 'sauvc_launch' build argument 'catkin_cmake_args' from command line to 'None'
[1.559s] Level 5:colcon.colcon_core.verb:set package 'sauvc_launch' build argument 'catkin_skip_building_tests' from command line to 'False'
[1.559s] DEBUG:colcon.colcon_core.verb:Building package 'sauvc_launch' with the following arguments: {'ament_cmake_args': None, 'build_base': '/home/shakuevda/Desktop/SAUVC/sauvc_hyadroacoustic/src/build/sauvc_launch', 'catkin_cmake_args': None, 'catkin_skip_building_tests': False, 'cmake_args': None, 'cmake_clean_cache': False, 'cmake_clean_first': False, 'cmake_force_configure': False, 'cmake_target': None, 'cmake_target_skip_unavailable': False, 'install_base': '/home/shakuevda/Desktop/SAUVC/sauvc_hyadroacoustic/src/install/sauvc_launch', 'merge_install': False, 'path': '/home/shakuevda/Desktop/SAUVC/sauvc_hyadroacoustic/src/sauvc_launch', 'symlink_install': False, 'test_result_base': None}
[1.579s] Level 5:colcon.colcon_core.verb:set package 'sauvc_pinger_finder' build argument 'cmake_args' from command line to 'None'
[1.579s] Level 5:colcon.colcon_core.verb:set package 'sauvc_pinger_finder' build argument 'cmake_target' from command line to 'None'
[1.579s] Level 5:colcon.colcon_core.verb:set package 'sauvc_pinger_finder' build argument 'cmake_target_skip_unavailable' from command line to 'False'
[1.579s] Level 5:colcon.colcon_core.verb:set package 'sauvc_pinger_finder' build argument 'cmake_clean_cache' from command line to 'False'
[1.579s] Level 5:colcon.colcon_core.verb:set package 'sauvc_pinger_finder' build argument 'cmake_clean_first' from command line to 'False'
[1.579s] Level 5:colcon.colcon_core.verb:set package 'sauvc_pinger_finder' build argument 'cmake_force_configure' from command line to 'False'
[1.579s] Level 5:colcon.colcon_core.verb:set package 'sauvc_pinger_finder' build argument 'ament_cmake_args' from command line to 'None'
[1.579s] Level 5:colcon.colcon_core.verb:set package 'sauvc_pinger_finder' build argument 'catkin_cmake_args' from command line to 'None'
[1.579s] Level 5:colcon.colcon_core.verb:set package 'sauvc_pinger_finder' build argument 'catkin_skip_building_tests' from command line to 'False'
[1.579s] DEBUG:colcon.colcon_core.verb:Building package 'sauvc_pinger_finder' with the following arguments: {'ament_cmake_args': None, 'build_base': '/home/shakuevda/Desktop/SAUVC/sauvc_hyadroacoustic/src/build/sauvc_pinger_finder', 'catkin_cmake_args': None, 'catkin_skip_building_tests': False, 'cmake_args': None, 'cmake_clean_cache': False, 'cmake_clean_first': False, 'cmake_force_configure': False, 'cmake_target': None, 'cmake_target_skip_unavailable': False, 'install_base': '/home/shakuevda/Desktop/SAUVC/sauvc_hyadroacoustic/src/install/sauvc_pinger_finder', 'merge_install': False, 'path': '/home/shakuevda/Desktop/SAUVC/sauvc_hyadroacoustic/src/sauvc_pinger_finder', 'symlink_install': False, 'test_result_base': None}
[1.598s] Level 5:colcon.colcon_core.verb:set package 'serial' build argument 'cmake_args' from command line to 'None'
[1.598s] Level 5:colcon.colcon_core.verb:set package 'serial' build argument 'cmake_target' from command line to 'None'
[1.598s] Level 5:colcon.colcon_core.verb:set package 'serial' build argument 'cmake_target_skip_unavailable' from command line to 'False'
[1.598s] Level 5:colcon.colcon_core.verb:set package 'serial' build argument 'cmake_clean_cache' from command line to 'False'
[1.598s] Level 5:colcon.colcon_core.verb:set package 'serial' build argument 'cmake_clean_first' from command line to 'False'
[1.598s] Level 5:colcon.colcon_core.verb:set package 'serial' build argument 'cmake_force_configure' from command line to 'False'
[1.599s] Level 5:colcon.colcon_core.verb:set package 'serial' build argument 'ament_cmake_args' from command line to 'None'
[1.599s] Level 5:colcon.colcon_core.verb:set package 'serial' build argument 'catkin_cmake_args' from command line to 'None'
[1.599s] Level 5:colcon.colcon_core.verb:set package 'serial' build argument 'catkin_skip_building_tests' from command line to 'False'
[1.599s] DEBUG:colcon.colcon_core.verb:Building package 'serial' with the following arguments: {'ament_cmake_args': None, 'build_base': '/home/shakuevda/Desktop/SAUVC/sauvc_hyadroacoustic/src/build/serial', 'catkin_cmake_args': None, 'catkin_skip_building_tests': False, 'cmake_args': None, 'cmake_clean_cache': False, 'cmake_clean_first': False, 'cmake_force_configure': False, 'cmake_target': None, 'cmake_target_skip_unavailable': False, 'install_base': '/home/shakuevda/Desktop/SAUVC/sauvc_hyadroacoustic/src/install/serial', 'merge_install': False, 'path': '/home/shakuevda/Desktop/SAUVC/sauvc_hyadroacoustic/src/stingray/src/stingray_core/src/serial', 'symlink_install': False, 'test_result_base': None}
[1.616s] Level 5:colcon.colcon_core.verb:set package 'stingray_core_interfaces' build argument 'cmake_args' from command line to 'None'
[1.616s] Level 5:colcon.colcon_core.verb:set package 'stingray_core_interfaces' build argument 'cmake_target' from command line to 'None'
[1.616s] Level 5:colcon.colcon_core.verb:set package 'stingray_core_interfaces' build argument 'cmake_target_skip_unavailable' from command line to 'False'
[1.616s] Level 5:colcon.colcon_core.verb:set package 'stingray_core_interfaces' build argument 'cmake_clean_cache' from command line to 'False'
[1.616s] Level 5:colcon.colcon_core.verb:set package 'stingray_core_interfaces' build argument 'cmake_clean_first' from command line to 'False'
[1.616s] Level 5:colcon.colcon_core.verb:set package 'stingray_core_interfaces' build argument 'cmake_force_configure' from command line to 'False'
[1.616s] Level 5:colcon.colcon_core.verb:set package 'stingray_core_interfaces' build argument 'ament_cmake_args' from command line to 'None'
[1.616s] Level 5:colcon.colcon_core.verb:set package 'stingray_core_interfaces' build argument 'catkin_cmake_args' from command line to 'None'
[1.616s] Level 5:colcon.colcon_core.verb:set package 'stingray_core_interfaces' build argument 'catkin_skip_building_tests' from command line to 'False'
[1.617s] DEBUG:colcon.colcon_core.verb:Building package 'stingray_core_interfaces' with the following arguments: {'ament_cmake_args': None, 'build_base': '/home/shakuevda/Desktop/SAUVC/sauvc_hyadroacoustic/src/build/stingray_core_interfaces', 'catkin_cmake_args': None, 'catkin_skip_building_tests': False, 'cmake_args': None, 'cmake_clean_cache': False, 'cmake_clean_first': False, 'cmake_force_configure': False, 'cmake_target': None, 'cmake_target_skip_unavailable': False, 'install_base': '/home/shakuevda/Desktop/SAUVC/sauvc_hyadroacoustic/src/install/stingray_core_interfaces', 'merge_install': False, 'path': '/home/shakuevda/Desktop/SAUVC/sauvc_hyadroacoustic/src/stingray/src/stingray_core/src/stingray_core_interfaces', 'symlink_install': False, 'test_result_base': None}
[1.633s] Level 5:colcon.colcon_core.verb:set package 'stingray_core_launch' build argument 'cmake_args' from command line to 'None'
[1.633s] Level 5:colcon.colcon_core.verb:set package 'stingray_core_launch' build argument 'cmake_target' from command line to 'None'
[1.633s] Level 5:colcon.colcon_core.verb:set package 'stingray_core_launch' build argument 'cmake_target_skip_unavailable' from command line to 'False'
[1.633s] Level 5:colcon.colcon_core.verb:set package 'stingray_core_launch' build argument 'cmake_clean_cache' from command line to 'False'
[1.633s] Level 5:colcon.colcon_core.verb:set package 'stingray_core_launch' build argument 'cmake_clean_first' from command line to 'False'
[1.633s] Level 5:colcon.colcon_core.verb:set package 'stingray_core_launch' build argument 'cmake_force_configure' from command line to 'False'
[1.633s] Level 5:colcon.colcon_core.verb:set package 'stingray_core_launch' build argument 'ament_cmake_args' from command line to 'None'
[1.633s] Level 5:colcon.colcon_core.verb:set package 'stingray_core_launch' build argument 'catkin_cmake_args' from command line to 'None'
[1.633s] Level 5:colcon.colcon_core.verb:set package 'stingray_core_launch' build argument 'catkin_skip_building_tests' from command line to 'False'
[1.633s] DEBUG:colcon.colcon_core.verb:Building package 'stingray_core_launch' with the following arguments: {'ament_cmake_args': None, 'build_base': '/home/shakuevda/Desktop/SAUVC/sauvc_hyadroacoustic/src/build/stingray_core_launch', 'catkin_cmake_args': None, 'catkin_skip_building_tests': False, 'cmake_args': None, 'cmake_clean_cache': False, 'cmake_clean_first': False, 'cmake_force_configure': False, 'cmake_target': None, 'cmake_target_skip_unavailable': False, 'install_base': '/home/shakuevda/Desktop/SAUVC/sauvc_hyadroacoustic/src/install/stingray_core_launch', 'merge_install': False, 'path': '/home/shakuevda/Desktop/SAUVC/sauvc_hyadroacoustic/src/stingray/src/stingray_core/src/stingray_core_launch', 'symlink_install': False, 'test_result_base': None}
[1.649s] Level 5:colcon.colcon_core.verb:set package 'stingray_interfaces' build argument 'cmake_args' from command line to 'None'
[1.649s] Level 5:colcon.colcon_core.verb:set package 'stingray_interfaces' build argument 'cmake_target' from command line to 'None'
[1.649s] Level 5:colcon.colcon_core.verb:set package 'stingray_interfaces' build argument 'cmake_target_skip_unavailable' from command line to 'False'
[1.649s] Level 5:colcon.colcon_core.verb:set package 'stingray_interfaces' build argument 'cmake_clean_cache' from command line to 'False'
[1.649s] Level 5:colcon.colcon_core.verb:set package 'stingray_interfaces' build argument 'cmake_clean_first' from command line to 'False'
[1.649s] Level 5:colcon.colcon_core.verb:set package 'stingray_interfaces' build argument 'cmake_force_configure' from command line to 'False'
[1.649s] Level 5:colcon.colcon_core.verb:set package 'stingray_interfaces' build argument 'ament_cmake_args' from command line to 'None'
[1.649s] Level 5:colcon.colcon_core.verb:set package 'stingray_interfaces' build argument 'catkin_cmake_args' from command line to 'None'
[1.649s] Level 5:colcon.colcon_core.verb:set package 'stingray_interfaces' build argument 'catkin_skip_building_tests' from command line to 'False'
[1.649s] DEBUG:colcon.colcon_core.verb:Building package 'stingray_interfaces' with the following arguments: {'ament_cmake_args': None, 'build_base': '/home/shakuevda/Desktop/SAUVC/sauvc_hyadroacoustic/src/build/stingray_interfaces', 'catkin_cmake_args': None, 'catkin_skip_building_tests': False, 'cmake_args': None, 'cmake_clean_cache': False, 'cmake_clean_first': False, 'cmake_force_configure': False, 'cmake_target': None, 'cmake_target_skip_unavailable': False, 'install_base': '/home/shakuevda/Desktop/SAUVC/sauvc_hyadroacoustic/src/install/stingray_interfaces', 'merge_install': False, 'path': '/home/shakuevda/Desktop/SAUVC/sauvc_hyadroacoustic/src/stingray/src/stingray_interfaces', 'symlink_install': False, 'test_result_base': None}
[1.667s] Level 5:colcon.colcon_core.verb:set package 'stingray_launch' build argument 'cmake_args' from command line to 'None'
[1.667s] Level 5:colcon.colcon_core.verb:set package 'stingray_launch' build argument 'cmake_target' from command line to 'None'
[1.667s] Level 5:colcon.colcon_core.verb:set package 'stingray_launch' build argument 'cmake_target_skip_unavailable' from command line to 'False'
[1.667s] Level 5:colcon.colcon_core.verb:set package 'stingray_launch' build argument 'cmake_clean_cache' from command line to 'False'
[1.667s] Level 5:colcon.colcon_core.verb:set package 'stingray_launch' build argument 'cmake_clean_first' from command line to 'False'
[1.667s] Level 5:colcon.colcon_core.verb:set package 'stingray_launch' build argument 'cmake_force_configure' from command line to 'False'
[1.668s] Level 5:colcon.colcon_core.verb:set package 'stingray_launch' build argument 'ament_cmake_args' from command line to 'None'
[1.668s] Level 5:colcon.colcon_core.verb:set package 'stingray_launch' build argument 'catkin_cmake_args' from command line to 'None'
[1.668s] Level 5:colcon.colcon_core.verb:set package 'stingray_launch' build argument 'catkin_skip_building_tests' from command line to 'False'
[1.668s] DEBUG:colcon.colcon_core.verb:Building package 'stingray_launch' with the following arguments: {'ament_cmake_args': None, 'build_base': '/home/shakuevda/Desktop/SAUVC/sauvc_hyadroacoustic/src/build/stingray_launch', 'catkin_cmake_args': None, 'catkin_skip_building_tests': False, 'cmake_args': None, 'cmake_clean_cache': False, 'cmake_clean_first': False, 'cmake_force_configure': False, 'cmake_target': None, 'cmake_target_skip_unavailable': False, 'install_base': '/home/shakuevda/Desktop/SAUVC/sauvc_hyadroacoustic/src/install/stingray_launch', 'merge_install': False, 'path': '/home/shakuevda/Desktop/SAUVC/sauvc_hyadroacoustic/src/stingray/src/stingray_launch', 'symlink_install': False, 'test_result_base': None}
[1.686s] Level 5:colcon.colcon_core.verb:set package 'stingray_object_detection' build argument 'cmake_args' from command line to 'None'
[1.686s] Level 5:colcon.colcon_core.verb:set package 'stingray_object_detection' build argument 'cmake_target' from command line to 'None'
[1.686s] Level 5:colcon.colcon_core.verb:set package 'stingray_object_detection' build argument 'cmake_target_skip_unavailable' from command line to 'False'
[1.686s] Level 5:colcon.colcon_core.verb:set package 'stingray_object_detection' build argument 'cmake_clean_cache' from command line to 'False'
[1.686s] Level 5:colcon.colcon_core.verb:set package 'stingray_object_detection' build argument 'cmake_clean_first' from command line to 'False'
[1.686s] Level 5:colcon.colcon_core.verb:set package 'stingray_object_detection' build argument 'cmake_force_configure' from command line to 'False'
[1.686s] Level 5:colcon.colcon_core.verb:set package 'stingray_object_detection' build argument 'ament_cmake_args' from command line to 'None'
[1.686s] Level 5:colcon.colcon_core.verb:set package 'stingray_object_detection' build argument 'catkin_cmake_args' from command line to 'None'
[1.687s] Level 5:colcon.colcon_core.verb:set package 'stingray_object_detection' build argument 'catkin_skip_building_tests' from command line to 'False'
[1.687s] DEBUG:colcon.colcon_core.verb:Building package 'stingray_object_detection' with the following arguments: {'ament_cmake_args': None, 'build_base': '/home/shakuevda/Desktop/SAUVC/sauvc_hyadroacoustic/src/build/stingray_object_detection', 'catkin_cmake_args': None, 'catkin_skip_building_tests': False, 'cmake_args': None, 'cmake_clean_cache': False, 'cmake_clean_first': False, 'cmake_force_configure': False, 'cmake_target': None, 'cmake_target_skip_unavailable': False, 'install_base': '/home/shakuevda/Desktop/SAUVC/sauvc_hyadroacoustic/src/install/stingray_object_detection', 'merge_install': False, 'path': '/home/shakuevda/Desktop/SAUVC/sauvc_hyadroacoustic/src/stingray/src/stingray_object_detection', 'symlink_install': False, 'test_result_base': None}
[1.704s] Level 5:colcon.colcon_core.verb:set package 'sauvc_object_detection' build argument 'cmake_args' from command line to 'None'
[1.704s] Level 5:colcon.colcon_core.verb:set package 'sauvc_object_detection' build argument 'cmake_target' from command line to 'None'
[1.704s] Level 5:colcon.colcon_core.verb:set package 'sauvc_object_detection' build argument 'cmake_target_skip_unavailable' from command line to 'False'
[1.704s] Level 5:colcon.colcon_core.verb:set package 'sauvc_object_detection' build argument 'cmake_clean_cache' from command line to 'False'
[1.704s] Level 5:colcon.colcon_core.verb:set package 'sauvc_object_detection' build argument 'cmake_clean_first' from command line to 'False'
[1.704s] Level 5:colcon.colcon_core.verb:set package 'sauvc_object_detection' build argument 'cmake_force_configure' from command line to 'False'
[1.704s] Level 5:colcon.colcon_core.verb:set package 'sauvc_object_detection' build argument 'ament_cmake_args' from command line to 'None'
[1.704s] Level 5:colcon.colcon_core.verb:set package 'sauvc_object_detection' build argument 'catkin_cmake_args' from command line to 'None'
[1.704s] Level 5:colcon.colcon_core.verb:set package 'sauvc_object_detection' build argument 'catkin_skip_building_tests' from command line to 'False'
[1.705s] DEBUG:colcon.colcon_core.verb:Building package 'sauvc_object_detection' with the following arguments: {'ament_cmake_args': None, 'build_base': '/home/shakuevda/Desktop/SAUVC/sauvc_hyadroacoustic/src/build/sauvc_object_detection', 'catkin_cmake_args': None, 'catkin_skip_building_tests': False, 'cmake_args': None, 'cmake_clean_cache': False, 'cmake_clean_first': False, 'cmake_force_configure': False, 'cmake_target': None, 'cmake_target_skip_unavailable': False, 'install_base': '/home/shakuevda/Desktop/SAUVC/sauvc_hyadroacoustic/src/install/sauvc_object_detection', 'merge_install': False, 'path': '/home/shakuevda/Desktop/SAUVC/sauvc_hyadroacoustic/src/sauvc_object_detection', 'symlink_install': False, 'test_result_base': None}
[1.722s] Level 5:colcon.colcon_core.verb:set package 'stingray_core_communication' build argument 'cmake_args' from command line to 'None'
[1.722s] Level 5:colcon.colcon_core.verb:set package 'stingray_core_communication' build argument 'cmake_target' from command line to 'None'
[1.722s] Level 5:colcon.colcon_core.verb:set package 'stingray_core_communication' build argument 'cmake_target_skip_unavailable' from command line to 'False'
[1.722s] Level 5:colcon.colcon_core.verb:set package 'stingray_core_communication' build argument 'cmake_clean_cache' from command line to 'False'
[1.722s] Level 5:colcon.colcon_core.verb:set package 'stingray_core_communication' build argument 'cmake_clean_first' from command line to 'False'
[1.722s] Level 5:colcon.colcon_core.verb:set package 'stingray_core_communication' build argument 'cmake_force_configure' from command line to 'False'
[1.722s] Level 5:colcon.colcon_core.verb:set package 'stingray_core_communication' build argument 'ament_cmake_args' from command line to 'None'
[1.722s] Level 5:colcon.colcon_core.verb:set package 'stingray_core_communication' build argument 'catkin_cmake_args' from command line to 'None'
[1.722s] Level 5:colcon.colcon_core.verb:set package 'stingray_core_communication' build argument 'catkin_skip_building_tests' from command line to 'False'
[1.722s] DEBUG:colcon.colcon_core.verb:Building package 'stingray_core_communication' with the following arguments: {'ament_cmake_args': None, 'build_base': '/home/shakuevda/Desktop/SAUVC/sauvc_hyadroacoustic/src/build/stingray_core_communication', 'catkin_cmake_args': None, 'catkin_skip_building_tests': False, 'cmake_args': None, 'cmake_clean_cache': False, 'cmake_clean_first': False, 'cmake_force_configure': False, 'cmake_target': None, 'cmake_target_skip_unavailable': False, 'install_base': '/home/shakuevda/Desktop/SAUVC/sauvc_hyadroacoustic/src/install/stingray_core_communication', 'merge_install': False, 'path': '/home/shakuevda/Desktop/SAUVC/sauvc_hyadroacoustic/src/stingray/src/stingray_core/src/stingray_core_communication', 'symlink_install': False, 'test_result_base': None}
[1.741s] Level 5:colcon.colcon_core.verb:set package 'stingray_utils' build argument 'cmake_args' from command line to 'None'
[1.741s] Level 5:colcon.colcon_core.verb:set package 'stingray_utils' build argument 'cmake_target' from command line to 'None'
[1.741s] Level 5:colcon.colcon_core.verb:set package 'stingray_utils' build argument 'cmake_target_skip_unavailable' from command line to 'False'
[1.741s] Level 5:colcon.colcon_core.verb:set package 'stingray_utils' build argument 'cmake_clean_cache' from command line to 'False'
[1.741s] Level 5:colcon.colcon_core.verb:set package 'stingray_utils' build argument 'cmake_clean_first' from command line to 'False'
[1.742s] Level 5:colcon.colcon_core.verb:set package 'stingray_utils' build argument 'cmake_force_configure' from command line to 'False'
[1.742s] Level 5:colcon.colcon_core.verb:set package 'stingray_utils' build argument 'ament_cmake_args' from command line to 'None'
[1.742s] Level 5:colcon.colcon_core.verb:set package 'stingray_utils' build argument 'catkin_cmake_args' from command line to 'None'
[1.742s] Level 5:colcon.colcon_core.verb:set package 'stingray_utils' build argument 'catkin_skip_building_tests' from command line to 'False'
[1.742s] DEBUG:colcon.colcon_core.verb:Building package 'stingray_utils' with the following arguments: {'ament_cmake_args': None, 'build_base': '/home/shakuevda/Desktop/SAUVC/sauvc_hyadroacoustic/src/build/stingray_utils', 'catkin_cmake_args': None, 'catkin_skip_building_tests': False, 'cmake_args': None, 'cmake_clean_cache': False, 'cmake_clean_first': False, 'cmake_force_configure': False, 'cmake_target': None, 'cmake_target_skip_unavailable': False, 'install_base': '/home/shakuevda/Desktop/SAUVC/sauvc_hyadroacoustic/src/install/stingray_utils', 'merge_install': False, 'path': '/home/shakuevda/Desktop/SAUVC/sauvc_hyadroacoustic/src/stingray/src/stingray_utils', 'symlink_install': False, 'test_result_base': None}
[1.762s] Level 5:colcon.colcon_core.verb:set package 'sauvc_missions' build argument 'cmake_args' from command line to 'None'
[1.762s] Level 5:colcon.colcon_core.verb:set package 'sauvc_missions' build argument 'cmake_target' from command line to 'None'
[1.762s] Level 5:colcon.colcon_core.verb:set package 'sauvc_missions' build argument 'cmake_target_skip_unavailable' from command line to 'False'
[1.762s] Level 5:colcon.colcon_core.verb:set package 'sauvc_missions' build argument 'cmake_clean_cache' from command line to 'False'
[1.762s] Level 5:colcon.colcon_core.verb:set package 'sauvc_missions' build argument 'cmake_clean_first' from command line to 'False'
[1.762s] Level 5:colcon.colcon_core.verb:set package 'sauvc_missions' build argument 'cmake_force_configure' from command line to 'False'
[1.762s] Level 5:colcon.colcon_core.verb:set package 'sauvc_missions' build argument 'ament_cmake_args' from command line to 'None'
[1.762s] Level 5:colcon.colcon_core.verb:set package 'sauvc_missions' build argument 'catkin_cmake_args' from command line to 'None'
[1.762s] Level 5:colcon.colcon_core.verb:set package 'sauvc_missions' build argument 'catkin_skip_building_tests' from command line to 'False'
[1.762s] DEBUG:colcon.colcon_core.verb:Building package 'sauvc_missions' with the following arguments: {'ament_cmake_args': None, 'build_base': '/home/shakuevda/Desktop/SAUVC/sauvc_hyadroacoustic/src/build/sauvc_missions', 'catkin_cmake_args': None, 'catkin_skip_building_tests': False, 'cmake_args': None, 'cmake_clean_cache': False, 'cmake_clean_first': False, 'cmake_force_configure': False, 'cmake_target': None, 'cmake_target_skip_unavailable': False, 'install_base': '/home/shakuevda/Desktop/SAUVC/sauvc_hyadroacoustic/src/install/sauvc_missions', 'merge_install': False, 'path': '/home/shakuevda/Desktop/SAUVC/sauvc_hyadroacoustic/src/sauvc_missions', 'symlink_install': False, 'test_result_base': None}
[1.782s] Level 5:colcon.colcon_core.verb:set package 'stingray_devices' build argument 'cmake_args' from command line to 'None'
[1.782s] Level 5:colcon.colcon_core.verb:set package 'stingray_devices' build argument 'cmake_target' from command line to 'None'
[1.782s] Level 5:colcon.colcon_core.verb:set package 'stingray_devices' build argument 'cmake_target_skip_unavailable' from command line to 'False'
[1.782s] Level 5:colcon.colcon_core.verb:set package 'stingray_devices' build argument 'cmake_clean_cache' from command line to 'False'
[1.782s] Level 5:colcon.colcon_core.verb:set package 'stingray_devices' build argument 'cmake_clean_first' from command line to 'False'
[1.782s] Level 5:colcon.colcon_core.verb:set package 'stingray_devices' build argument 'cmake_force_configure' from command line to 'False'
[1.782s] Level 5:colcon.colcon_core.verb:set package 'stingray_devices' build argument 'ament_cmake_args' from command line to 'None'
[1.782s] Level 5:colcon.colcon_core.verb:set package 'stingray_devices' build argument 'catkin_cmake_args' from command line to 'None'
[1.782s] Level 5:colcon.colcon_core.verb:set package 'stingray_devices' build argument 'catkin_skip_building_tests' from command line to 'False'
[1.782s] DEBUG:colcon.colcon_core.verb:Building package 'stingray_devices' with the following arguments: {'ament_cmake_args': None, 'build_base': '/home/shakuevda/Desktop/SAUVC/sauvc_hyadroacoustic/src/build/stingray_devices', 'catkin_cmake_args': None, 'catkin_skip_building_tests': False, 'cmake_args': None, 'cmake_clean_cache': False, 'cmake_clean_first': False, 'cmake_force_configure': False, 'cmake_target': None, 'cmake_target_skip_unavailable': False, 'install_base': '/home/shakuevda/Desktop/SAUVC/sauvc_hyadroacoustic/src/install/stingray_devices', 'merge_install': False, 'path': '/home/shakuevda/Desktop/SAUVC/sauvc_hyadroacoustic/src/stingray/src/stingray_devices', 'symlink_install': False, 'test_result_base': None}
[1.801s] Level 5:colcon.colcon_core.verb:set package 'stingray_missions' build argument 'cmake_args' from command line to 'None'
[1.801s] Level 5:colcon.colcon_core.verb:set package 'stingray_missions' build argument 'cmake_target' from command line to 'None'
[1.801s] Level 5:colcon.colcon_core.verb:set package 'stingray_missions' build argument 'cmake_target_skip_unavailable' from command line to 'False'
[1.801s] Level 5:colcon.colcon_core.verb:set package 'stingray_missions' build argument 'cmake_clean_cache' from command line to 'False'
[1.801s] Level 5:colcon.colcon_core.verb:set package 'stingray_missions' build argument 'cmake_clean_first' from command line to 'False'
[1.801s] Level 5:colcon.colcon_core.verb:set package 'stingray_missions' build argument 'cmake_force_configure' from command line to 'False'
[1.801s] Level 5:colcon.colcon_core.verb:set package 'stingray_missions' build argument 'ament_cmake_args' from command line to 'None'
[1.801s] Level 5:colcon.colcon_core.verb:set package 'stingray_missions' build argument 'catkin_cmake_args' from command line to 'None'
[1.802s] Level 5:colcon.colcon_core.verb:set package 'stingray_missions' build argument 'catkin_skip_building_tests' from command line to 'False'
[1.802s] DEBUG:colcon.colcon_core.verb:Building package 'stingray_missions' with the following arguments: {'ament_cmake_args': None, 'build_base': '/home/shakuevda/Desktop/SAUVC/sauvc_hyadroacoustic/src/build/stingray_missions', 'catkin_cmake_args': None, 'catkin_skip_building_tests': False, 'cmake_args': None, 'cmake_clean_cache': False, 'cmake_clean_first': False, 'cmake_force_configure': False, 'cmake_target': None, 'cmake_target_skip_unavailable': False, 'install_base': '/home/shakuevda/Desktop/SAUVC/sauvc_hyadroacoustic/src/install/stingray_missions', 'merge_install': False, 'path': '/home/shakuevda/Desktop/SAUVC/sauvc_hyadroacoustic/src/stingray/src/stingray_missions', 'symlink_install': False, 'test_result_base': None}
[1.821s] Level 5:colcon.colcon_core.verb:set package 'stingray_movement' build argument 'cmake_args' from command line to 'None'
[1.821s] Level 5:colcon.colcon_core.verb:set package 'stingray_movement' build argument 'cmake_target' from command line to 'None'
[1.821s] Level 5:colcon.colcon_core.verb:set package 'stingray_movement' build argument 'cmake_target_skip_unavailable' from command line to 'False'
[1.821s] Level 5:colcon.colcon_core.verb:set package 'stingray_movement' build argument 'cmake_clean_cache' from command line to 'False'
[1.821s] Level 5:colcon.colcon_core.verb:set package 'stingray_movement' build argument 'cmake_clean_first' from command line to 'False'
[1.821s] Level 5:colcon.colcon_core.verb:set package 'stingray_movement' build argument 'cmake_force_configure' from command line to 'False'
[1.821s] Level 5:colcon.colcon_core.verb:set package 'stingray_movement' build argument 'ament_cmake_args' from command line to 'None'
[1.821s] Level 5:colcon.colcon_core.verb:set package 'stingray_movement' build argument 'catkin_cmake_args' from command line to 'None'
[1.821s] Level 5:colcon.colcon_core.verb:set package 'stingray_movement' build argument 'catkin_skip_building_tests' from command line to 'False'
[1.822s] DEBUG:colcon.colcon_core.verb:Building package 'stingray_movement' with the following arguments: {'ament_cmake_args': None, 'build_base': '/home/shakuevda/Desktop/SAUVC/sauvc_hyadroacoustic/src/build/stingray_movement', 'catkin_cmake_args': None, 'catkin_skip_building_tests': False, 'cmake_args': None, 'cmake_clean_cache': False, 'cmake_clean_first': False, 'cmake_force_configure': False, 'cmake_target': None, 'cmake_target_skip_unavailable': False, 'install_base': '/home/shakuevda/Desktop/SAUVC/sauvc_hyadroacoustic/src/install/stingray_movement', 'merge_install': False, 'path': '/home/shakuevda/Desktop/SAUVC/sauvc_hyadroacoustic/src/stingray/src/stingray_movement', 'symlink_install': False, 'test_result_base': None}
[1.840s] INFO:colcon.colcon_core.executor:Executing jobs using 'parallel' executor
[1.860s] DEBUG:colcon.colcon_parallel_executor.executor.parallel:run_until_complete
[1.860s] INFO:colcon.colcon_ros.task.ament_cmake.build:Building ROS package in '/home/shakuevda/Desktop/SAUVC/sauvc_hyadroacoustic/src/stingray/src/stingray_core/src/stingray_core_interfaces' with build type 'ament_cmake'
[1.860s] INFO:colcon.colcon_cmake.task.cmake.build:Building CMake package in '/home/shakuevda/Desktop/SAUVC/sauvc_hyadroacoustic/src/stingray/src/stingray_core/src/stingray_core_interfaces'
[1.881s] INFO:colcon.colcon_core.plugin_system:Skipping extension 'colcon_core.shell.bat': Not used on non-Windows systems
[1.881s] INFO:colcon.colcon_core.shell:Skip shell extension 'powershell' for command environment: Not usable outside of PowerShell
[1.881s] DEBUG:colcon.colcon_core.shell:Skip shell extension 'dsv' for command environment
[1.923s] INFO:colcon.colcon_ros.task.ament_cmake.build:Building ROS package in '/home/shakuevda/Desktop/SAUVC/sauvc_hyadroacoustic/src/stingray/src/stingray_interfaces' with build type 'ament_cmake'
[1.923s] INFO:colcon.colcon_cmake.task.cmake.build:Building CMake package in '/home/shakuevda/Desktop/SAUVC/sauvc_hyadroacoustic/src/stingray/src/stingray_interfaces'
[1.944s] INFO:colcon.colcon_core.shell:Skip shell extension 'powershell' for command environment: Not usable outside of PowerShell
[1.945s] DEBUG:colcon.colcon_core.shell:Skip shell extension 'dsv' for command environment
[1.992s] INFO:colcon.colcon_ros.task.ament_cmake.build:Building ROS package in '/home/shakuevda/Desktop/SAUVC/sauvc_hyadroacoustic/src/stingray/src/stingray_core/src/serial' with build type 'ament_cmake'
[1.992s] INFO:colcon.colcon_cmake.task.cmake.build:Building CMake package in '/home/shakuevda/Desktop/SAUVC/sauvc_hyadroacoustic/src/stingray/src/stingray_core/src/serial'
[2.018s] INFO:colcon.colcon_core.shell:Skip shell extension 'powershell' for command environment: Not usable outside of PowerShell
[2.018s] DEBUG:colcon.colcon_core.shell:Skip shell extension 'dsv' for command environment
[2.065s] INFO:colcon.colcon_ros.task.ament_python.build:Building ROS package in '/home/shakuevda/Desktop/SAUVC/sauvc_hyadroacoustic/src/stingray/src/stingray_object_detection' with build type 'ament_python'
[2.065s] Level 1:colcon.colcon_core.shell:create_environment_hook('stingray_object_detection', 'ament_prefix_path')
[2.094s] INFO:colcon.colcon_core.shell:Creating environment hook '/home/shakuevda/Desktop/SAUVC/sauvc_hyadroacoustic/src/install/stingray_object_detection/share/stingray_object_detection/hook/ament_prefix_path.ps1'
[2.096s] INFO:colcon.colcon_core.shell:Creating environment descriptor '/home/shakuevda/Desktop/SAUVC/sauvc_hyadroacoustic/src/install/stingray_object_detection/share/stingray_object_detection/hook/ament_prefix_path.dsv'
[2.096s] INFO:colcon.colcon_core.shell:Creating environment hook '/home/shakuevda/Desktop/SAUVC/sauvc_hyadroacoustic/src/install/stingray_object_detection/share/stingray_object_detection/hook/ament_prefix_path.sh'
[2.131s] INFO:colcon.colcon_core.shell:Skip shell extension 'powershell' for command environment: Not usable outside of PowerShell
[2.131s] DEBUG:colcon.colcon_core.shell:Skip shell extension 'dsv' for command environment
[2.223s] INFO:colcon.colcon_ros.task.catkin.build:Building ROS package in '/home/shakuevda/Desktop/SAUVC/sauvc_hyadroacoustic/src/marker_finder' with build type 'catkin'
[2.223s] INFO:colcon.colcon_cmake.task.cmake.build:Building CMake package in '/home/shakuevda/Desktop/SAUVC/sauvc_hyadroacoustic/src/marker_finder'
[2.246s] INFO:colcon.colcon_core.shell:Skip shell extension 'powershell' for command environment: Not usable outside of PowerShell
[2.246s] DEBUG:colcon.colcon_core.shell:Skip shell extension 'dsv' for command environment
[2.304s] INFO:colcon.colcon_ros.task.ament_python.build:Building ROS package in '/home/shakuevda/Desktop/SAUVC/sauvc_hyadroacoustic/src/sauvc_launch' with build type 'ament_python'
[2.304s] Level 1:colcon.colcon_core.shell:create_environment_hook('sauvc_launch', 'ament_prefix_path')
[2.332s] INFO:colcon.colcon_core.shell:Creating environment hook '/home/shakuevda/Desktop/SAUVC/sauvc_hyadroacoustic/src/install/sauvc_launch/share/sauvc_launch/hook/ament_prefix_path.ps1'
[2.333s] INFO:colcon.colcon_core.shell:Creating environment descriptor '/home/shakuevda/Desktop/SAUVC/sauvc_hyadroacoustic/src/install/sauvc_launch/share/sauvc_launch/hook/ament_prefix_path.dsv'
[2.333s] INFO:colcon.colcon_core.shell:Creating environment hook '/home/shakuevda/Desktop/SAUVC/sauvc_hyadroacoustic/src/install/sauvc_launch/share/sauvc_launch/hook/ament_prefix_path.sh'
[2.355s] INFO:colcon.colcon_core.shell:Skip shell extension 'powershell' for command environment: Not usable outside of PowerShell
[2.355s] DEBUG:colcon.colcon_core.shell:Skip shell extension 'dsv' for command environment
[2.400s] INFO:colcon.colcon_ros.task.ament_cmake.build:Building ROS package in '/home/shakuevda/Desktop/SAUVC/sauvc_hyadroacoustic/src/sauvc_pinger_finder' with build type 'ament_cmake'
[2.401s] INFO:colcon.colcon_cmake.task.cmake.build:Building CMake package in '/home/shakuevda/Desktop/SAUVC/sauvc_hyadroacoustic/src/sauvc_pinger_finder'
[2.423s] INFO:colcon.colcon_core.shell:Skip shell extension 'powershell' for command environment: Not usable outside of PowerShell
[2.423s] DEBUG:colcon.colcon_core.shell:Skip shell extension 'dsv' for command environment
[2.471s] INFO:colcon.colcon_ros.task.ament_python.build:Building ROS package in '/home/shakuevda/Desktop/SAUVC/sauvc_hyadroacoustic/src/stingray/src/stingray_core/src/stingray_core_launch' with build type 'ament_python'
[2.471s] Level 1:colcon.colcon_core.shell:create_environment_hook('stingray_core_launch', 'ament_prefix_path')
[2.496s] INFO:colcon.colcon_core.shell:Creating environment hook '/home/shakuevda/Desktop/SAUVC/sauvc_hyadroacoustic/src/install/stingray_core_launch/share/stingray_core_launch/hook/ament_prefix_path.ps1'
[2.497s] INFO:colcon.colcon_core.shell:Creating environment descriptor '/home/shakuevda/Desktop/SAUVC/sauvc_hyadroacoustic/src/install/stingray_core_launch/share/stingray_core_launch/hook/ament_prefix_path.dsv'
[2.498s] INFO:colcon.colcon_core.shell:Creating environment hook '/home/shakuevda/Desktop/SAUVC/sauvc_hyadroacoustic/src/install/stingray_core_launch/share/stingray_core_launch/hook/ament_prefix_path.sh'
[2.521s] INFO:colcon.colcon_core.shell:Skip shell extension 'powershell' for command environment: Not usable outside of PowerShell
[2.521s] DEBUG:colcon.colcon_core.shell:Skip shell extension 'dsv' for command environment
[2.567s] INFO:colcon.colcon_ros.task.ament_python.build:Building ROS package in '/home/shakuevda/Desktop/SAUVC/sauvc_hyadroacoustic/src/stingray/src/stingray_launch' with build type 'ament_python'
[2.567s] Level 1:colcon.colcon_core.shell:create_environment_hook('stingray_launch', 'ament_prefix_path')
[2.591s] INFO:colcon.colcon_core.shell:Creating environment hook '/home/shakuevda/Desktop/SAUVC/sauvc_hyadroacoustic/src/install/stingray_launch/share/stingray_launch/hook/ament_prefix_path.ps1'
[2.592s] INFO:colcon.colcon_core.shell:Creating environment descriptor '/home/shakuevda/Desktop/SAUVC/sauvc_hyadroacoustic/src/install/stingray_launch/share/stingray_launch/hook/ament_prefix_path.dsv'
[2.592s] INFO:colcon.colcon_core.shell:Creating environment hook '/home/shakuevda/Desktop/SAUVC/sauvc_hyadroacoustic/src/install/stingray_launch/share/stingray_launch/hook/ament_prefix_path.sh'
[2.615s] INFO:colcon.colcon_core.shell:Skip shell extension 'powershell' for command environment: Not usable outside of PowerShell
[2.615s] DEBUG:colcon.colcon_core.shell:Skip shell extension 'dsv' for command environment
[2.679s] DEBUG:colcon.colcon_core.event_handler.log_command:Invoking command in '/home/shakuevda/Desktop/SAUVC/sauvc_hyadroacoustic/src/build/stingray_core_interfaces': CMAKE_PREFIX_PATH=/opt/ros/iron /usr/bin/cmake /home/shakuevda/Desktop/SAUVC/sauvc_hyadroacoustic/src/stingray/src/stingray_core/src/stingray_core_interfaces -DCMAKE_INSTALL_PREFIX=/home/shakuevda/Desktop/SAUVC/sauvc_hyadroacoustic/src/install/stingray_core_interfaces
[2.684s] DEBUG:colcon.colcon_core.event_handler.log_command:Invoking command in '/home/shakuevda/Desktop/SAUVC/sauvc_hyadroacoustic/src/build/stingray_interfaces': CMAKE_PREFIX_PATH=/opt/ros/iron /usr/bin/cmake /home/shakuevda/Desktop/SAUVC/sauvc_hyadroacoustic/src/stingray/src/stingray_interfaces -DCMAKE_INSTALL_PREFIX=/home/shakuevda/Desktop/SAUVC/sauvc_hyadroacoustic/src/install/stingray_interfaces
[2.689s] DEBUG:colcon.colcon_core.event_handler.log_command:Invoking command in '/home/shakuevda/Desktop/SAUVC/sauvc_hyadroacoustic/src/build/serial': CMAKE_PREFIX_PATH=/opt/ros/iron /usr/bin/cmake /home/shakuevda/Desktop/SAUVC/sauvc_hyadroacoustic/src/stingray/src/stingray_core/src/serial -DCMAKE_INSTALL_PREFIX=/home/shakuevda/Desktop/SAUVC/sauvc_hyadroacoustic/src/install/serial
[3.158s] INFO:colcon.colcon_core.task.python.build:Building Python package in '/home/shakuevda/Desktop/SAUVC/sauvc_hyadroacoustic/src/stingray/src/stingray_object_detection'
[3.199s] INFO:colcon.colcon_core.shell:Skip shell extension 'powershell' for command environment: Not usable outside of PowerShell
[3.199s] DEBUG:colcon.colcon_core.shell:Skip shell extension 'dsv' for command environment
[3.286s] DEBUG:colcon.colcon_core.event_handler.log_command:Invoking command in '/home/shakuevda/Desktop/SAUVC/sauvc_hyadroacoustic/src/build/marker_finder': /usr/bin/cmake /home/shakuevda/Desktop/SAUVC/sauvc_hyadroacoustic/src/marker_finder -DCATKIN_INSTALL_INTO_PREFIX_ROOT=0 -DCMAKE_INSTALL_PREFIX=/home/shakuevda/Desktop/SAUVC/sauvc_hyadroacoustic/src/install/marker_finder
[3.777s] INFO:colcon.colcon_core.task.python.build:Building Python package in '/home/shakuevda/Desktop/SAUVC/sauvc_hyadroacoustic/src/sauvc_launch'
[3.813s] INFO:colcon.colcon_core.shell:Skip shell extension 'powershell' for command environment: Not usable outside of PowerShell
[3.814s] DEBUG:colcon.colcon_core.shell:Skip shell extension 'dsv' for command environment
[3.896s] DEBUG:colcon.colcon_core.event_handler.log_command:Invoking command in '/home/shakuevda/Desktop/SAUVC/sauvc_hyadroacoustic/src/build/sauvc_pinger_finder': CMAKE_PREFIX_PATH=/opt/ros/iron /usr/bin/cmake /home/shakuevda/Desktop/SAUVC/sauvc_hyadroacoustic/src/sauvc_pinger_finder -DCMAKE_INSTALL_PREFIX=/home/shakuevda/Desktop/SAUVC/sauvc_hyadroacoustic/src/install/sauvc_pinger_finder
[4.299s] INFO:colcon.colcon_core.task.python.build:Building Python package in '/home/shakuevda/Desktop/SAUVC/sauvc_hyadroacoustic/src/stingray/src/stingray_core/src/stingray_core_launch'
[4.336s] INFO:colcon.colcon_core.shell:Skip shell extension 'powershell' for command environment: Not usable outside of PowerShell
[4.336s] DEBUG:colcon.colcon_core.shell:Skip shell extension 'dsv' for command environment
[4.795s] INFO:colcon.colcon_core.task.python.build:Building Python package in '/home/shakuevda/Desktop/SAUVC/sauvc_hyadroacoustic/src/stingray/src/stingray_launch'
[4.829s] INFO:colcon.colcon_core.shell:Skip shell extension 'powershell' for command environment: Not usable outside of PowerShell
[4.829s] DEBUG:colcon.colcon_core.shell:Skip shell extension 'dsv' for command environment
[4.875s] DEBUG:colcon.colcon_core.event_handler.log_command:Invoked command in '/home/shakuevda/Desktop/SAUVC/sauvc_hyadroacoustic/src/build/marker_finder' returned '1': /usr/bin/cmake /home/shakuevda/Desktop/SAUVC/sauvc_hyadroacoustic/src/marker_finder -DCATKIN_INSTALL_INTO_PREFIX_ROOT=0 -DCMAKE_INSTALL_PREFIX=/home/shakuevda/Desktop/SAUVC/sauvc_hyadroacoustic/src/install/marker_finder
[4.877s] DEBUG:colcon.colcon_core.event_handler.log_command:Invoked command in '/home/shakuevda/Desktop/SAUVC/sauvc_hyadroacoustic/src/build/serial' returned '0': CMAKE_PREFIX_PATH=/opt/ros/iron /usr/bin/cmake /home/shakuevda/Desktop/SAUVC/sauvc_hyadroacoustic/src/stingray/src/stingray_core/src/serial -DCMAKE_INSTALL_PREFIX=/home/shakuevda/Desktop/SAUVC/sauvc_hyadroacoustic/src/install/serial
[4.881s] DEBUG:colcon.colcon_core.event_handler.log_command:Invoking command in '/home/shakuevda/Desktop/SAUVC/sauvc_hyadroacoustic/src/build/serial': CMAKE_PREFIX_PATH=/opt/ros/iron /usr/bin/cmake --build /home/shakuevda/Desktop/SAUVC/sauvc_hyadroacoustic/src/build/serial -- -j16 -l16
[4.898s] DEBUG:colcon.colcon_core.event_handler.log_command:Invoked command in '/home/shakuevda/Desktop/SAUVC/sauvc_hyadroacoustic/src/build/sauvc_pinger_finder' returned '0': CMAKE_PREFIX_PATH=/opt/ros/iron /usr/bin/cmake /home/shakuevda/Desktop/SAUVC/sauvc_hyadroacoustic/src/sauvc_pinger_finder -DCMAKE_INSTALL_PREFIX=/home/shakuevda/Desktop/SAUVC/sauvc_hyadroacoustic/src/install/sauvc_pinger_finder
[4.901s] DEBUG:colcon.colcon_core.event_handler.log_command:Invoking command in '/home/shakuevda/Desktop/SAUVC/sauvc_hyadroacoustic/src/build/sauvc_pinger_finder': CMAKE_PREFIX_PATH=/opt/ros/iron /usr/bin/cmake --build /home/shakuevda/Desktop/SAUVC/sauvc_hyadroacoustic/src/build/sauvc_pinger_finder -- -j16 -l16
[4.908s] Level 1:colcon.colcon_core.environment:create_environment_scripts_only(marker_finder)
[4.939s] Level 1:colcon.colcon_core.environment:checking '/home/shakuevda/Desktop/SAUVC/sauvc_hyadroacoustic/src/install/marker_finder' for CMake module files
[4.940s] Level 1:colcon.colcon_core.environment:checking '/home/shakuevda/Desktop/SAUVC/sauvc_hyadroacoustic/src/install/marker_finder' for CMake config files
[4.941s] Level 1:colcon.colcon_core.environment:checking '/home/shakuevda/Desktop/SAUVC/sauvc_hyadroacoustic/src/install/marker_finder/bin'
[4.942s] Level 1:colcon.colcon_core.environment:checking '/home/shakuevda/Desktop/SAUVC/sauvc_hyadroacoustic/src/install/marker_finder/lib/pkgconfig/marker_finder.pc'
[4.942s] Level 1:colcon.colcon_core.environment:checking '/home/shakuevda/Desktop/SAUVC/sauvc_hyadroacoustic/src/install/marker_finder/lib/python3.10/site-packages'
[4.943s] Level 1:colcon.colcon_core.environment:checking '/home/shakuevda/Desktop/SAUVC/sauvc_hyadroacoustic/src/install/marker_finder/bin'
[4.970s] INFO:colcon.colcon_core.shell:Creating package script '/home/shakuevda/Desktop/SAUVC/sauvc_hyadroacoustic/src/install/marker_finder/share/marker_finder/package.ps1'
[4.972s] INFO:colcon.colcon_core.shell:Creating package descriptor '/home/shakuevda/Desktop/SAUVC/sauvc_hyadroacoustic/src/install/marker_finder/share/marker_finder/package.dsv'
[4.973s] INFO:colcon.colcon_core.shell:Creating package script '/home/shakuevda/Desktop/SAUVC/sauvc_hyadroacoustic/src/install/marker_finder/share/marker_finder/package.sh'
[4.975s] INFO:colcon.colcon_core.shell:Creating package script '/home/shakuevda/Desktop/SAUVC/sauvc_hyadroacoustic/src/install/marker_finder/share/marker_finder/package.bash'
[4.978s] INFO:colcon.colcon_core.shell:Creating package script '/home/shakuevda/Desktop/SAUVC/sauvc_hyadroacoustic/src/install/marker_finder/share/marker_finder/package.zsh'
[4.980s] Level 1:colcon.colcon_core.environment:create_file_with_runtime_dependencies(/home/shakuevda/Desktop/SAUVC/sauvc_hyadroacoustic/src/install/marker_finder/share/colcon-core/packages/marker_finder)
[6.858s] DEBUG:colcon.colcon_parallel_executor.executor.parallel:closing loop
[6.858s] DEBUG:colcon.colcon_parallel_executor.executor.parallel:loop closed
[6.859s] DEBUG:colcon.colcon_parallel_executor.executor.parallel:run_until_complete finished with '1'
[6.859s] DEBUG:colcon.colcon_core.event_reactor:joining thread
[6.889s] INFO:colcon.colcon_core.plugin_system:Skipping extension 'colcon_notification.desktop_notification.terminal_notifier': Not used on non-Darwin systems
[6.889s] INFO:colcon.colcon_core.plugin_system:Skipping extension 'colcon_notification.desktop_notification.win32': Not used on non-Windows systems
[6.889s] INFO:colcon.colcon_notification.desktop_notification:Sending desktop notification using 'notify2'
[6.914s] DEBUG:colcon.colcon_core.event_reactor:joined thread
[6.948s] INFO:colcon.colcon_core.shell:Creating prefix script '/home/shakuevda/Desktop/SAUVC/sauvc_hyadroacoustic/src/install/local_setup.ps1'
[6.949s] INFO:colcon.colcon_core.shell:Creating prefix util module '/home/shakuevda/Desktop/SAUVC/sauvc_hyadroacoustic/src/install/_local_setup_util_ps1.py'
[6.951s] INFO:colcon.colcon_core.shell:Creating prefix chain script '/home/shakuevda/Desktop/SAUVC/sauvc_hyadroacoustic/src/install/setup.ps1'
[6.978s] INFO:colcon.colcon_core.shell:Creating prefix script '/home/shakuevda/Desktop/SAUVC/sauvc_hyadroacoustic/src/install/local_setup.sh'
[6.978s] INFO:colcon.colcon_core.shell:Creating prefix util module '/home/shakuevda/Desktop/SAUVC/sauvc_hyadroacoustic/src/install/_local_setup_util_sh.py'
[6.979s] INFO:colcon.colcon_core.shell:Creating prefix chain script '/home/shakuevda/Desktop/SAUVC/sauvc_hyadroacoustic/src/install/setup.sh'
[7.003s] INFO:colcon.colcon_core.shell:Creating prefix script '/home/shakuevda/Desktop/SAUVC/sauvc_hyadroacoustic/src/install/local_setup.bash'
[7.004s] INFO:colcon.colcon_core.shell:Creating prefix chain script '/home/shakuevda/Desktop/SAUVC/sauvc_hyadroacoustic/src/install/setup.bash'
[7.027s] INFO:colcon.colcon_core.shell:Creating prefix script '/home/shakuevda/Desktop/SAUVC/sauvc_hyadroacoustic/src/install/local_setup.zsh'
[7.028s] INFO:colcon.colcon_core.shell:Creating prefix chain script '/home/shakuevda/Desktop/SAUVC/sauvc_hyadroacoustic/src/install/setup.zsh'
