[35m[1mConsolidate compiler generated dependencies of target uart_driver_node[0m
[ 33%] [32mBuilding CXX object CMakeFiles/uart_driver_node.dir/src/uart_driver_node.cpp.o[0m
[ 66%] [32m[1mLinking CXX executable uart_driver_node[0m
[100%] Built target uart_driver_node
-- Install configuration: ""
-- Installing: /home/shakuevda/Desktop/SAUVC/sauvc_hyadroacoustic/src/install/sauvc_pinger_finder/lib/sauvc_pinger_finder/uart_driver_node
-- Set runtime path of "/home/shakuevda/Desktop/SAUVC/sauvc_hyadroacoustic/src/install/sauvc_pinger_finder/lib/sauvc_pinger_finder/uart_driver_node" to ""
-- Up-to-date: /home/shakuevda/Desktop/SAUVC/sauvc_hyadroacoustic/src/install/sauvc_pinger_finder/share/ament_index/resource_index/package_run_dependencies/sauvc_pinger_finder
-- Up-to-date: /home/shakuevda/Desktop/SAUVC/sauvc_hyadroacoustic/src/install/sauvc_pinger_finder/share/ament_index/resource_index/parent_prefix_path/sauvc_pinger_finder
-- Up-to-date: /home/shakuevda/Desktop/SAUVC/sauvc_hyadroacoustic/src/install/sauvc_pinger_finder/share/sauvc_pinger_finder/environment/ament_prefix_path.sh
-- Up-to-date: /home/shakuevda/Desktop/SAUVC/sauvc_hyadroacoustic/src/install/sauvc_pinger_finder/share/sauvc_pinger_finder/environment/ament_prefix_path.dsv
-- Up-to-date: /home/shakuevda/Desktop/SAUVC/sauvc_hyadroacoustic/src/install/sauvc_pinger_finder/share/sauvc_pinger_finder/environment/path.sh
-- Up-to-date: /home/shakuevda/Desktop/SAUVC/sauvc_hyadroacoustic/src/install/sauvc_pinger_finder/share/sauvc_pinger_finder/environment/path.dsv
-- Up-to-date: /home/shakuevda/Desktop/SAUVC/sauvc_hyadroacoustic/src/install/sauvc_pinger_finder/share/sauvc_pinger_finder/local_setup.bash
-- Up-to-date: /home/shakuevda/Desktop/SAUVC/sauvc_hyadroacoustic/src/install/sauvc_pinger_finder/share/sauvc_pinger_finder/local_setup.sh
-- Up-to-date: /home/shakuevda/Desktop/SAUVC/sauvc_hyadroacoustic/src/install/sauvc_pinger_finder/share/sauvc_pinger_finder/local_setup.zsh
-- Up-to-date: /home/shakuevda/Desktop/SAUVC/sauvc_hyadroacoustic/src/install/sauvc_pinger_finder/share/sauvc_pinger_finder/local_setup.dsv
-- Installing: /home/shakuevda/Desktop/SAUVC/sauvc_hyadroacoustic/src/install/sauvc_pinger_finder/share/sauvc_pinger_finder/package.dsv
-- Up-to-date: /home/shakuevda/Desktop/SAUVC/sauvc_hyadroacoustic/src/install/sauvc_pinger_finder/share/ament_index/resource_index/packages/sauvc_pinger_finder
-- Up-to-date: /home/shakuevda/Desktop/SAUVC/sauvc_hyadroacoustic/src/install/sauvc_pinger_finder/share/sauvc_pinger_finder/cmake/sauvc_pinger_finderConfig.cmake
-- Up-to-date: /home/shakuevda/Desktop/SAUVC/sauvc_hyadroacoustic/src/install/sauvc_pinger_finder/share/sauvc_pinger_finder/cmake/sauvc_pinger_finderConfig-version.cmake
-- Up-to-date: /home/shakuevda/Desktop/SAUVC/sauvc_hyadroacoustic/src/install/sauvc_pinger_finder/share/sauvc_pinger_finder/package.xml
